INFO: [HLS 200-0] Workspace D:/Studie/RCD/MyRepo/pynq-z1/hls/video1/solution1 opened at Sun Jan 14 22:44:59 +0100 2018
Execute     config_clock -quiet -name default -period 7 -default=false 
INFO: [SYN 201-201] Setting up clock 'default' with a period of 7ns.
Command     config_clock returned 0; 0.001 sec.
Execute     open_platform DefaultPlatform 
Command     open_platform returned 0; 0 sec.
Execute     import_lib D:/Program_Files2/Xilinx/Vivado/2017.3/common/technology/xilinx/zynq/zynq 
Execute       source D:/Program_Files2/Xilinx/Vivado/2017.3/common/technology/xilinx/common/xilinx.lib 
Execute         source D:/Program_Files2/Xilinx/Vivado/2017.3/common/technology/xilinx/interface/xilinx_interface.lib 
Execute           source D:/Program_Files2/Xilinx/Vivado/2017.3/common/technology/xilinx/interface/plb46.lib 
Command           ap_source returned 0; 0.001 sec.
Execute           source D:/Program_Files2/Xilinx/Vivado/2017.3/common/technology/xilinx/interface/fsl.lib 
Command           ap_source returned 0; 0 sec.
Execute           source D:/Program_Files2/Xilinx/Vivado/2017.3/common/technology/xilinx/interface/axi4.lib 
Command           ap_source returned 0; 0 sec.
Execute           source D:/Program_Files2/Xilinx/Vivado/2017.3/common/technology/xilinx/interface/maxi.lib 
Command           ap_source returned 0; 0 sec.
Execute           source D:/Program_Files2/Xilinx/Vivado/2017.3/common/technology/xilinx/interface/saxilite.lib 
Command           ap_source returned 0; 0.001 sec.
Command         ap_source returned 0; 0.004 sec.
Execute         source D:/Program_Files2/Xilinx/Vivado/2017.3/common/technology/xilinx/common/dsp48.lib 
Command         ap_source returned 0; 0.001 sec.
Execute         source D:/Program_Files2/Xilinx/Vivado/2017.3/common/technology/xilinx/ip/dds_compiler.lib 
Command         ap_source returned 0; 0 sec.
Execute         source D:/Program_Files2/Xilinx/Vivado/2017.3/common/technology/xilinx/ip/xfft.lib 
Command         ap_source returned 0; 0 sec.
Execute         source D:/Program_Files2/Xilinx/Vivado/2017.3/common/technology/xilinx/ip/xfir.lib 
Command         ap_source returned 0; 0.001 sec.
Command       ap_source returned 0; 0.012 sec.
Execute       source D:/Program_Files2/Xilinx/Vivado/2017.3/common/technology/xilinx/common/xilinx_old.lib 
Command       ap_source returned 0; 0.001 sec.
Execute       source D:/Program_Files2/Xilinx/Vivado/2017.3/common/technology/xilinx/common/xilinx_vivado.lib 
Command       ap_source returned 0; 0.002 sec.
Execute       source D:/Program_Files2/Xilinx/Vivado/2017.3/common/technology/xilinx/common/xilinx.hlp 
Execute         source D:/Program_Files2/Xilinx/Vivado/2017.3/common/technology/xilinx/common/target_info.tcl 
Command         ap_source returned 0; 0 sec.
Execute         source D:/Program_Files2/Xilinx/Vivado/2017.3/common/technology/xilinx/interface/xilinx_interface.hlp 
Execute           source D:/Program_Files2/Xilinx/Vivado/2017.3/common/technology/xilinx/interface/maxi.hlp 
Command           ap_source returned 0; 0.001 sec.
Execute           source D:/Program_Files2/Xilinx/Vivado/2017.3/common/technology/xilinx/interface/saxilite.hlp 
Command           ap_source returned 0; 0 sec.
Command         ap_source returned 0; 0.001 sec.
Execute         source D:/Program_Files2/Xilinx/Vivado/2017.3/common/technology/xilinx/common/dsp48.hlp 
Command         ap_source returned 0; 0.002 sec.
Command       ap_source returned 0; 0.01 sec.
Execute       source D:/Program_Files2/Xilinx/Vivado/2017.3/common/technology/xilinx/zynq/dsp48e1.hlp 
Command       ap_source returned 0; 0 sec.
Execute       get_default_platform 
Command       get_default_platform returned 0; 0 sec.
Execute       config_chip_info -quiet -resource  {SLICE 13300}  {LUT 53200}     {FF 106400} {DSP48E 220}   {BRAM 280}  
Command       config_chip_info returned 0; 0 sec.
Execute       config_chip_info -quiet -speed medium 
Command       config_chip_info returned 0; 0 sec.
Execute       source D:/Program_Files2/Xilinx/Vivado/2017.3/common/technology/xilinx/common/xilinx.hlp 
Execute         source D:/Program_Files2/Xilinx/Vivado/2017.3/common/technology/xilinx/common/target_info.tcl 
Command         ap_source returned 0; 0.044 sec.
Execute         source D:/Program_Files2/Xilinx/Vivado/2017.3/common/technology/xilinx/interface/xilinx_interface.hlp 
Execute           source D:/Program_Files2/Xilinx/Vivado/2017.3/common/technology/xilinx/interface/maxi.hlp 
Command           ap_source returned 0; 0.001 sec.
Execute           source D:/Program_Files2/Xilinx/Vivado/2017.3/common/technology/xilinx/interface/saxilite.hlp 
Command           ap_source returned 0; 0 sec.
Command         ap_source returned 0; 0.001 sec.
Execute         source D:/Program_Files2/Xilinx/Vivado/2017.3/common/technology/xilinx/common/dsp48.hlp 
Command         ap_source returned 0; 0.001 sec.
Command       ap_source returned 0; 0.049 sec.
Command     import_lib returned 0; 0.083 sec.
Execute     source D:/Program_Files2/Xilinx/Vivado/2017.3/common/technology/xilinx/zynq/zynq.gen 
Execute       source D:/Program_Files2/Xilinx/Vivado/2017.3/common/technology/xilinx/common/virtex.gen 
Execute         source D:/Program_Files2/Xilinx/Vivado/2017.3/common/technology/xilinx/common/xilinx.gen 
Execute           source D:/Program_Files2/Xilinx/Vivado/2017.3/common/technology/xilinx/interface/plb46.gen 
Command           ap_source returned 0; 0.002 sec.
Execute           source D:/Program_Files2/Xilinx/Vivado/2017.3/common/technology/xilinx/interface/fsl.gen 
Command           ap_source returned 0; 0 sec.
Execute           source D:/Program_Files2/Xilinx/Vivado/2017.3/common/technology/xilinx/interface/axi4.gen 
Command           ap_source returned 0; 0.002 sec.
Execute           source D:/Program_Files2/Xilinx/Vivado/2017.3/common/technology/xilinx/interface/nativeAXI4.gen 
Execute             source D:/Program_Files2/Xilinx/Vivado/2017.3/common/technology/xilinx/interface/saxilite.gen 
Command             ap_source returned 0; 0.004 sec.
Execute             source D:/Program_Files2/Xilinx/Vivado/2017.3/common/technology/xilinx/interface/maxi.gen 
Command             ap_source returned 0; 0.007 sec.
Command           ap_source returned 0; 0.011 sec.
Execute           source D:/Program_Files2/Xilinx/Vivado/2017.3/common/technology/xilinx/scripts/xilinxcoregen.gen 
Command           ap_source returned 0; 0.013 sec.
Execute           source D:/Program_Files2/Xilinx/Vivado/2017.3/common/technology/xilinx/interface/XilEDKCoreGen.gen 
Command           ap_source returned 0; 0.008 sec.
Execute           source D:/Program_Files2/Xilinx/Vivado/2017.3/common/technology/xilinx/ip/dds_compiler.gen 
Command           ap_source returned 0; 0.003 sec.
Execute           source D:/Program_Files2/Xilinx/Vivado/2017.3/common/technology/xilinx/ip/util.gen 
Command           ap_source returned 0; 0.001 sec.
Execute           source D:/Program_Files2/Xilinx/Vivado/2017.3/common/technology/xilinx/ip/xfft.gen 
Command           ap_source returned 0; 0.102 sec.
Execute           source D:/Program_Files2/Xilinx/Vivado/2017.3/common/technology/xilinx/ip/xfir.gen 
Command           ap_source returned 0; 0.001 sec.
Command         ap_source returned 0; 0.145 sec.
Execute         source D:/Program_Files2/Xilinx/Vivado/2017.3/common/technology/xilinx/common/dsp48.gen 
Command         ap_source returned 0; 0.001 sec.
Command       ap_source returned 0; 0.149 sec.
Command     ap_source returned 0; 0.149 sec.
Execute     open_platform DefaultPlatform 
Command     open_platform returned 0; 0 sec.
Execute     import_lib D:/Program_Files2/Xilinx/Vivado/2017.3/common/technology/xilinx/zynq/zynq_fpv6 
Execute       source D:/Program_Files2/Xilinx/Vivado/2017.3/common/technology/xilinx/common/xilinx_fpv7.lib 
Execute         source D:/Program_Files2/Xilinx/Vivado/2017.3/common/technology/xilinx/common/xilinx_hp.lib 
Command         ap_source returned 0; 0 sec.
Command       ap_source returned 0; 0.004 sec.
Execute       source D:/Program_Files2/Xilinx/Vivado/2017.3/common/technology/xilinx/common/xilinx_fpv.hlp 
Execute         source D:/Program_Files2/Xilinx/Vivado/2017.3/common/technology/xilinx/common/xilinx.hlp 
Execute           source D:/Program_Files2/Xilinx/Vivado/2017.3/common/technology/xilinx/common/target_info.tcl 
Command           ap_source returned 0; 0.042 sec.
Execute           source D:/Program_Files2/Xilinx/Vivado/2017.3/common/technology/xilinx/interface/xilinx_interface.hlp 
Execute             source D:/Program_Files2/Xilinx/Vivado/2017.3/common/technology/xilinx/interface/maxi.hlp 
Command             ap_source returned 0; 0 sec.
Execute             source D:/Program_Files2/Xilinx/Vivado/2017.3/common/technology/xilinx/interface/saxilite.hlp 
Command             ap_source returned 0; 0 sec.
Command           ap_source returned 0; 0.001 sec.
Execute           source D:/Program_Files2/Xilinx/Vivado/2017.3/common/technology/xilinx/common/dsp48.hlp 
Command           ap_source returned 0; 0.002 sec.
Command         ap_source returned 0; 0.047 sec.
Command       ap_source returned 0; 0.047 sec.
Execute       source D:/Program_Files2/Xilinx/Vivado/2017.3/common/technology/xilinx/zynq/zynq_hp.hlp 
Command       ap_source returned 0; 0.002 sec.
Command     import_lib returned 0; 0.064 sec.
Execute     source D:/Program_Files2/Xilinx/Vivado/2017.3/common/technology/xilinx/zynq/zynq_fpv6.gen 
Execute       source D:/Program_Files2/Xilinx/Vivado/2017.3/common/technology/xilinx/common/xilinx_fpv6.gen 
Command       ap_source returned 0; 0.002 sec.
Command     ap_source returned 0; 0.003 sec.
Execute     set_part xc7z020clg400-1 
Execute       add_library xilinx/zynq/zynq:xc7z020:clg400:-1 
Execute         get_default_platform 
Command         get_default_platform returned 0; 0 sec.
Execute         license_isbetapart xc7z020 
Command         license_isbetapart returned 1; 0.014 sec.
Execute         get_default_platform 
Command         get_default_platform returned 0; 0 sec.
Execute         config_chip_info -quiet -resource  {SLICE 13300}  {LUT 53200}     {FF 106400} {DSP48E 220}   {BRAM 280}  
Command         config_chip_info returned 0; 0 sec.
Execute         config_chip_info -quiet -speed slow 
Command         config_chip_info returned 0; 0 sec.
Command       add_library returned 0; 0.017 sec.
Execute       add_library xilinx/zynq/zynq_fpv6 
Execute         get_default_platform 
Command         get_default_platform returned 0; 0 sec.
Command       add_library returned 0; 0.001 sec.
INFO: [HLS 200-10] Setting target device to 'xc7z020clg400-1'
Execute       get_default_platform 
Command       get_default_platform returned 0; 0 sec.
Command     set_part returned 0; 0.052 sec.
Execute     get_default_platform 
Command     get_default_platform returned 0; 0 sec.
Execute     config_chip_info -quiet -resource  {SLICE 13300}  {LUT 53200}     {FF 106400} {DSP48E 220}   {BRAM 280}  
Command     config_chip_info returned 0; 0 sec.
Execute     config_chip_info -quiet -speed slow 
Command     config_chip_info returned 0; 0 sec.
Command   open_solution returned 0; 0.423 sec.
Execute   set_part xc7z020clg400-1 -tool vivado 
Execute     add_library xilinx/zynq/zynq:xc7z020:clg400:-1 
Execute       get_default_platform 
Command       get_default_platform returned 0; 0 sec.
Execute       license_isbetapart xc7z020 
Command       license_isbetapart returned 1; 0 sec.
Execute       get_default_platform 
Command       get_default_platform returned 0; 0 sec.
Execute       config_chip_info -quiet -resource  {SLICE 13300}  {LUT 53200}     {FF 106400} {DSP48E 220}   {BRAM 280}  
Command       config_chip_info returned 0; 0 sec.
Execute       config_chip_info -quiet -speed slow 
Command       config_chip_info returned 0; 0 sec.
Command     add_library returned 0; 0.003 sec.
Execute     add_library xilinx/zynq/zynq_fpv6 
Execute       get_default_platform 
Command       get_default_platform returned 0; 0 sec.
Command     add_library returned 0; 0.001 sec.
Execute     get_default_platform 
Command     get_default_platform returned 0; 0 sec.
Command   set_part returned 0; 0.036 sec.
Execute   create_clock -period 7 -name default 
Command   create_clock returned 0; 0.001 sec.
Execute   csynth_design 
Execute     elaborate -effort=medium -skip_syncheck=0 -keep_printf=0 -lm=0 -skip_cdt=0 -skip_transform=0 -ng=0 -g=0 -opt_fp=0 -enable_clang39=0 
INFO: [HLS 200-10] Analyzing design file '../../../PYNQ/PYNQ/hls/video1/main.cpp' ... 
INFO: [HLS 200-0] Compiling one TU...
Execute       is_m_axi_addr64 
Command       is_m_axi_addr64 returned 0; 0 sec.
INFO: [HLS 200-0] Handling ../../../PYNQ/PYNQ/hls/video1/main.cpp as C++
Execute       get_default_platform 
Command       get_default_platform returned 0; 0 sec.
INFO: [HLS 200-0] Syntax Checking before pre-processing...
Execute       clang  -fno-limit-debug-info -gcc-toolchain "D:/Program_Files2/Xilinx/Vivado/2017.3/msys" -hls    -fno-math-errno -c -emit-llvm -O0  -mllvm -disable-llvm-optzns -fno-threadsafe-statics  -fno-use-cxa-atexit  -fno-threadsafe-statics -fno-use-cxa-atexit -D__CLANG_3_1__ -D__cdecl=   -I "D:/Program_Files2/Xilinx/Vivado/2017.3/win64/tools/systemc/include" -I "D:/Program_Files2/Xilinx/Vivado/2017.3/include" -I "D:/Program_Files2/Xilinx/Vivado/2017.3/include/ap_sysc" -fexceptions -I "D:/Program_Files2/Xilinx/Vivado/2017.3/common/technology/autopilot" -include etc/autopilot_ssdm_op.h -D__DSP48E1__ "../../../PYNQ/PYNQ/hls/video1/main.cpp"  -o "D:/Studie/RCD/MyRepo/pynq-z1/hls/video1/solution1/.autopilot/db/main.pp.00.o" 
INFO: [HLS 200-0] exec clang -fno-limit-debug-info -gcc-toolchain D:/Program_Files2/Xilinx/Vivado/2017.3/msys -hls -fno-math-errno -c -emit-llvm -O0 -mllvm -disable-llvm-optzns -fno-threadsafe-statics -fno-use-cxa-atexit -fno-threadsafe-statics -fno-use-cxa-atexit -D__CLANG_3_1__ -D__cdecl= -I D:/Program_Files2/Xilinx/Vivado/2017.3/win64/tools/systemc/include -I D:/Program_Files2/Xilinx/Vivado/2017.3/include -I D:/Program_Files2/Xilinx/Vivado/2017.3/include/ap_sysc -fexceptions -I D:/Program_Files2/Xilinx/Vivado/2017.3/common/technology/autopilot -include etc/autopilot_ssdm_op.h -D__DSP48E1__ ../../../PYNQ/PYNQ/hls/video1/main.cpp -o D:/Studie/RCD/MyRepo/pynq-z1/hls/video1/solution1/.autopilot/db/main.pp.00.o
WARNING: [HLS 200-40] In file included from ../../../PYNQ/PYNQ/hls/video1/main.cpp:1:
In file included from ../../../PYNQ/PYNQ/hls/video1/main.h:2:
In file included from D:/Program_Files2/Xilinx/Vivado/2017.3/include\hls_video.h:56:
D:/Program_Files2/Xilinx/Vivado/2017.3/include/hls/hls_video_mem.h:621:1: error: declaration of anonymous class must be a definition
class #include <hls_stream.h>
^
D:/Program_Files2/Xilinx/Vivado/2017.3/include/hls/hls_video_mem.h:621:1: warning: declaration does not declare anything [-Wmissing-declarations]
class #include <hls_stream.h>
^~~~~
D:/Program_Files2/Xilinx/Vivado/2017.3/include/hls/hls_video_mem.h:658:6: error: redefinition of 'stream' as different kind of symbol
void stream( pixel_stream_in &src, pixel_stream_out &dst, uint8_t kernel, uint8_t normalfactor, uint8_t channelselector);
     ^
D:/Program_Files2/Xilinx/Vivado/2017.3/include\hls_stream.h:98:7: note: previous definition is here
class stream
      ^
In file included from ../../../PYNQ/PYNQ/hls/video1/main.cpp:1:
In file included from ../../../PYNQ/PYNQ/hls/video1/main.h:2:
In file included from D:/Program_Files2/Xilinx/Vivado/2017.3/include\hls_video.h:56:
D:/Program_Files2/Xilinx/Vivado/2017.3/include/hls/hls_video_mem.h:661:92: error: expected unqualified-id
                short kernel[KERNEL_SIZE*KERNEL_SIZE], hls::Window<KERNEL_SIZE,KERNEL_SIZE,short> *win); {
                                                                                                         ^
D:/Program_Files2/Xilinx/Vivado/2017.3/include/hls/hls_video_mem.h:716:74: error: nested name specifier 'LineBuffer<ROWS, COLS, T>::' for declaration does not refer into a class, class template or class template partial specialization
template<int ROWS, int COLS, typename T> void LineBuffer<ROWS, COLS, T>::shift_pixels_down(int col) {
                                              ~~~~~~~~~~~~~~~~~~~~~~~~~~~^
D:/Program_Files2/Xilinx/Vivado/2017.3/include/hls/hls_video_mem.h:718:12: error: use of undeclared identifier 'col'
    assert(col >= 0 && col < COLS);
           ^
D:/Program_Files2/Xilinx/Vivado/2017.3/win64/tools/clang/bin/../lib/clang/3.1/../../../x86_64-w64-mingw32/include\assert.h:67:7: note: expanded from macro 'assert'
 ((!!(_Expression)) || \
      ^
In file included from ../../../PYNQ/PYNQ/hls/video1/main.cpp:1:
In file included from ../../../PYNQ/PYNQ/hls/video1/main.h:2:
In file included from D:/Program_Files2/Xilinx/Vivado/2017.3/include\hls_video.h:56:
D:/Program_Files2/Xilinx/Vivado/2017.3/include/hls/hls_video_mem.h:718:24: error: use of undeclared identifier 'col'
    assert(col >= 0 && col < COLS);
                       ^
D:/Program_Files2/Xilinx/Vivado/2017.3/win64/tools/clang/bin/../lib/clang/3.1/../../../x86_64-w64-mingw32/include\assert.h:67:7: note: expanded from macro 'assert'
 ((!!(_Expression)) || \
      ^
In file included from ../../../PYNQ/PYNQ/hls/video1/main.cpp:1:
In file included from ../../../PYNQ/PYNQ/hls/video1/main.h:2:
In file included from D:/Program_Files2/Xilinx/Vivado/2017.3/include\hls_video.h:56:
D:/Program_Files2/Xilinx/Vivado/2017.3/include/hls/hls_video_mem.h:729:9: error: use of undeclared identifier 'val'
        val[i][col] = val[i-1][col];
        ^
D:/Program_Files2/Xilinx/Vivado/2017.3/include/hls/hls_video_mem.h:729:16: error: use of undeclared identifier 'col'
        val[i][col] = val[i-1][col];
               ^
D:/Program_Files2/Xilinx/Vivado/2017.3/include/hls/hls_video_mem.h:729:23: error: use of undeclared identifier 'val'
        val[i][col] = val[i-1][col];
                      ^
D:/Program_Files2/Xilinx/Vivado/2017.3/include/hls/hls_video_mem.h:729:32: error: use of undeclared identifier 'col'
        val[i][col] = val[i-1][col];
                               ^
D:/Program_Files2/Xilinx/Vivado/2017.3/include/hls/hls_video_mem.h:756:74: error: nested name specifier 'LineBuffer<ROWS, COLS, T>::' for declaration does not refer into a class, class template or class template partial specialization
template<int ROWS, int COLS, typename T> void LineBuffer<ROWS, COLS, T>::shift_pixels_up(int col) {
                                              ~~~~~~~~~~~~~~~~~~~~~~~~~~~^
D:/Program_Files2/Xilinx/Vivado/2017.3/include/hls/hls_video_mem.h:758:12: error: use of undeclared identifier 'col'
    assert(col >= 0 && col < COLS);
           ^
D:/Program_Files2/Xilinx/Vivado/2017.3/win64/tools/clang/bin/../lib/clang/3.1/../../../x86_64-w64-mingw32/include\assert.h:67:7: note: expanded from macro 'assert'
 ((!!(_Expression)) || \
      ^
In file included from ../../../PYNQ/PYNQ/hls/video1/main.cpp:1:
In file included from ../../../PYNQ/PYNQ/hls/video1/main.h:2:
In file included from D:/Program_Files2/Xilinx/Vivado/2017.3/include\hls_video.h:56:
D:/Program_Files2/Xilinx/Vivado/2017.3/include/hls/hls_video_mem.h:758:24: error: use of undeclared identifier 'col'
    assert(col >= 0 && col < COLS);
                       ^
D:/Program_Files2/Xilinx/Vivado/2017.3/win64/tools/clang/bin/../lib/clang/3.1/../../../x86_64-w64-mingw32/include\assert.h:67:7: note: expanded from macro 'assert'
 ((!!(_Expression)) || \
      ^
In file included from ../../../PYNQ/PYNQ/hls/video1/main.cpp:1:
In file included from ../../../PYNQ/PYNQ/hls/video1/main.h:2:
In file included from D:/Program_Files2/Xilinx/Vivado/2017.3/include\hls_video.h:56:
D:/Program_Files2/Xilinx/Vivado/2017.3/include/hls/hls_video_mem.h:766:16: error: redefinition of 'i'
    HLS_SIZE_T i;
               ^
D:/Program_Files2/Xilinx/Vivado/2017.3/include/hls/hls_video_mem.h:726:16: note: previous definition is here
    HLS_SIZE_T i;
               ^
D:/Program_Files2/Xilinx/Vivado/2017.3/include/hls/hls_video_mem.h:769:9: error: use of undeclared identifier 'val'
        val[i][col] = val[i+1][col];
        ^
D:/Program_Files2/Xilinx/Vivado/2017.3/include/hls/hls_video_mem.h:769:16: error: use of undeclared identifier 'col'
        val[i][col] = val[i+1][col];
               ^
D:/Program_Files2/Xilinx/Vivado/2017.3/include/hls/hls_video_mem.h:769:23: error: use of undeclared identifier 'val'
        val[i][col] = val[i+1][col];
                      ^
D:/Program_Files2/Xilinx/Vivado/2017.3/include/hls/hls_video_mem.h:769:32: error: use of undeclared identifier 'col'
        val[i][col] = val[i+1][col];
                               ^
D:/Program_Files2/Xilinx/Vivado/2017.3/include/hls/hls_video_mem.h:795:74: error: nested name specifier 'LineBuffer<ROWS, COLS, T>::' for declaration does not refer into a class, class template or class template partial specialization
template<int ROWS, int COLS, typename T> void LineBuffer<ROWS, COLS, T>::insert_bottom_row(T value, int col) {
                                              ~~~~~~~~~~~~~~~~~~~~~~~~~~~^
fatal error: too many errors emitted, stopping now [-ferror-limit=]
1 warning and 20 errors generated.

Command       clang returned 2; 2.36 sec.
ERROR: [HLS 200-70] Compilation errors found:
Pragma processor failed: In file included from ../../../PYNQ/PYNQ/hls/video1/main.cpp:1:
In file included from ../../../PYNQ/PYNQ/hls/video1/main.h:2:
In file included from D:/Program_Files2/Xilinx/Vivado/2017.3/include\hls_video.h:56:
D:/Program_Files2/Xilinx/Vivado/2017.3/include/hls/hls_video_mem.h:621:1: error: declaration of anonymous class must be a definition
class #include <hls_stream.h>
^
D:/Program_Files2/Xilinx/Vivado/2017.3/include/hls/hls_video_mem.h:621:1: warning: declaration does not declare anything [-Wmissing-declarations]
class #include <hls_stream.h>
^~~~~
D:/Program_Files2/Xilinx/Vivado/2017.3/include/hls/hls_video_mem.h:658:6: error: redefinition of 'stream' as different kind of symbol
void stream( pixel_stream_in &src, pixel_stream_out &dst, uint8_t kernel, uint8_t normalfactor, uint8_t channelselector);
     ^
D:/Program_Files2/Xilinx/Vivado/2017.3/include\hls_stream.h:98:7: note: previous definition is here
class stream
      ^
In file included from ../../../PYNQ/PYNQ/hls/video1/main.cpp:1:
In file included from ../../../PYNQ/PYNQ/hls/video1/main.h:2:
In file included from D:/Program_Files2/Xilinx/Vivado/2017.3/include\hls_video.h:56:
D:/Program_Files2/Xilinx/Vivado/2017.3/include/hls/hls_video_mem.h:661:92: error: expected unqualified-id
                short kernel[KERNEL_SIZE*KERNEL_SIZE], hls::Window<KERNEL_SIZE,KERNEL_SIZE,short> *win); {
                                                                                                         ^
D:/Program_Files2/Xilinx/Vivado/2017.3/include/hls/hls_video_mem.h:716:74: error: nested name specifier 'LineBuffer<ROWS, COLS, T>::' for declaration does not refer into a class, class template or class template partial specialization
template<int ROWS, int COLS, typename T> void LineBuffer<ROWS, COLS, T>::shift_pixels_down(int col) {
                                              ~~~~~~~~~~~~~~~~~~~~~~~~~~~^
D:/Program_Files2/Xilinx/Vivado/2017.3/include/hls/hls_video_mem.h:718:12: error: use of undeclared identifier 'col'
    assert(col >= 0 && col < COLS);
           ^
D:/Program_Files2/Xilinx/Vivado/2017.3/win64/tools/clang/bin/../lib/clang/3.1/../../../x86_64-w64-mingw32/include\assert.h:67:7: note: expanded from macro 'assert'
 ((!!(_Expression)) || \
      ^
In file included from ../../../PYNQ/PYNQ/hls/video1/main.cpp:1:
In file included from ../../../PYNQ/PYNQ/hls/video1/main.h:2:
In file included from D:/Program_Files2/Xilinx/Vivado/2017.3/include\hls_video.h:56:
D:/Program_Files2/Xilinx/Vivado/2017.3/include/hls/hls_video_mem.h:718:24: error: use of undeclared identifier 'col'
    assert(col >= 0 && col < COLS);
                       ^
D:/Program_Files2/Xilinx/Vivado/2017.3/win64/tools/clang/bin/../lib/clang/3.1/../../../x86_64-w64-mingw32/include\assert.h:67:7: note: expanded from macro 'assert'
 ((!!(_Expression)) || \
      ^
In file included from ../../../PYNQ/PYNQ/hls/video1/main.cpp:1:
In file included from ../../../PYNQ/PYNQ/hls/video1/main.h:2:
In file included from D:/Program_Files2/Xilinx/Vivado/2017.3/include\hls_video.h:56:
D:/Program_Files2/Xilinx/Vivado/2017.3/include/hls/hls_video_mem.h:729:9: error: use of undeclared identifier 'val'
        val[i][col] = val[i-1][col];
        ^
D:/Program_Files2/Xilinx/Vivado/2017.3/include/hls/hls_video_mem.h:729:16: error: use of undeclared identifier 'col'
        val[i][col] = val[i-1][col];
               ^
D:/Program_Files2/Xilinx/Vivado/2017.3/include/hls/hls_video_mem.h:729:23: error: use of undeclared identifier 'val'
        val[i][col] = val[i-1][col];
                      ^
D:/Program_Files2/Xilinx/Vivado/2017.3/include/hls/hls_video_mem.h:729:32: error: use of undeclared identifier 'col'
        val[i][col] = val[i-1][col];
                               ^
D:/Program_Files2/Xilinx/Vivado/2017.3/include/hls/hls_video_mem.h:756:74: error: nested name specifier 'LineBuffer<ROWS, COLS, T>::' for declaration does not refer into a class, class template or class template partial specialization
template<int ROWS, int COLS, typename T> void LineBuffer<ROWS, COLS, T>::shift_pixels_up(int col) {
                                              ~~~~~~~~~~~~~~~~~~~~~~~~~~~^
D:/Program_Files2/Xilinx/Vivado/2017.3/include/hls/hls_video_mem.h:758:12: error: use of undeclared identifier 'col'
    assert(col >= 0 && col < COLS);
           ^
D:/Program_Files2/Xilinx/Vivado/2017.3/win64/tools/clang/bin/../lib/clang/3.1/../../../x86_64-w64-mingw32/include\assert.h:67:7: note: expanded from macro 'assert'
 ((!!(_Expression)) || \
      ^
In file included from ../../../PYNQ/PYNQ/hls/video1/main.cpp:1:
In file included from ../../../PYNQ/PYNQ/hls/video1/main.h:2:
In file included from D:/Program_Files2/Xilinx/Vivado/2017.3/include\hls_video.h:56:
D:/Program_Files2/Xilinx/Vivado/2017.3/include/hls/hls_video_mem.h:758:24: error: use of undeclared identifier 'col'
    assert(col >= 0 && col < COLS);
                       ^
D:/Program_Files2/Xilinx/Vivado/2017.3/win64/tools/clang/bin/../lib/clang/3.1/../../../x86_64-w64-mingw32/include\assert.h:67:7: note: expanded from macro 'assert'
 ((!!(_Expression)) || \
      ^
In file included from ../../../PYNQ/PYNQ/hls/video1/main.cpp:1:
In file included from ../../../PYNQ/PYNQ/hls/video1/main.h:2:
In file included from D:/Program_Files2/Xilinx/Vivado/2017.3/include\hls_video.h:56:
D:/Program_Files2/Xilinx/Vivado/2017.3/include/hls/hls_video_mem.h:766:16: error: redefinition of 'i'
    HLS_SIZE_T i;
               ^
D:/Program_Files2/Xilinx/Vivado/2017.3/include/hls/hls_video_mem.h:726:16: note: previous definition is here
    HLS_SIZE_T i;
               ^
D:/Program_Files2/Xilinx/Vivado/2017.3/include/hls/hls_video_mem.h:769:9: error: use of undeclared identifier 'val'
        val[i][col] = val[i+1][col];
        ^
D:/Program_Files2/Xilinx/Vivado/2017.3/include/hls/hls_video_mem.h:769:16: error: use of undeclared identifier 'col'
        val[i][col] = val[i+1][col];
               ^
D:/Program_Files2/Xilinx/Vivado/2017.3/include/hls/hls_video_mem.h:769:23: error: use of undeclared identifier 'val'
        val[i][col] = val[i+1][col];
                      ^
D:/Program_Files2/Xilinx/Vivado/2017.3/include/hls/hls_video_mem.h:769:32: error: use of undeclared identifier 'col'
        val[i][col] = val[i+1][col];
                               ^
D:/Program_Files2/Xilinx/Vivado/2017.3/include/hls/hls_video_mem.h:795:74: error: nested name specifier 'LineBuffer<ROWS, COLS, T>::' for declaration does not refer into a class, class template or class template partial specialization
template<int ROWS, int COLS, typename T> void LineBuffer<ROWS, COLS, T>::insert_bottom_row(T value, int col) {
                                              ~~~~~~~~~~~~~~~~~~~~~~~~~~~^
fatal error: too many errors emitted, stopping now [-ferror-limit=]
1 warning and 20 errors generated.
Command     elaborate returned 2; 2.463 sec.
Command   csynth_design returned 2; 2.499 sec.
Command ap_source returned 1; 2.976 sec.
Failed checking during preprocessing.
    while executing
"source D:/Studie/RCD/MyRepo/pynq-z1/hls/video1/solution1/csynth.tcl"
    invoked from within
"hls::main D:/Studie/RCD/MyRepo/pynq-z1/hls/video1/solution1/csynth.tcl"
    ("uplevel" body line 1)
    invoked from within
"uplevel 1 hls::main {*}$args"
    (procedure "hls_proc" line 5)
    invoked from within
"hls_proc $argv"
Execute cleanup_all 
Command cleanup_all returned 0; 0 sec.
