Copyright 1986-2017 Xilinx, Inc. All Rights Reserved.
------------------------------------------------------------------------------------
| Tool Version : Vivado v.2017.3 (win64) Build 2018833 Wed Oct  4 19:58:22 MDT 2017
| Date         : Sat Dec 23 02:27:35 2017
| Host         : Chill running 64-bit major release  (build 9200)
| Command      : upgrade_ip
| Device       : xc7z020clg400-1
------------------------------------------------------------------------------------

Upgrade Log for IP 'system_stream_0_0'

1. Summary
----------

SUCCESS in the upgrade of system_stream_0_0 (xilinx.com:hls:stream:1.0) from (Rev. 1712230208) to (Rev. 1712230223)






Copyright 1986-2017 Xilinx, Inc. All Rights Reserved.
------------------------------------------------------------------------------------
| Tool Version : Vivado v.2017.3 (win64) Build 2018833 Wed Oct  4 19:58:22 MDT 2017
| Date         : Sat Dec 23 02:27:35 2017
| Host         : Chill running 64-bit major release  (build 9200)
| Command      : upgrade_ip
| Device       : xc7z020clg400-1
------------------------------------------------------------------------------------

Upgrade Log for IP 'stream_0'

1. Summary
----------

SUCCESS in the upgrade of stream_0 (xilinx.com:hls:stream:1.0) from (Rev. 1712230208) to (Rev. 1712230223)






Copyright 1986-2017 Xilinx, Inc. All Rights Reserved.
------------------------------------------------------------------------------------
| Tool Version : Vivado v.2017.3 (win64) Build 2018833 Wed Oct  4 19:58:22 MDT 2017
| Date         : Sat Dec 23 02:09:23 2017
| Host         : Chill running 64-bit major release  (build 9200)
| Command      : upgrade_ip
| Device       : xc7z020clg400-1
------------------------------------------------------------------------------------

Upgrade Log for IP 'system_stream_0_0'

1. Summary
----------

SUCCESS in the upgrade of system_stream_0_0 (xilinx.com:hls:stream:1.0) from (Rev. 1712230143) to (Rev. 1712230208)






Copyright 1986-2017 Xilinx, Inc. All Rights Reserved.
------------------------------------------------------------------------------------
| Tool Version : Vivado v.2017.3 (win64) Build 2018833 Wed Oct  4 19:58:22 MDT 2017
| Date         : Sat Dec 23 02:09:23 2017
| Host         : Chill running 64-bit major release  (build 9200)
| Command      : upgrade_ip
| Device       : xc7z020clg400-1
------------------------------------------------------------------------------------

Upgrade Log for IP 'stream_0'

1. Summary
----------

SUCCESS in the upgrade of stream_0 (xilinx.com:hls:stream:1.0) from (Rev. 1712230143) to (Rev. 1712230208)






Copyright 1986-2017 Xilinx, Inc. All Rights Reserved.
------------------------------------------------------------------------------------
| Tool Version : Vivado v.2017.3 (win64) Build 2018833 Wed Oct  4 19:58:22 MDT 2017
| Date         : Sat Dec 23 01:43:41 2017
| Host         : Chill running 64-bit major release  (build 9200)
| Command      : upgrade_ip
| Device       : xc7z020clg400-1
------------------------------------------------------------------------------------

Upgrade Log for IP 'system_stream_0_0'

1. Summary
----------

SUCCESS in the upgrade of system_stream_0_0 (xilinx.com:hls:stream:1.0) from (Rev. 1712230122) to (Rev. 1712230143)






Copyright 1986-2017 Xilinx, Inc. All Rights Reserved.
------------------------------------------------------------------------------------
| Tool Version : Vivado v.2017.3 (win64) Build 2018833 Wed Oct  4 19:58:22 MDT 2017
| Date         : Sat Dec 23 01:43:41 2017
| Host         : Chill running 64-bit major release  (build 9200)
| Command      : upgrade_ip
| Device       : xc7z020clg400-1
------------------------------------------------------------------------------------

Upgrade Log for IP 'stream_0'

1. Summary
----------

SUCCESS in the upgrade of stream_0 (xilinx.com:hls:stream:1.0) from (Rev. 1712230122) to (Rev. 1712230143)






Copyright 1986-2017 Xilinx, Inc. All Rights Reserved.
------------------------------------------------------------------------------------
| Tool Version : Vivado v.2017.3 (win64) Build 2018833 Wed Oct  4 19:58:22 MDT 2017
| Date         : Sat Dec 23 01:23:21 2017
| Host         : Chill running 64-bit major release  (build 9200)
| Command      : upgrade_ip
| Device       : xc7z020clg400-1
------------------------------------------------------------------------------------

Upgrade Log for IP 'system_stream_0_0'

1. Summary
----------

SUCCESS in the upgrade of system_stream_0_0 (xilinx.com:hls:stream:1.0) from (Rev. 1712230053) to (Rev. 1712230122)






Copyright 1986-2017 Xilinx, Inc. All Rights Reserved.
------------------------------------------------------------------------------------
| Tool Version : Vivado v.2017.3 (win64) Build 2018833 Wed Oct  4 19:58:22 MDT 2017
| Date         : Sat Dec 23 01:23:21 2017
| Host         : Chill running 64-bit major release  (build 9200)
| Command      : upgrade_ip
| Device       : xc7z020clg400-1
------------------------------------------------------------------------------------

Upgrade Log for IP 'stream_0'

1. Summary
----------

SUCCESS in the upgrade of stream_0 (xilinx.com:hls:stream:1.0) from (Rev. 1712230053) to (Rev. 1712230122)






Copyright 1986-2017 Xilinx, Inc. All Rights Reserved.
------------------------------------------------------------------------------------
| Tool Version : Vivado v.2017.3 (win64) Build 2018833 Wed Oct  4 19:58:22 MDT 2017
| Date         : Sat Dec 23 01:01:16 2017
| Host         : Chill running 64-bit major release  (build 9200)
| Command      : upgrade_ip
| Device       : xc7z020clg400-1
------------------------------------------------------------------------------------

Upgrade Log for IP 'system_stream_0_0'

1. Summary
----------

SUCCESS in the upgrade of system_stream_0_0 (xilinx.com:hls:stream:1.0) from (Rev. 1712230037) to (Rev. 1712230053)






Copyright 1986-2017 Xilinx, Inc. All Rights Reserved.
------------------------------------------------------------------------------------
| Tool Version : Vivado v.2017.3 (win64) Build 2018833 Wed Oct  4 19:58:22 MDT 2017
| Date         : Sat Dec 23 01:01:15 2017
| Host         : Chill running 64-bit major release  (build 9200)
| Command      : upgrade_ip
| Device       : xc7z020clg400-1
------------------------------------------------------------------------------------

Upgrade Log for IP 'stream_0'

1. Summary
----------

SUCCESS in the upgrade of stream_0 (xilinx.com:hls:stream:1.0) from (Rev. 1712230037) to (Rev. 1712230053)






Copyright 1986-2017 Xilinx, Inc. All Rights Reserved.
------------------------------------------------------------------------------------
| Tool Version : Vivado v.2017.3 (win64) Build 2018833 Wed Oct  4 19:58:22 MDT 2017
| Date         : Sat Dec 23 00:38:00 2017
| Host         : Chill running 64-bit major release  (build 9200)
| Command      : upgrade_ip
| Device       : xc7z020clg400-1
------------------------------------------------------------------------------------

Upgrade Log for IP 'system_stream_0_0'

1. Summary
----------

SUCCESS in the upgrade of system_stream_0_0 (xilinx.com:hls:stream:1.0) from (Rev. 1712222346) to (Rev. 1712230037)






Copyright 1986-2017 Xilinx, Inc. All Rights Reserved.
------------------------------------------------------------------------------------
| Tool Version : Vivado v.2017.3 (win64) Build 2018833 Wed Oct  4 19:58:22 MDT 2017
| Date         : Sat Dec 23 00:37:59 2017
| Host         : Chill running 64-bit major release  (build 9200)
| Command      : upgrade_ip
| Device       : xc7z020clg400-1
------------------------------------------------------------------------------------

Upgrade Log for IP 'stream_0'

1. Summary
----------

SUCCESS in the upgrade of stream_0 (xilinx.com:hls:stream:1.0) from (Rev. 1712222346) to (Rev. 1712230037)






Copyright 1986-2017 Xilinx, Inc. All Rights Reserved.
------------------------------------------------------------------------------------
| Tool Version : Vivado v.2017.3 (win64) Build 2018833 Wed Oct  4 19:58:22 MDT 2017
| Date         : Fri Dec 22 23:47:30 2017
| Host         : Chill running 64-bit major release  (build 9200)
| Command      : upgrade_ip
| Device       : xc7z020clg400-1
------------------------------------------------------------------------------------

Upgrade Log for IP 'system_stream_0_0'

1. Summary
----------

SUCCESS in the upgrade of system_stream_0_0 (xilinx.com:hls:stream:1.0) from (Rev. 1712200014) to (Rev. 1712222346)






Copyright 1986-2017 Xilinx, Inc. All Rights Reserved.
------------------------------------------------------------------------------------
| Tool Version : Vivado v.2017.3 (win64) Build 2018833 Wed Oct  4 19:58:22 MDT 2017
| Date         : Fri Dec 22 23:47:29 2017
| Host         : Chill running 64-bit major release  (build 9200)
| Command      : upgrade_ip
| Device       : xc7z020clg400-1
------------------------------------------------------------------------------------

Upgrade Log for IP 'stream_0'

1. Summary
----------

SUCCESS in the upgrade of stream_0 (xilinx.com:hls:stream:1.0) from (Rev. 1712200014) to (Rev. 1712222346)






Copyright 1986-2017 Xilinx, Inc. All Rights Reserved.
------------------------------------------------------------------------------------
| Tool Version : Vivado v.2017.3 (win64) Build 2018833 Wed Oct  4 19:58:22 MDT 2017
| Date         : Fri Dec 22 23:19:30 2017
| Host         : Chill running 64-bit major release  (build 9200)
| Command      : upgrade_ip
| Device       : xc7z020clg400-1
------------------------------------------------------------------------------------

Upgrade Log for IP 'system_stream_0_0'

1. Summary
----------

CAUTION (success, with warnings) in the upgrade of system_stream_0_0 (xilinx.com:hls:stream:1.0) from (Rev. 1712220212) to (Rev. 1712200014)

After upgrade, an IP may have parameter and port differences compared to the original customization. Please review the parameters within the IP customization GUI to ensure proper functionality. Also, please review the updated IP instantiation template to ensure proper connectivity, and update your design if required.

2. Interface Information
------------------------

Detected external interface differences while upgrading 'system_stream_0_0'.


-Upgrade has added interface 's_axi_AXILiteS' (xilinx.com:interface:aximm:1.0)


3. Connection Warnings
----------------------

Detected external port differences while upgrading 'system_stream_0_0'. These changes may impact your design.


-Upgrade has added port 's_axi_AXILiteS_ARADDR'

-Upgrade has added port 's_axi_AXILiteS_ARREADY'

-Upgrade has added port 's_axi_AXILiteS_ARVALID'

-Upgrade has added port 's_axi_AXILiteS_AWADDR'

-Upgrade has added port 's_axi_AXILiteS_AWREADY'

-Upgrade has added port 's_axi_AXILiteS_AWVALID'

-Upgrade has added port 's_axi_AXILiteS_BREADY'

-Upgrade has added port 's_axi_AXILiteS_BRESP'

-Upgrade has added port 's_axi_AXILiteS_BVALID'

-Upgrade has added port 's_axi_AXILiteS_RDATA'

-Upgrade has added port 's_axi_AXILiteS_RREADY'

-Upgrade has added port 's_axi_AXILiteS_RRESP'

-Upgrade has added port 's_axi_AXILiteS_RVALID'

-Upgrade has added port 's_axi_AXILiteS_WDATA'

-Upgrade has added port 's_axi_AXILiteS_WREADY'

-Upgrade has added port 's_axi_AXILiteS_WSTRB'

-Upgrade has added port 's_axi_AXILiteS_WVALID'







Copyright 1986-2017 Xilinx, Inc. All Rights Reserved.
------------------------------------------------------------------------------------
| Tool Version : Vivado v.2017.3 (win64) Build 2018833 Wed Oct  4 19:58:22 MDT 2017
| Date         : Fri Dec 22 23:19:21 2017
| Host         : Chill running 64-bit major release  (build 9200)
| Command      : upgrade_ip
| Device       : xc7z020clg400-1
------------------------------------------------------------------------------------

Upgrade Log for IP 'stream_0'

1. Summary
----------

CAUTION (success, with warnings) in the upgrade of stream_0 (xilinx.com:hls:stream:1.0) from (Rev. 1712220212) to (Rev. 1712200014)

After upgrade, an IP may have parameter and port differences compared to the original customization. Please review the parameters within the IP customization GUI to ensure proper functionality. Also, please review the updated IP instantiation template to ensure proper connectivity, and update your design if required.

2. Interface Information
------------------------

Detected external interface differences while upgrading 'stream_0'.


-Upgrade has added interface 's_axi_AXILiteS' (xilinx.com:interface:aximm:1.0)


3. Connection Warnings
----------------------

Detected external port differences while upgrading 'stream_0'. These changes may impact your design.


-Upgrade has added port 's_axi_AXILiteS_ARADDR'

-Upgrade has added port 's_axi_AXILiteS_ARREADY'

-Upgrade has added port 's_axi_AXILiteS_ARVALID'

-Upgrade has added port 's_axi_AXILiteS_AWADDR'

-Upgrade has added port 's_axi_AXILiteS_AWREADY'

-Upgrade has added port 's_axi_AXILiteS_AWVALID'

-Upgrade has added port 's_axi_AXILiteS_BREADY'

-Upgrade has added port 's_axi_AXILiteS_BRESP'

-Upgrade has added port 's_axi_AXILiteS_BVALID'

-Upgrade has added port 's_axi_AXILiteS_RDATA'

-Upgrade has added port 's_axi_AXILiteS_RREADY'

-Upgrade has added port 's_axi_AXILiteS_RRESP'

-Upgrade has added port 's_axi_AXILiteS_RVALID'

-Upgrade has added port 's_axi_AXILiteS_WDATA'

-Upgrade has added port 's_axi_AXILiteS_WREADY'

-Upgrade has added port 's_axi_AXILiteS_WSTRB'

-Upgrade has added port 's_axi_AXILiteS_WVALID'







Copyright 1986-2017 Xilinx, Inc. All Rights Reserved.
------------------------------------------------------------------------------------
| Tool Version : Vivado v.2017.3 (win64) Build 2018833 Wed Oct  4 19:58:22 MDT 2017
| Date         : Fri Dec 22 02:16:13 2017
| Host         : Chill running 64-bit major release  (build 9200)
| Command      : upgrade_ip
| Device       : xc7z020clg400-1
------------------------------------------------------------------------------------

Upgrade Log for IP 'system_stream_0_0'

1. Summary
----------

CAUTION (success, with warnings) in the upgrade of system_stream_0_0 (xilinx.com:hls:stream:1.0) from (Rev. 1712200014) to (Rev. 1712220212)

After upgrade, an IP may have parameter and port differences compared to the original customization. Please review the parameters within the IP customization GUI to ensure proper functionality. Also, please review the updated IP instantiation template to ensure proper connectivity, and update your design if required.

2. Interface Information
------------------------

Detected external interface differences while upgrading 'system_stream_0_0'.


-Upgrade has removed interface 's_axi_AXILiteS'


3. Connection Warnings
----------------------

Detected external port differences while upgrading 'system_stream_0_0'. These changes may impact your design.


-Upgrade has removed port 's_axi_AXILiteS_ARADDR'

-Upgrade has removed port 's_axi_AXILiteS_ARREADY'

-Upgrade has removed port 's_axi_AXILiteS_ARVALID'

-Upgrade has removed port 's_axi_AXILiteS_AWADDR'

-Upgrade has removed port 's_axi_AXILiteS_AWREADY'

-Upgrade has removed port 's_axi_AXILiteS_AWVALID'

-Upgrade has removed port 's_axi_AXILiteS_BREADY'

-Upgrade has removed port 's_axi_AXILiteS_BRESP'

-Upgrade has removed port 's_axi_AXILiteS_BVALID'

-Upgrade has removed port 's_axi_AXILiteS_RDATA'

-Upgrade has removed port 's_axi_AXILiteS_RREADY'

-Upgrade has removed port 's_axi_AXILiteS_RRESP'

-Upgrade has removed port 's_axi_AXILiteS_RVALID'

-Upgrade has removed port 's_axi_AXILiteS_WDATA'

-Upgrade has removed port 's_axi_AXILiteS_WREADY'

-Upgrade has removed port 's_axi_AXILiteS_WSTRB'

-Upgrade has removed port 's_axi_AXILiteS_WVALID'







Copyright 1986-2017 Xilinx, Inc. All Rights Reserved.
------------------------------------------------------------------------------------
| Tool Version : Vivado v.2017.3 (win64) Build 2018833 Wed Oct  4 19:58:22 MDT 2017
| Date         : Wed Dec 20 00:15:06 2017
| Host         : Chill running 64-bit major release  (build 9200)
| Command      : upgrade_ip
| Device       : xc7z020clg400-1
------------------------------------------------------------------------------------

Upgrade Log for IP 'system_stream_0_0'

1. Summary
----------

SUCCESS in the upgrade of system_stream_0_0 (xilinx.com:hls:stream:1.0) from (Rev. 1712192326) to (Rev. 1712200014)






Copyright 1986-2017 Xilinx, Inc. All Rights Reserved.
------------------------------------------------------------------------------------
| Tool Version : Vivado v.2017.3 (win64) Build 2018833 Wed Oct  4 19:58:22 MDT 2017
| Date         : Tue Dec 19 23:27:05 2017
| Host         : Chill running 64-bit major release  (build 9200)
| Command      : upgrade_ip
| Device       : xc7z020clg400-1
------------------------------------------------------------------------------------

Upgrade Log for IP 'system_stream_0_0'

1. Summary
----------

SUCCESS in the upgrade of system_stream_0_0 (xilinx.com:hls:stream:1.0) from (Rev. 1712190031) to (Rev. 1712192326)






Copyright 1986-2017 Xilinx, Inc. All Rights Reserved.
------------------------------------------------------------------------------------
| Tool Version : Vivado v.2017.3 (win64) Build 2018833 Wed Oct  4 19:58:22 MDT 2017
| Date         : Tue Dec 19 00:32:22 2017
| Host         : Chill running 64-bit major release  (build 9200)
| Command      : upgrade_ip
| Device       : xc7z020clg400-1
------------------------------------------------------------------------------------

Upgrade Log for IP 'system_stream_0_0'

1. Summary
----------

CAUTION (success, with warnings) in the upgrade of system_stream_0_0 (xilinx.com:hls:stream:1.0) from (Rev. 1712182349) to (Rev. 1712190031)

After upgrade, an IP may have parameter and port differences compared to the original customization. Please review the parameters within the IP customization GUI to ensure proper functionality. Also, please review the updated IP instantiation template to ensure proper connectivity, and update your design if required.

2. Interface Information
------------------------

Detected external interface differences while upgrading 'system_stream_0_0'.


-Upgrade has removed interface 'ap_ctrl'


3. Connection Warnings
----------------------

Detected external port differences while upgrading 'system_stream_0_0'. These changes may impact your design.


-Upgrade has removed port 'ap_done'

-Upgrade has removed port 'ap_idle'

-Upgrade has removed port 'ap_ready'

-Upgrade has removed port 'ap_start'







Copyright 1986-2017 Xilinx, Inc. All Rights Reserved.
------------------------------------------------------------------------------------
| Tool Version : Vivado v.2017.3 (win64) Build 2018833 Wed Oct  4 19:58:22 MDT 2017
| Date         : Mon Dec 18 23:49:41 2017
| Host         : Chill running 64-bit major release  (build 9200)
| Command      : upgrade_ip
| Device       : xc7z020clg400-1
------------------------------------------------------------------------------------

Upgrade Log for IP 'system_stream_0_0'

1. Summary
----------

CAUTION (success, with warnings) in the upgrade of system_stream_0_0 (xilinx.com:hls:stream:1.0) from (Rev. 1712182340) to (Rev. 1712182349)

After upgrade, an IP may have parameter and port differences compared to the original customization. Please review the parameters within the IP customization GUI to ensure proper functionality. Also, please review the updated IP instantiation template to ensure proper connectivity, and update your design if required.

2. Interface Information
------------------------

Detected external interface differences while upgrading 'system_stream_0_0'.


-Upgrade has added interface 's_axi_AXILiteS' (xilinx.com:interface:aximm:1.0)


3. Connection Warnings
----------------------

Detected external port differences while upgrading 'system_stream_0_0'. These changes may impact your design.


-Upgrade has added port 's_axi_AXILiteS_ARADDR'

-Upgrade has added port 's_axi_AXILiteS_ARREADY'

-Upgrade has added port 's_axi_AXILiteS_ARVALID'

-Upgrade has added port 's_axi_AXILiteS_AWADDR'

-Upgrade has added port 's_axi_AXILiteS_AWREADY'

-Upgrade has added port 's_axi_AXILiteS_AWVALID'

-Upgrade has added port 's_axi_AXILiteS_BREADY'

-Upgrade has added port 's_axi_AXILiteS_BRESP'

-Upgrade has added port 's_axi_AXILiteS_BVALID'

-Upgrade has added port 's_axi_AXILiteS_RDATA'

-Upgrade has added port 's_axi_AXILiteS_RREADY'

-Upgrade has added port 's_axi_AXILiteS_RRESP'

-Upgrade has added port 's_axi_AXILiteS_RVALID'

-Upgrade has added port 's_axi_AXILiteS_WDATA'

-Upgrade has added port 's_axi_AXILiteS_WREADY'

-Upgrade has added port 's_axi_AXILiteS_WSTRB'

-Upgrade has added port 's_axi_AXILiteS_WVALID'







Copyright 1986-2017 Xilinx, Inc. All Rights Reserved.
------------------------------------------------------------------------------------
| Tool Version : Vivado v.2017.3 (win64) Build 2018833 Wed Oct  4 19:58:22 MDT 2017
| Date         : Mon Dec 18 23:43:21 2017
| Host         : Chill running 64-bit major release  (build 9200)
| Command      : upgrade_ip
| Device       : xc7z020clg400-1
------------------------------------------------------------------------------------

Upgrade Log for IP 'system_stream_0_0'

1. Summary
----------

CAUTION (success, with warnings) in the upgrade of system_stream_0_0 (xilinx.com:hls:stream:1.0) from (Rev. 1712182240) to (Rev. 1712182340)

After upgrade, an IP may have parameter and port differences compared to the original customization. Please review the parameters within the IP customization GUI to ensure proper functionality. Also, please review the updated IP instantiation template to ensure proper connectivity, and update your design if required.

2. Interface Information
------------------------

Detected external interface differences while upgrading 'system_stream_0_0'.


-Upgrade has removed interface 's_axi_AXILiteS'

-Upgrade has added interface 'ap_ctrl' (xilinx.com:interface:acc_handshake:1.0)


3. Connection Warnings
----------------------

Detected external port differences while upgrading 'system_stream_0_0'. These changes may impact your design.


-Upgrade has removed port 's_axi_AXILiteS_ARADDR'

-Upgrade has removed port 's_axi_AXILiteS_ARREADY'

-Upgrade has removed port 's_axi_AXILiteS_ARVALID'

-Upgrade has removed port 's_axi_AXILiteS_AWADDR'

-Upgrade has removed port 's_axi_AXILiteS_AWREADY'

-Upgrade has removed port 's_axi_AXILiteS_AWVALID'

-Upgrade has removed port 's_axi_AXILiteS_BREADY'

-Upgrade has removed port 's_axi_AXILiteS_BRESP'

-Upgrade has removed port 's_axi_AXILiteS_BVALID'

-Upgrade has removed port 's_axi_AXILiteS_RDATA'

-Upgrade has removed port 's_axi_AXILiteS_RREADY'

-Upgrade has removed port 's_axi_AXILiteS_RRESP'

-Upgrade has removed port 's_axi_AXILiteS_RVALID'

-Upgrade has removed port 's_axi_AXILiteS_WDATA'

-Upgrade has removed port 's_axi_AXILiteS_WREADY'

-Upgrade has removed port 's_axi_AXILiteS_WSTRB'

-Upgrade has removed port 's_axi_AXILiteS_WVALID'

-Upgrade has added port 'ap_done'

-Upgrade has added port 'ap_idle'

-Upgrade has added port 'ap_ready'

-Upgrade has added port 'ap_start'







Copyright 1986-2017 Xilinx, Inc. All Rights Reserved.
------------------------------------------------------------------------------------
| Tool Version : Vivado v.2017.3 (win64) Build 2018833 Wed Oct  4 19:58:22 MDT 2017
| Date         : Mon Dec 18 22:41:03 2017
| Host         : Chill running 64-bit major release  (build 9200)
| Command      : upgrade_ip
| Device       : xc7z020clg400-1
------------------------------------------------------------------------------------

Upgrade Log for IP 'system_stream_0_0'

1. Summary
----------

SUCCESS in the upgrade of system_stream_0_0 (xilinx.com:hls:stream:1.0) from (Rev. 1712182120) to (Rev. 1712182240)






Copyright 1986-2017 Xilinx, Inc. All Rights Reserved.
------------------------------------------------------------------------------------
| Tool Version : Vivado v.2017.3 (win64) Build 2018833 Wed Oct  4 19:58:22 MDT 2017
| Date         : Mon Dec 18 21:20:50 2017
| Host         : Chill running 64-bit major release  (build 9200)
| Command      : upgrade_ip
| Device       : xc7z020clg400-1
------------------------------------------------------------------------------------

Upgrade Log for IP 'system_stream_0_0'

1. Summary
----------

SUCCESS in the upgrade of system_stream_0_0 (xilinx.com:hls:stream:1.0) from (Rev. 1712181719) to (Rev. 1712182120)






Copyright 1986-2017 Xilinx, Inc. All Rights Reserved.
------------------------------------------------------------------------------------
| Tool Version : Vivado v.2017.3 (win64) Build 2018833 Wed Oct  4 19:58:22 MDT 2017
| Date         : Mon Dec 18 17:21:29 2017
| Host         : Chill running 64-bit major release  (build 9200)
| Command      : upgrade_ip
| Device       : xc7z020clg400-1
------------------------------------------------------------------------------------

Upgrade Log for IP 'system_stream_0_0'

1. Summary
----------

SUCCESS in the upgrade of system_stream_0_0 (xilinx.com:hls:stream:1.0) from (Rev. 1712181617) to (Rev. 1712181719)






Copyright 1986-2017 Xilinx, Inc. All Rights Reserved.
------------------------------------------------------------------------------------
| Tool Version : Vivado v.2017.3 (win64) Build 2018833 Wed Oct  4 19:58:22 MDT 2017
| Date         : Mon Dec 18 16:23:24 2017
| Host         : Chill running 64-bit major release  (build 9200)
| Command      : upgrade_ip
| Device       : xc7z020clg400-1
------------------------------------------------------------------------------------

Upgrade Log for IP 'system_stream_0_0'

1. Summary
----------

SUCCESS in the upgrade of system_stream_0_0 (xilinx.com:hls:stream:1.0) from (Rev. 1712181605) to (Rev. 1712181617)






Copyright 1986-2017 Xilinx, Inc. All Rights Reserved.
------------------------------------------------------------------------------------
| Tool Version : Vivado v.2017.3 (win64) Build 2018833 Wed Oct  4 19:58:22 MDT 2017
| Date         : Mon Dec 18 16:05:32 2017
| Host         : Chill running 64-bit major release  (build 9200)
| Command      : upgrade_ip
| Device       : xc7z020clg400-1
------------------------------------------------------------------------------------

Upgrade Log for IP 'system_stream_0_0'

1. Summary
----------

SUCCESS in the upgrade of system_stream_0_0 (xilinx.com:hls:stream:1.0) from (Rev. 1712181524) to (Rev. 1712181605)






Copyright 1986-2017 Xilinx, Inc. All Rights Reserved.
------------------------------------------------------------------------------------
| Tool Version : Vivado v.2017.3 (win64) Build 2018833 Wed Oct  4 19:58:22 MDT 2017
| Date         : Mon Dec 18 15:25:36 2017
| Host         : Chill running 64-bit major release  (build 9200)
| Command      : upgrade_ip
| Device       : xc7z020clg400-1
------------------------------------------------------------------------------------

Upgrade Log for IP 'system_stream_0_0'

1. Summary
----------

SUCCESS in the upgrade of system_stream_0_0 (xilinx.com:hls:stream:1.0) from (Rev. 1712181458) to (Rev. 1712181524)






Copyright 1986-2017 Xilinx, Inc. All Rights Reserved.
------------------------------------------------------------------------------------
| Tool Version : Vivado v.2017.3 (win64) Build 2018833 Wed Oct  4 19:58:22 MDT 2017
| Date         : Mon Dec 18 14:59:20 2017
| Host         : Chill running 64-bit major release  (build 9200)
| Command      : upgrade_ip
| Device       : xc7z020clg400-1
------------------------------------------------------------------------------------

Upgrade Log for IP 'system_stream_0_0'

1. Summary
----------

SUCCESS in the upgrade of system_stream_0_0 (xilinx.com:hls:stream:1.0) from (Rev. 1712181425) to (Rev. 1712181458)






Copyright 1986-2017 Xilinx, Inc. All Rights Reserved.
------------------------------------------------------------------------------------
| Tool Version : Vivado v.2017.3 (win64) Build 2018833 Wed Oct  4 19:58:22 MDT 2017
| Date         : Mon Dec 18 14:26:36 2017
| Host         : Chill running 64-bit major release  (build 9200)
| Command      : upgrade_ip
| Device       : xc7z020clg400-1
------------------------------------------------------------------------------------

Upgrade Log for IP 'system_stream_0_0'

1. Summary
----------

SUCCESS in the upgrade of system_stream_0_0 (xilinx.com:hls:stream:1.0) from (Rev. 1712171353) to (Rev. 1712181425)






Copyright 1986-2017 Xilinx, Inc. All Rights Reserved.
------------------------------------------------------------------------------------
| Tool Version : Vivado v.2017.3 (win64) Build 2018833 Wed Oct  4 19:58:22 MDT 2017
| Date         : Sun Dec 17 13:54:05 2017
| Host         : Chill running 64-bit major release  (build 9200)
| Command      : upgrade_ip
| Device       : xc7z020clg400-1
------------------------------------------------------------------------------------

Upgrade Log for IP 'system_stream_0_0'

1. Summary
----------

SUCCESS in the upgrade of system_stream_0_0 (xilinx.com:hls:stream:1.0) from (Rev. 1712171230) to (Rev. 1712171353)






Copyright 1986-2017 Xilinx, Inc. All Rights Reserved.
------------------------------------------------------------------------------------
| Tool Version : Vivado v.2017.3 (win64) Build 2018833 Wed Oct  4 19:58:22 MDT 2017
| Date         : Sun Dec 17 12:32:39 2017
| Host         : Chill running 64-bit major release  (build 9200)
| Command      : upgrade_ip
| Device       : xc7z020clg400-1
------------------------------------------------------------------------------------

Upgrade Log for IP 'system_stream_0_0'

1. Summary
----------

SUCCESS in the upgrade of system_stream_0_0 (xilinx.com:hls:stream:1.0) from (Rev. 1712171119) to (Rev. 1712171230)






Copyright 1986-2017 Xilinx, Inc. All Rights Reserved.
------------------------------------------------------------------------------------
| Tool Version : Vivado v.2017.3 (win64) Build 2018833 Wed Oct  4 19:58:22 MDT 2017
| Date         : Sun Dec 17 11:21:05 2017
| Host         : Chill running 64-bit major release  (build 9200)
| Command      : upgrade_ip
| Device       : xc7z020clg400-1
------------------------------------------------------------------------------------

Upgrade Log for IP 'system_stream_0_0'

1. Summary
----------

SUCCESS in the upgrade of system_stream_0_0 (xilinx.com:hls:stream:1.0) from (Rev. 1712170008) to (Rev. 1712171119)






Copyright 1986-2017 Xilinx, Inc. All Rights Reserved.
------------------------------------------------------------------------------------
| Tool Version : Vivado v.2017.3 (win64) Build 2018833 Wed Oct  4 19:58:22 MDT 2017
| Date         : Sun Dec 17 00:10:32 2017
| Host         : Chill running 64-bit major release  (build 9200)
| Command      : upgrade_ip
| Device       : xc7z020clg400-1
------------------------------------------------------------------------------------

Upgrade Log for IP 'system_stream_0_0'

1. Summary
----------

SUCCESS in the upgrade of system_stream_0_0 (xilinx.com:hls:stream:1.0) from (Rev. 1712162220) to (Rev. 1712170008)






Copyright 1986-2017 Xilinx, Inc. All Rights Reserved.
------------------------------------------------------------------------------------
| Tool Version : Vivado v.2017.3 (win64) Build 2018833 Wed Oct  4 19:58:22 MDT 2017
| Date         : Sat Dec 16 22:33:25 2017
| Host         : Chill running 64-bit major release  (build 9200)
| Command      : upgrade_ip
| Device       : xc7z020clg400-1
------------------------------------------------------------------------------------

Upgrade Log for IP 'system_stream_0_0'

1. Summary
----------

SUCCESS in the upgrade of system_stream_0_0 (xilinx.com:hls:stream:1.0) from (Rev. 1712072233) to (Rev. 1712162220)






Copyright 1986-2017 Xilinx, Inc. All Rights Reserved.
------------------------------------------------------------------------------------
| Tool Version : Vivado v.2017.3 (win64) Build 2018833 Wed Oct  4 19:58:22 MDT 2017
| Date         : Thu Dec  7 22:35:49 2017
| Host         : Chill running 64-bit major release  (build 9200)
| Command      : upgrade_ip
| Device       : xc7z020clg400-1
------------------------------------------------------------------------------------

Upgrade Log for IP 'system_stream_0_0'

1. Summary
----------

SUCCESS in the upgrade of system_stream_0_0 (xilinx.com:hls:stream:1.0) from (Rev. 1712070955) to (Rev. 1712072233)






Copyright 1986-2017 Xilinx, Inc. All Rights Reserved.
------------------------------------------------------------------------------------
| Tool Version : Vivado v.2017.3 (win64) Build 2018833 Wed Oct  4 19:58:22 MDT 2017
| Date         : Thu Dec  7 11:19:15 2017
| Host         : Chill running 64-bit major release  (build 9200)
| Command      : upgrade_ip
| Device       : xc7z020clg400-1
------------------------------------------------------------------------------------

Upgrade Log for IP 'system_vtc_out_0'

1. Summary
----------

SUCCESS in the upgrade of system_vtc_out_0 (xilinx.com:ip:v_tc:6.1) from (Rev. 10) to (Rev. 11)






Copyright 1986-2017 Xilinx, Inc. All Rights Reserved.
------------------------------------------------------------------------------------
| Tool Version : Vivado v.2017.3 (win64) Build 2018833 Wed Oct  4 19:58:22 MDT 2017
| Date         : Thu Dec  7 11:19:15 2017
| Host         : Chill running 64-bit major release  (build 9200)
| Command      : upgrade_ip
| Device       : xc7z020clg400-1
------------------------------------------------------------------------------------

Upgrade Log for IP 'system_vtc_in_0'

1. Summary
----------

SUCCESS in the upgrade of system_vtc_in_0 (xilinx.com:ip:v_tc:6.1) from (Rev. 10) to (Rev. 11)






Copyright 1986-2017 Xilinx, Inc. All Rights Reserved.
------------------------------------------------------------------------------------
| Tool Version : Vivado v.2017.3 (win64) Build 2018833 Wed Oct  4 19:58:22 MDT 2017
| Date         : Thu Dec  7 11:19:15 2017
| Host         : Chill running 64-bit major release  (build 9200)
| Command      : upgrade_ip
| Device       : xc7z020clg400-1
------------------------------------------------------------------------------------

Upgrade Log for IP 'system_v_vid_in_axi4s_0_0'

1. Summary
----------

SUCCESS in the upgrade of system_v_vid_in_axi4s_0_0 (xilinx.com:ip:v_vid_in_axi4s:4.0) from (Rev. 6) to (Rev. 7)






Copyright 1986-2017 Xilinx, Inc. All Rights Reserved.
------------------------------------------------------------------------------------
| Tool Version : Vivado v.2017.3 (win64) Build 2018833 Wed Oct  4 19:58:22 MDT 2017
| Date         : Thu Dec  7 11:19:15 2017
| Host         : Chill running 64-bit major release  (build 9200)
| Command      : upgrade_ip
| Device       : xc7z020clg400-1
------------------------------------------------------------------------------------

Upgrade Log for IP 'system_v_axi4s_vid_out_0_0'

1. Summary
----------

SUCCESS in the upgrade of system_v_axi4s_vid_out_0_0 (xilinx.com:ip:v_axi4s_vid_out:4.0) from (Rev. 6) to (Rev. 7)






Copyright 1986-2017 Xilinx, Inc. All Rights Reserved.
------------------------------------------------------------------------------------
| Tool Version : Vivado v.2017.3 (win64) Build 2018833 Wed Oct  4 19:58:22 MDT 2017
| Date         : Thu Dec  7 11:19:15 2017
| Host         : Chill running 64-bit major release  (build 9200)
| Command      : upgrade_ip
| Device       : xc7z020clg400-1
------------------------------------------------------------------------------------

Upgrade Log for IP 'system_stream_0_0'

1. Summary
----------

SUCCESS in the upgrade of system_stream_0_0 (xilinx.com:hls:stream:1.0) from (Rev. 1710231007) to (Rev. 1712070955)






Copyright 1986-2017 Xilinx, Inc. All Rights Reserved.
------------------------------------------------------------------------------------
| Tool Version : Vivado v.2017.3 (win64) Build 2018833 Wed Oct  4 19:58:22 MDT 2017
| Date         : Thu Dec  7 11:19:15 2017
| Host         : Chill running 64-bit major release  (build 9200)
| Command      : upgrade_ip
| Device       : xc7z020clg400-1
------------------------------------------------------------------------------------

Upgrade Log for IP 'system_rst_processing_system7_0_fclk0_0'

1. Summary
----------

SUCCESS in the upgrade of system_rst_processing_system7_0_fclk0_0 (xilinx.com:ip:proc_sys_reset:5.0) from (Rev. 11) to (Rev. 12)






Copyright 1986-2017 Xilinx, Inc. All Rights Reserved.
------------------------------------------------------------------------------------
| Tool Version : Vivado v.2017.3 (win64) Build 2018833 Wed Oct  4 19:58:22 MDT 2017
| Date         : Thu Dec  7 11:19:15 2017
| Host         : Chill running 64-bit major release  (build 9200)
| Command      : upgrade_ip
| Device       : xc7z020clg400-1
------------------------------------------------------------------------------------

Upgrade Log for IP 'system_processing_system7_0_axi_periph_1'

1. Summary
----------

SUCCESS in the upgrade of system_processing_system7_0_axi_periph_1 (xilinx.com:ip:axi_interconnect:2.1) from (Rev. 14) to (Rev. 15)






Copyright 1986-2017 Xilinx, Inc. All Rights Reserved.
------------------------------------------------------------------------------------
| Tool Version : Vivado v.2017.3 (win64) Build 2018833 Wed Oct  4 19:58:22 MDT 2017
| Date         : Thu Dec  7 11:19:15 2017
| Host         : Chill running 64-bit major release  (build 9200)
| Command      : upgrade_ip
| Device       : xc7z020clg400-1
------------------------------------------------------------------------------------

Upgrade Log for IP 'system_processing_system7_0_0'

1. Summary
----------

SUCCESS in the upgrade of system_processing_system7_0_0 (xilinx.com:ip:processing_system7:5.5) from (Rev. 5) to (Rev. 6)

2. Upgrade messages
-------------------

WARNING: upgrade cannot add parameter PCW_TRACE_INTERNAL_WIDTH with default value 32 : a parameter called PCW_TRACE_INTERNAL_WIDTH already exists in processing_system7_v5_5
WARNING: upgrade cannot add parameter PCW_USE_AXI_NONSECURE with default value 0 : a parameter called PCW_USE_AXI_NONSECURE already exists in processing_system7_v5_5
WARNING: upgrade cannot add parameter PCW_EN_PTP_ENET0 with default value 1 : a parameter called PCW_EN_PTP_ENET0 already exists in processing_system7_v5_5
WARNING: upgrade cannot add parameter PCW_EN_PTP_ENET0 with default value 1 : a parameter called PCW_EN_PTP_ENET0 already exists in processing_system7_v5_5
WARNING: upgrade cannot add parameter PCW_GP0_NUM_WRITE_THREADS with default value 4 : a parameter called PCW_GP0_NUM_WRITE_THREADS already exists in processing_system7_v5_5
WARNING: upgrade cannot add parameter PCW_GP0_NUM_READ_THREADS with default value 4 : a parameter called PCW_GP0_NUM_READ_THREADS already exists in processing_system7_v5_5
WARNING: upgrade cannot add parameter PCW_GP1_NUM_WRITE_THREADS with default value 4 : a parameter called PCW_GP1_NUM_WRITE_THREADS already exists in processing_system7_v5_5
WARNING: upgrade cannot add parameter PCW_GP1_NUM_READ_THREADS with default value 4 : a parameter called PCW_GP1_NUM_READ_THREADS already exists in processing_system7_v5_5
WARNING: upgrade cannot add parameter PCW_GP0_EN_MODIFIABLE_TXN with default value 0 : a parameter called PCW_GP0_EN_MODIFIABLE_TXN already exists in processing_system7_v5_5
WARNING: upgrade cannot add parameter PCW_GP1_EN_MODIFIABLE_TXN with default value 0 : a parameter called PCW_GP1_EN_MODIFIABLE_TXN already exists in processing_system7_v5_5






Copyright 1986-2017 Xilinx, Inc. All Rights Reserved.
------------------------------------------------------------------------------------
| Tool Version : Vivado v.2017.3 (win64) Build 2018833 Wed Oct  4 19:58:22 MDT 2017
| Date         : Thu Dec  7 11:19:15 2017
| Host         : Chill running 64-bit major release  (build 9200)
| Command      : upgrade_ip
| Device       : xc7z020clg400-1
------------------------------------------------------------------------------------

Upgrade Log for IP 'system_proc_sys_reset_pixelclk_0'

1. Summary
----------

SUCCESS in the upgrade of system_proc_sys_reset_pixelclk_0 (xilinx.com:ip:proc_sys_reset:5.0) from (Rev. 11) to (Rev. 12)






Copyright 1986-2017 Xilinx, Inc. All Rights Reserved.
------------------------------------------------------------------------------------
| Tool Version : Vivado v.2017.3 (win64) Build 2018833 Wed Oct  4 19:58:22 MDT 2017
| Date         : Thu Dec  7 11:19:15 2017
| Host         : Chill running 64-bit major release  (build 9200)
| Command      : upgrade_ip
| Device       : xc7z020clg400-1
------------------------------------------------------------------------------------

Upgrade Log for IP 'system_proc_sys_reset_fclk1_0'

1. Summary
----------

SUCCESS in the upgrade of system_proc_sys_reset_fclk1_0 (xilinx.com:ip:proc_sys_reset:5.0) from (Rev. 11) to (Rev. 12)






Copyright 1986-2017 Xilinx, Inc. All Rights Reserved.
------------------------------------------------------------------------------------
| Tool Version : Vivado v.2017.3 (win64) Build 2018833 Wed Oct  4 19:58:22 MDT 2017
| Date         : Thu Dec  7 11:19:15 2017
| Host         : Chill running 64-bit major release  (build 9200)
| Command      : upgrade_ip
| Device       : xc7z020clg400-1
------------------------------------------------------------------------------------

Upgrade Log for IP 'system_hdmi_out_hpd_video_0'

1. Summary
----------

SUCCESS in the upgrade of system_hdmi_out_hpd_video_0 (xilinx.com:ip:axi_gpio:2.0) from (Rev. 15) to (Rev. 16)






Copyright 1986-2017 Xilinx, Inc. All Rights Reserved.
------------------------------------------------------------------------------------
| Tool Version : Vivado v.2017.3 (win64) Build 2018833 Wed Oct  4 19:58:22 MDT 2017
| Date         : Thu Dec  7 11:19:15 2017
| Host         : Chill running 64-bit major release  (build 9200)
| Command      : upgrade_ip
| Device       : xc7z020clg400-1
------------------------------------------------------------------------------------

Upgrade Log for IP 'system_axis_register_slice_0_1'

1. Summary
----------

SUCCESS in the upgrade of system_axis_register_slice_0_1 (xilinx.com:ip:axis_register_slice:1.1) from (Rev. 13) to (Rev. 14)






Copyright 1986-2017 Xilinx, Inc. All Rights Reserved.
------------------------------------------------------------------------------------
| Tool Version : Vivado v.2017.3 (win64) Build 2018833 Wed Oct  4 19:58:22 MDT 2017
| Date         : Thu Dec  7 11:19:15 2017
| Host         : Chill running 64-bit major release  (build 9200)
| Command      : upgrade_ip
| Device       : xc7z020clg400-1
------------------------------------------------------------------------------------

Upgrade Log for IP 'system_axis_register_slice_0_0'

1. Summary
----------

SUCCESS in the upgrade of system_axis_register_slice_0_0 (xilinx.com:ip:axis_register_slice:1.1) from (Rev. 13) to (Rev. 14)






Copyright 1986-2017 Xilinx, Inc. All Rights Reserved.
------------------------------------------------------------------------------------
| Tool Version : Vivado v.2017.3 (win64) Build 2018833 Wed Oct  4 19:58:22 MDT 2017
| Date         : Thu Dec  7 11:19:15 2017
| Host         : Chill running 64-bit major release  (build 9200)
| Command      : upgrade_ip
| Device       : xc7z020clg400-1
------------------------------------------------------------------------------------

Upgrade Log for IP 'system_axi_vdma_0'

1. Summary
----------

SUCCESS in the upgrade of system_axi_vdma_0 (xilinx.com:ip:axi_vdma:6.3) from (Rev. 1) to (Rev. 2)






Copyright 1986-2017 Xilinx, Inc. All Rights Reserved.
------------------------------------------------------------------------------------
| Tool Version : Vivado v.2017.3 (win64) Build 2018833 Wed Oct  4 19:58:22 MDT 2017
| Date         : Thu Dec  7 11:19:15 2017
| Host         : Chill running 64-bit major release  (build 9200)
| Command      : upgrade_ip
| Device       : xc7z020clg400-1
------------------------------------------------------------------------------------

Upgrade Log for IP 'system_axi_mem_intercon_0'

1. Summary
----------

SUCCESS in the upgrade of system_axi_mem_intercon_0 (xilinx.com:ip:axi_interconnect:2.1) from (Rev. 14) to (Rev. 15)






Copyright 1986-2017 Xilinx, Inc. All Rights Reserved.
------------------------------------------------------------------------------------
| Tool Version : Vivado v.2017.3 (win64) Build 2018833 Wed Oct  4 19:58:22 MDT 2017
| Date         : Thu Dec  7 11:19:15 2017
| Host         : Chill running 64-bit major release  (build 9200)
| Command      : upgrade_ip
| Device       : xc7z020clg400-1
------------------------------------------------------------------------------------

Upgrade Log for IP 'system_axi_interconnect_0_1'

1. Summary
----------

SUCCESS in the upgrade of system_axi_interconnect_0_1 (xilinx.com:ip:axi_interconnect:2.1) from (Rev. 14) to (Rev. 15)






Copyright 1986-2017 Xilinx, Inc. All Rights Reserved.
------------------------------------------------------------------------------------
| Tool Version : Vivado v.2017.3 (win64) Build 2018833 Wed Oct  4 19:58:22 MDT 2017
| Date         : Thu Dec  7 11:19:15 2017
| Host         : Chill running 64-bit major release  (build 9200)
| Command      : upgrade_ip
| Device       : xc7z020clg400-1
------------------------------------------------------------------------------------

Upgrade Log for IP 'system_axi_gpio_hdmiin_0'

1. Summary
----------

SUCCESS in the upgrade of system_axi_gpio_hdmiin_0 (xilinx.com:ip:axi_gpio:2.0) from (Rev. 15) to (Rev. 16)

