INFO: [HLS 200-0] Workspace C:/Users/yoflippo/Documents/PYNQ_lab6/PYNQ/PYNQ/hls/video1/solution1 opened at Mon Dec 25 11:35:39 +0100 2017
Execute     config_clock -quiet -name default -period 7 -default=false 
INFO: [SYN 201-201] Setting up clock 'default' with a period of 7ns.
Command     config_clock returned 0; 0 sec.
Execute     open_platform DefaultPlatform 
Command     open_platform returned 0; 0 sec.
Execute     import_lib C:/Xilinx/Vivado/2017.3/common/technology/xilinx/zynq/zynq 
Execute       source C:/Xilinx/Vivado/2017.3/common/technology/xilinx/common/xilinx.lib 
Execute         source C:/Xilinx/Vivado/2017.3/common/technology/xilinx/interface/xilinx_interface.lib 
Execute           source C:/Xilinx/Vivado/2017.3/common/technology/xilinx/interface/plb46.lib 
Command           ap_source returned 0; 0.001 sec.
Execute           source C:/Xilinx/Vivado/2017.3/common/technology/xilinx/interface/fsl.lib 
Command           ap_source returned 0; 0 sec.
Execute           source C:/Xilinx/Vivado/2017.3/common/technology/xilinx/interface/axi4.lib 
Command           ap_source returned 0; 0.001 sec.
Execute           source C:/Xilinx/Vivado/2017.3/common/technology/xilinx/interface/maxi.lib 
Command           ap_source returned 0; 0 sec.
Execute           source C:/Xilinx/Vivado/2017.3/common/technology/xilinx/interface/saxilite.lib 
Command           ap_source returned 0; 0 sec.
Command         ap_source returned 0; 0.003 sec.
Execute         source C:/Xilinx/Vivado/2017.3/common/technology/xilinx/common/dsp48.lib 
Command         ap_source returned 0; 0 sec.
Execute         source C:/Xilinx/Vivado/2017.3/common/technology/xilinx/ip/dds_compiler.lib 
Command         ap_source returned 0; 0 sec.
Execute         source C:/Xilinx/Vivado/2017.3/common/technology/xilinx/ip/xfft.lib 
Command         ap_source returned 0; 0 sec.
Execute         source C:/Xilinx/Vivado/2017.3/common/technology/xilinx/ip/xfir.lib 
Command         ap_source returned 0; 0 sec.
Command       ap_source returned 0; 0.007 sec.
Execute       source C:/Xilinx/Vivado/2017.3/common/technology/xilinx/common/xilinx_old.lib 
Command       ap_source returned 0; 0.001 sec.
Execute       source C:/Xilinx/Vivado/2017.3/common/technology/xilinx/common/xilinx_vivado.lib 
Command       ap_source returned 0; 0.001 sec.
Execute       source C:/Xilinx/Vivado/2017.3/common/technology/xilinx/common/xilinx.hlp 
Execute         source C:/Xilinx/Vivado/2017.3/common/technology/xilinx/common/target_info.tcl 
Command         ap_source returned 0; 0.001 sec.
Execute         source C:/Xilinx/Vivado/2017.3/common/technology/xilinx/interface/xilinx_interface.hlp 
Execute           source C:/Xilinx/Vivado/2017.3/common/technology/xilinx/interface/maxi.hlp 
Command           ap_source returned 0; 0 sec.
Execute           source C:/Xilinx/Vivado/2017.3/common/technology/xilinx/interface/saxilite.hlp 
Command           ap_source returned 0; 0 sec.
Command         ap_source returned 0; 0.002 sec.
Execute         source C:/Xilinx/Vivado/2017.3/common/technology/xilinx/common/dsp48.hlp 
Command         ap_source returned 0; 0.001 sec.
Command       ap_source returned 0; 0.008 sec.
Execute       source C:/Xilinx/Vivado/2017.3/common/technology/xilinx/zynq/dsp48e1.hlp 
Command       ap_source returned 0; 0 sec.
Execute       get_default_platform 
Command       get_default_platform returned 0; 0 sec.
Execute       config_chip_info -quiet -resource  {SLICE 13300}  {LUT 53200}     {FF 106400} {DSP48E 220}   {BRAM 280}  
Command       config_chip_info returned 0; 0 sec.
Execute       config_chip_info -quiet -speed medium 
Command       config_chip_info returned 0; 0 sec.
Execute       source C:/Xilinx/Vivado/2017.3/common/technology/xilinx/common/xilinx.hlp 
Execute         source C:/Xilinx/Vivado/2017.3/common/technology/xilinx/common/target_info.tcl 
Command         ap_source returned 0; 0 sec.
Execute         source C:/Xilinx/Vivado/2017.3/common/technology/xilinx/interface/xilinx_interface.hlp 
Execute           source C:/Xilinx/Vivado/2017.3/common/technology/xilinx/interface/maxi.hlp 
Command           ap_source returned 0; 0 sec.
Execute           source C:/Xilinx/Vivado/2017.3/common/technology/xilinx/interface/saxilite.hlp 
Command           ap_source returned 0; 0 sec.
Command         ap_source returned 0; 0 sec.
Execute         source C:/Xilinx/Vivado/2017.3/common/technology/xilinx/common/dsp48.hlp 
Command         ap_source returned 0; 0.001 sec.
Command       ap_source returned 0; 0.005 sec.
Command     import_lib returned 0; 0.03 sec.
Execute     source C:/Xilinx/Vivado/2017.3/common/technology/xilinx/zynq/zynq.gen 
Execute       source C:/Xilinx/Vivado/2017.3/common/technology/xilinx/common/virtex.gen 
Execute         source C:/Xilinx/Vivado/2017.3/common/technology/xilinx/common/xilinx.gen 
Execute           source C:/Xilinx/Vivado/2017.3/common/technology/xilinx/interface/plb46.gen 
Command           ap_source returned 0; 0.002 sec.
Execute           source C:/Xilinx/Vivado/2017.3/common/technology/xilinx/interface/fsl.gen 
Command           ap_source returned 0; 0.001 sec.
Execute           source C:/Xilinx/Vivado/2017.3/common/technology/xilinx/interface/axi4.gen 
Command           ap_source returned 0; 0.003 sec.
Execute           source C:/Xilinx/Vivado/2017.3/common/technology/xilinx/interface/nativeAXI4.gen 
Execute             source C:/Xilinx/Vivado/2017.3/common/technology/xilinx/interface/saxilite.gen 
Command             ap_source returned 0; 0.005 sec.
Execute             source C:/Xilinx/Vivado/2017.3/common/technology/xilinx/interface/maxi.gen 
Command             ap_source returned 0; 0.008 sec.
Command           ap_source returned 0; 0.014 sec.
Execute           source C:/Xilinx/Vivado/2017.3/common/technology/xilinx/scripts/xilinxcoregen.gen 
Command           ap_source returned 0; 0.012 sec.
Execute           source C:/Xilinx/Vivado/2017.3/common/technology/xilinx/interface/XilEDKCoreGen.gen 
Command           ap_source returned 0; 0.01 sec.
Execute           source C:/Xilinx/Vivado/2017.3/common/technology/xilinx/ip/dds_compiler.gen 
Command           ap_source returned 0; 0.003 sec.
Execute           source C:/Xilinx/Vivado/2017.3/common/technology/xilinx/ip/util.gen 
Command           ap_source returned 0; 0 sec.
Execute           source C:/Xilinx/Vivado/2017.3/common/technology/xilinx/ip/xfft.gen 
Command           ap_source returned 0; 0.116 sec.
Execute           source C:/Xilinx/Vivado/2017.3/common/technology/xilinx/ip/xfir.gen 
Command           ap_source returned 0; 0.001 sec.
Command         ap_source returned 0; 0.166 sec.
Execute         source C:/Xilinx/Vivado/2017.3/common/technology/xilinx/common/dsp48.gen 
Command         ap_source returned 0; 0.001 sec.
Command       ap_source returned 0; 0.17 sec.
Command     ap_source returned 0; 0.17 sec.
Execute     open_platform DefaultPlatform 
Command     open_platform returned 0; 0 sec.
Execute     import_lib C:/Xilinx/Vivado/2017.3/common/technology/xilinx/zynq/zynq_fpv6 
Execute       source C:/Xilinx/Vivado/2017.3/common/technology/xilinx/common/xilinx_fpv7.lib 
Execute         source C:/Xilinx/Vivado/2017.3/common/technology/xilinx/common/xilinx_hp.lib 
Command         ap_source returned 0; 0.001 sec.
Command       ap_source returned 0; 0.004 sec.
Execute       source C:/Xilinx/Vivado/2017.3/common/technology/xilinx/common/xilinx_fpv.hlp 
Execute         source C:/Xilinx/Vivado/2017.3/common/technology/xilinx/common/xilinx.hlp 
Execute           source C:/Xilinx/Vivado/2017.3/common/technology/xilinx/common/target_info.tcl 
Command           ap_source returned 0; 0.002 sec.
Execute           source C:/Xilinx/Vivado/2017.3/common/technology/xilinx/interface/xilinx_interface.hlp 
Execute             source C:/Xilinx/Vivado/2017.3/common/technology/xilinx/interface/maxi.hlp 
Command             ap_source returned 0; 0.001 sec.
Execute             source C:/Xilinx/Vivado/2017.3/common/technology/xilinx/interface/saxilite.hlp 
Command             ap_source returned 0; 0 sec.
Command           ap_source returned 0; 0.001 sec.
Execute           source C:/Xilinx/Vivado/2017.3/common/technology/xilinx/common/dsp48.hlp 
Command           ap_source returned 0; 0.001 sec.
Command         ap_source returned 0; 0.008 sec.
Command       ap_source returned 0; 0.01 sec.
Execute       source C:/Xilinx/Vivado/2017.3/common/technology/xilinx/zynq/zynq_hp.hlp 
Command       ap_source returned 0; 0.002 sec.
Command     import_lib returned 0; 0.028 sec.
Execute     source C:/Xilinx/Vivado/2017.3/common/technology/xilinx/zynq/zynq_fpv6.gen 
Execute       source C:/Xilinx/Vivado/2017.3/common/technology/xilinx/common/xilinx_fpv6.gen 
Command       ap_source returned 0; 0.002 sec.
Command     ap_source returned 0; 0.003 sec.
Execute     set_part xc7z020clg400-1 
Execute       add_library xilinx/zynq/zynq:xc7z020:clg400:-1 
Execute         get_default_platform 
Command         get_default_platform returned 0; 0 sec.
Execute         license_isbetapart xc7z020 
Command         license_isbetapart returned 1; 0.184 sec.
Execute         get_default_platform 
Command         get_default_platform returned 0; 0 sec.
Execute         config_chip_info -quiet -resource  {SLICE 13300}  {LUT 53200}     {FF 106400} {DSP48E 220}   {BRAM 280}  
Command         config_chip_info returned 0; 0 sec.
Execute         config_chip_info -quiet -speed slow 
Command         config_chip_info returned 0; 0 sec.
Command       add_library returned 0; 0.225 sec.
Execute       add_library xilinx/zynq/zynq_fpv6 
Execute         get_default_platform 
Command         get_default_platform returned 0; 0 sec.
Command       add_library returned 0; 0.006 sec.
INFO: [HLS 200-10] Setting target device to 'xc7z020clg400-1'
Execute       get_default_platform 
Command       get_default_platform returned 0; 0 sec.
Command     set_part returned 0; 0.279 sec.
Execute     get_default_platform 
Command     get_default_platform returned 0; 0 sec.
Execute     config_chip_info -quiet -resource  {SLICE 13300}  {LUT 53200}     {FF 106400} {DSP48E 220}   {BRAM 280}  
Command     config_chip_info returned 0; 0 sec.
Execute     config_chip_info -quiet -speed slow 
Command     config_chip_info returned 0; 0 sec.
Command   open_solution returned 0; 0.544 sec.
Execute   export_design -rtl verilog -format ip_catalog 
Execute     source C:/Users/yoflippo/Documents/PYNQ_lab6/PYNQ/PYNQ/hls/video1/solution1/.autopilot/db/global.setting.tcl 
Command     ap_source returned 0; 0.001 sec.
Execute     source C:/Xilinx/Vivado/2017.3/common/technology/generic/autopilot/common.gen 
Execute       source C:/Xilinx/Vivado/2017.3/common/technology/generic/autopilot/APCoreGen.gen 
Command       ap_source returned 0; 0.001 sec.
Command     ap_source returned 0; 0.002 sec.
Execute     source C:/Xilinx/Vivado/2017.3/common/technology/generic/autopilot/op.gen 
Command     ap_source returned 0; 0 sec.
Execute     source C:/Xilinx/Vivado/2017.3/common/technology/generic/autopilot/op_simcore.gen 
Command     ap_source returned 0; 0.002 sec.
Execute     source C:/Xilinx/Vivado/2017.3/common/technology/generic/autopilot/interface.gen 
Command     ap_source returned 0; 0 sec.
Execute     source C:/Users/yoflippo/Documents/PYNQ_lab6/PYNQ/PYNQ/hls/video1/solution1/.autopilot/db/global.setting.tcl 
Command     ap_source returned 0; 0.001 sec.
Execute     source C:/Xilinx/Vivado/2017.3/common/technology/xilinx/zynq/zynq.gen 
Execute       source C:/Xilinx/Vivado/2017.3/common/technology/xilinx/common/virtex.gen 
Execute         source C:/Xilinx/Vivado/2017.3/common/technology/xilinx/common/xilinx.gen 
Execute           source C:/Xilinx/Vivado/2017.3/common/technology/xilinx/interface/plb46.gen 
Command           ap_source returned 0; 0.001 sec.
Execute           source C:/Xilinx/Vivado/2017.3/common/technology/xilinx/interface/fsl.gen 
Command           ap_source returned 0; 0 sec.
Execute           source C:/Xilinx/Vivado/2017.3/common/technology/xilinx/interface/axi4.gen 
Command           ap_source returned 0; 0.003 sec.
Execute           source C:/Xilinx/Vivado/2017.3/common/technology/xilinx/interface/nativeAXI4.gen 
Execute             source C:/Xilinx/Vivado/2017.3/common/technology/xilinx/interface/saxilite.gen 
Command             ap_source returned 0; 0.005 sec.
Execute             source C:/Xilinx/Vivado/2017.3/common/technology/xilinx/interface/maxi.gen 
Command             ap_source returned 0; 0.008 sec.
Command           ap_source returned 0; 0.013 sec.
Execute           source C:/Xilinx/Vivado/2017.3/common/technology/xilinx/scripts/xilinxcoregen.gen 
Command           ap_source returned 0; 0.013 sec.
Execute           source C:/Xilinx/Vivado/2017.3/common/technology/xilinx/interface/XilEDKCoreGen.gen 
Command           ap_source returned 0; 0.011 sec.
Execute           source C:/Xilinx/Vivado/2017.3/common/technology/xilinx/ip/dds_compiler.gen 
Command           ap_source returned 0; 0.005 sec.
Execute           source C:/Xilinx/Vivado/2017.3/common/technology/xilinx/ip/util.gen 
Command           ap_source returned 0; 0.001 sec.
Execute           source C:/Xilinx/Vivado/2017.3/common/technology/xilinx/ip/xfft.gen 
Command           ap_source returned 0; 0.126 sec.
Execute           source C:/Xilinx/Vivado/2017.3/common/technology/xilinx/ip/xfir.gen 
Command           ap_source returned 0; 0.001 sec.
Command         ap_source returned 0; 0.176 sec.
Execute         source C:/Xilinx/Vivado/2017.3/common/technology/xilinx/common/dsp48.gen 
Command         ap_source returned 0; 0.001 sec.
Command       ap_source returned 0; 0.18 sec.
Command     ap_source returned 0; 0.181 sec.
Execute     source C:/Xilinx/Vivado/2017.3/common/technology/xilinx/zynq/zynq_fpv6.gen 
Execute       source C:/Xilinx/Vivado/2017.3/common/technology/xilinx/common/xilinx_fpv6.gen 
Command       ap_source returned 0; 0.002 sec.
Command     ap_source returned 0; 0.002 sec.
Execute     source C:/Users/yoflippo/Documents/PYNQ_lab6/PYNQ/PYNQ/hls/video1/solution1/.autopilot/db/global.setting.tcl 
Command     ap_source returned 0; 0.002 sec.
INFO: [IMPL 213-8] Exporting RTL as an IP in IP-XACT.
Execute     source C:/Users/yoflippo/Documents/PYNQ_lab6/PYNQ/PYNQ/hls/video1/solution1/.autopilot/db/global.setting.tcl 
Command     ap_source returned 0; 0.001 sec.
Execute     source C:/Users/yoflippo/Documents/PYNQ_lab6/PYNQ/PYNQ/hls/video1/solution1/.autopilot/db/global.setting.tcl 
Command     ap_source returned 0; 0.001 sec.
Execute     source C:/Xilinx/Vivado/2017.3/common/technology/generic/autopilot/common.gen 
Execute       source C:/Xilinx/Vivado/2017.3/common/technology/generic/autopilot/APCoreGen.gen 
Command       ap_source returned 0; 0.001 sec.
Command     ap_source returned 0; 0.002 sec.
Execute     source C:/Xilinx/Vivado/2017.3/common/technology/generic/autopilot/op.gen 
Command     ap_source returned 0; 0.001 sec.
Execute     source C:/Xilinx/Vivado/2017.3/common/technology/generic/autopilot/op_simcore.gen 
Command     ap_source returned 0; 0.001 sec.
Execute     source C:/Xilinx/Vivado/2017.3/common/technology/generic/autopilot/interface.gen 
Command     ap_source returned 0; 0.001 sec.
Execute     source C:/Users/yoflippo/Documents/PYNQ_lab6/PYNQ/PYNQ/hls/video1/solution1/.autopilot/db/global.setting.tcl 
Command     ap_source returned 0; 0.001 sec.
Execute     source C:/Xilinx/Vivado/2017.3/common/technology/xilinx/zynq/zynq.gen 
Execute       source C:/Xilinx/Vivado/2017.3/common/technology/xilinx/common/virtex.gen 
Execute         source C:/Xilinx/Vivado/2017.3/common/technology/xilinx/common/xilinx.gen 
Execute           source C:/Xilinx/Vivado/2017.3/common/technology/xilinx/interface/plb46.gen 
Command           ap_source returned 0; 0.001 sec.
Execute           source C:/Xilinx/Vivado/2017.3/common/technology/xilinx/interface/fsl.gen 
Command           ap_source returned 0; 0.001 sec.
Execute           source C:/Xilinx/Vivado/2017.3/common/technology/xilinx/interface/axi4.gen 
Command           ap_source returned 0; 0.002 sec.
Execute           source C:/Xilinx/Vivado/2017.3/common/technology/xilinx/interface/nativeAXI4.gen 
Execute             source C:/Xilinx/Vivado/2017.3/common/technology/xilinx/interface/saxilite.gen 
Command             ap_source returned 0; 0.004 sec.
Execute             source C:/Xilinx/Vivado/2017.3/common/technology/xilinx/interface/maxi.gen 
Command             ap_source returned 0; 0.008 sec.
Command           ap_source returned 0; 0.013 sec.
Execute           source C:/Xilinx/Vivado/2017.3/common/technology/xilinx/scripts/xilinxcoregen.gen 
Command           ap_source returned 0; 0.013 sec.
Execute           source C:/Xilinx/Vivado/2017.3/common/technology/xilinx/interface/XilEDKCoreGen.gen 
Command           ap_source returned 0; 0.01 sec.
Execute           source C:/Xilinx/Vivado/2017.3/common/technology/xilinx/ip/dds_compiler.gen 
Command           ap_source returned 0; 0.004 sec.
Execute           source C:/Xilinx/Vivado/2017.3/common/technology/xilinx/ip/util.gen 
Command           ap_source returned 0; 0 sec.
Execute           source C:/Xilinx/Vivado/2017.3/common/technology/xilinx/ip/xfft.gen 
Command           ap_source returned 0; 0.112 sec.
Execute           source C:/Xilinx/Vivado/2017.3/common/technology/xilinx/ip/xfir.gen 
Command           ap_source returned 0; 0.001 sec.
Command         ap_source returned 0; 0.157 sec.
Execute         source C:/Xilinx/Vivado/2017.3/common/technology/xilinx/common/dsp48.gen 
Command         ap_source returned 0; 0.001 sec.
Command       ap_source returned 0; 0.161 sec.
Command     ap_source returned 0; 0.161 sec.
Execute     source C:/Xilinx/Vivado/2017.3/common/technology/xilinx/zynq/zynq_fpv6.gen 
Execute       source C:/Xilinx/Vivado/2017.3/common/technology/xilinx/common/xilinx_fpv6.gen 
Command       ap_source returned 0; 0.002 sec.
Command     ap_source returned 0; 0.003 sec.
Execute     source C:/Users/yoflippo/Documents/PYNQ_lab6/PYNQ/PYNQ/hls/video1/solution1/.autopilot/db/global.setting.tcl 
Command     ap_source returned 0; 0.001 sec.
Execute     source C:/Users/yoflippo/Documents/PYNQ_lab6/PYNQ/PYNQ/hls/video1/solution1/.autopilot/db/global.setting.tcl 
Command     ap_source returned 0; 0.001 sec.
Execute     source C:/Users/yoflippo/Documents/PYNQ_lab6/PYNQ/PYNQ/hls/video1/solution1/.autopilot/db/stream.compgen.tcl 
Command     ap_source returned 0; 0.001 sec.
Execute     source C:/Users/yoflippo/Documents/PYNQ_lab6/PYNQ/PYNQ/hls/video1/solution1/.autopilot/db/global.setting.tcl 
Command     ap_source returned 0; 0.001 sec.
Execute     source C:/Users/yoflippo/Documents/PYNQ_lab6/PYNQ/PYNQ/hls/video1/solution1/.autopilot/db/global.setting.tcl 
Command     ap_source returned 0; 0.001 sec.
Execute     source C:/Users/yoflippo/Documents/PYNQ_lab6/PYNQ/PYNQ/hls/video1/solution1/.autopilot/db/stream.compgen.tcl 
Execute       source C:/Users/yoflippo/Documents/PYNQ_lab6/PYNQ/PYNQ/hls/video1/solution1/.autopilot/db/stream.rtl_wrap.cfg.tcl 
Command       ap_source returned 0; 0.002 sec.
Execute       source C:/Users/yoflippo/Documents/PYNQ_lab6/PYNQ/PYNQ/hls/video1/solution1/.autopilot/db/stream.rtl_wrap.cfg.tcl 
Command       ap_source returned 0; 0.002 sec.
Execute       source C:/Users/yoflippo/Documents/PYNQ_lab6/PYNQ/PYNQ/hls/video1/solution1/.autopilot/db/stream.rtl_wrap.cfg.tcl 
Command       ap_source returned 0; 0.002 sec.
Execute       source C:/Users/yoflippo/Documents/PYNQ_lab6/PYNQ/PYNQ/hls/video1/solution1/.autopilot/db/stream.tbgen.tcl 
Command       ap_source returned 0; 0.001 sec.
Execute       source C:/Users/yoflippo/Documents/PYNQ_lab6/PYNQ/PYNQ/hls/video1/solution1/.autopilot/db/stream.tbgen.tcl 
Command       ap_source returned 0; 0.001 sec.
Command     ap_source returned 0; 0.121 sec.
Execute     source C:/Users/yoflippo/Documents/PYNQ_lab6/PYNQ/PYNQ/hls/video1/solution1/.autopilot/db/global.setting.tcl 
Command     ap_source returned 0; 0.001 sec.
Execute     source C:/Users/yoflippo/Documents/PYNQ_lab6/PYNQ/PYNQ/hls/video1/solution1/.autopilot/db/global.setting.tcl 
Command     ap_source returned 0; 0.001 sec.
Execute     source C:/Users/yoflippo/Documents/PYNQ_lab6/PYNQ/PYNQ/hls/video1/solution1/.autopilot/db/stream.compgen.tcl 
Command     ap_source returned 0; 0.001 sec.
Execute     source C:/Users/yoflippo/Documents/PYNQ_lab6/PYNQ/PYNQ/hls/video1/solution1/.autopilot/db/global.setting.tcl 
Command     ap_source returned 0; 0.009 sec.
Execute     source C:/Users/yoflippo/Documents/PYNQ_lab6/PYNQ/PYNQ/hls/video1/solution1/.autopilot/db/stream.constraint.tcl 
Command     ap_source returned 0; 0.001 sec.
Execute     source C:/Users/yoflippo/Documents/PYNQ_lab6/PYNQ/PYNQ/hls/video1/solution1/.autopilot/db/global.setting.tcl 
Command     ap_source returned 0; 0.002 sec.
Execute     source C:/Users/yoflippo/Documents/PYNQ_lab6/PYNQ/PYNQ/hls/video1/solution1/.autopilot/db/stream.rtl_wrap.cfg.tcl 
Command     ap_source returned 0; 0.001 sec.
Execute     source C:/Users/yoflippo/Documents/PYNQ_lab6/PYNQ/PYNQ/hls/video1/solution1/.autopilot/db/stream.rtl_wrap.cfg.tcl 
Command     ap_source returned 0; 0.002 sec.
Execute     source C:/Users/yoflippo/Documents/PYNQ_lab6/PYNQ/PYNQ/hls/video1/solution1/.autopilot/db/stream.rtl_wrap.cfg.tcl 
Command     ap_source returned 0; 0.002 sec.
Execute     source C:/Users/yoflippo/Documents/PYNQ_lab6/PYNQ/PYNQ/hls/video1/solution1/.autopilot/db/stream.tbgen.tcl 
Command     ap_source returned 0; 0.002 sec.
Execute     source C:/Users/yoflippo/Documents/PYNQ_lab6/PYNQ/PYNQ/hls/video1/solution1/.autopilot/db/stream.tbgen.tcl 
Command     ap_source returned 0; 0.001 sec.
Execute     source C:/Users/yoflippo/Documents/PYNQ_lab6/PYNQ/PYNQ/hls/video1/solution1/.autopilot/db/stream.tbgen.tcl 
Command     ap_source returned 0; 0.002 sec.
Execute     source C:/Users/yoflippo/Documents/PYNQ_lab6/PYNQ/PYNQ/hls/video1/solution1/.autopilot/db/stream.tbgen.tcl 
Command     ap_source returned 0; 0.001 sec.
Execute     source C:/Users/yoflippo/Documents/PYNQ_lab6/PYNQ/PYNQ/hls/video1/solution1/.autopilot/db/stream.tbgen.tcl 
Command     ap_source returned 0; 0.002 sec.
Execute     source C:/Users/yoflippo/Documents/PYNQ_lab6/PYNQ/PYNQ/hls/video1/solution1/.autopilot/db/stream.tbgen.tcl 
Command     ap_source returned 0; 0.001 sec.
Execute     source C:/Users/yoflippo/Documents/PYNQ_lab6/PYNQ/PYNQ/hls/video1/solution1/.autopilot/db/stream.tbgen.tcl 
Command     ap_source returned 0; 0.001 sec.
Execute     source C:/Users/yoflippo/Documents/PYNQ_lab6/PYNQ/PYNQ/hls/video1/solution1/.autopilot/db/stream.tbgen.tcl 
Command     ap_source returned 0; 0.001 sec.
Execute     source C:/Users/yoflippo/Documents/PYNQ_lab6/PYNQ/PYNQ/hls/video1/solution1/.autopilot/db/stream.tbgen.tcl 
Command     ap_source returned 0; 0.001 sec.
Execute     source C:/Users/yoflippo/Documents/PYNQ_lab6/PYNQ/PYNQ/hls/video1/solution1/.autopilot/db/global.setting.tcl 
Command     ap_source returned 0; 0.001 sec.
Execute     source C:/Users/yoflippo/Documents/PYNQ_lab6/PYNQ/PYNQ/hls/video1/solution1/.autopilot/db/global.setting.tcl 
Command     ap_source returned 0; 0.001 sec.
Execute     source C:/Users/yoflippo/Documents/PYNQ_lab6/PYNQ/PYNQ/hls/video1/solution1/.autopilot/db/global.setting.tcl 
Command     ap_source returned 0; 0.001 sec.
Execute     source C:/Users/yoflippo/Documents/PYNQ_lab6/PYNQ/PYNQ/hls/video1/solution1/.autopilot/db/stream.rtl_wrap.cfg.tcl 
Command     ap_source returned 0; 0.002 sec.
Execute     source C:/Users/yoflippo/Documents/PYNQ_lab6/PYNQ/PYNQ/hls/video1/solution1/.autopilot/db/stream.rtl_wrap.cfg.tcl 
Command     ap_source returned 0; 0.003 sec.
Execute     source C:/Users/yoflippo/Documents/PYNQ_lab6/PYNQ/PYNQ/hls/video1/solution1/.autopilot/db/stream.tbgen.tcl 
Command     ap_source returned 0; 0.001 sec.
Execute     source C:/Users/yoflippo/Documents/PYNQ_lab6/PYNQ/PYNQ/hls/video1/solution1/.autopilot/db/stream.tbgen.tcl 
Command     ap_source returned 0; 0.001 sec.
Execute     source C:/Users/yoflippo/Documents/PYNQ_lab6/PYNQ/PYNQ/hls/video1/solution1/.autopilot/db/stream.rtl_wrap.cfg.tcl 
Command     ap_source returned 0; 0.003 sec.
Execute     source C:/Users/yoflippo/Documents/PYNQ_lab6/PYNQ/PYNQ/hls/video1/solution1/.autopilot/db/stream.rtl_wrap.cfg.tcl 
Command     ap_source returned 0; 0.002 sec.
Execute     source C:/Users/yoflippo/Documents/PYNQ_lab6/PYNQ/PYNQ/hls/video1/solution1/.autopilot/db/stream.tbgen.tcl 
Command     ap_source returned 0; 0.003 sec.
Execute     source C:/Users/yoflippo/Documents/PYNQ_lab6/PYNQ/PYNQ/hls/video1/solution1/.autopilot/db/stream.tbgen.tcl 
Command     ap_source returned 0; 0.001 sec.
Execute     source C:/Users/yoflippo/Documents/PYNQ_lab6/PYNQ/PYNQ/hls/video1/solution1/.autopilot/db/global.setting.tcl 
Command     ap_source returned 0; 0 sec.
Execute     source C:/Users/yoflippo/Documents/PYNQ_lab6/PYNQ/PYNQ/hls/video1/solution1/.autopilot/db/global.setting.tcl 
Command     ap_source returned 0; 0.002 sec.
Execute     source C:/Users/yoflippo/Documents/PYNQ_lab6/PYNQ/PYNQ/hls/video1/solution1/.autopilot/db/stream.constraint.tcl 
Command     ap_source returned 0; 0.001 sec.
Execute     source C:/Users/yoflippo/Documents/PYNQ_lab6/PYNQ/PYNQ/hls/video1/solution1/.autopilot/db/global.setting.tcl 
Command     ap_source returned 0; 0.001 sec.
Execute     source C:/Users/yoflippo/Documents/PYNQ_lab6/PYNQ/PYNQ/hls/video1/solution1/.autopilot/db/global.setting.tcl 
Command     ap_source returned 0; 0.001 sec.
Execute     source C:/Users/yoflippo/Documents/PYNQ_lab6/PYNQ/PYNQ/hls/video1/solution1/.autopilot/db/stream.constraint.tcl 
Command     ap_source returned 0; 0.001 sec.
Execute     source C:/Users/yoflippo/Documents/PYNQ_lab6/PYNQ/PYNQ/hls/video1/solution1/.autopilot/db/global.setting.tcl 
Command     ap_source returned 0; 0.001 sec.
Execute     source C:/Users/yoflippo/Documents/PYNQ_lab6/PYNQ/PYNQ/hls/video1/solution1/.autopilot/db/stream.constraint.tcl 
Command     ap_source returned 0; 0.001 sec.
Execute     source C:/Users/yoflippo/Documents/PYNQ_lab6/PYNQ/PYNQ/hls/video1/solution1/.autopilot/db/global.setting.tcl 
Command     ap_source returned 0; 0.001 sec.
Execute     source C:/Xilinx/Vivado/2017.3/common/technology/generic/autopilot/common.gen 
Execute       source C:/Xilinx/Vivado/2017.3/common/technology/generic/autopilot/APCoreGen.gen 
Command       ap_source returned 0; 0.001 sec.
Command     ap_source returned 0; 0.003 sec.
Execute     source C:/Xilinx/Vivado/2017.3/common/technology/generic/autopilot/op.gen 
Command     ap_source returned 0; 0.001 sec.
Execute     source C:/Xilinx/Vivado/2017.3/common/technology/generic/autopilot/op_simcore.gen 
Command     ap_source returned 0; 0.002 sec.
Execute     source C:/Xilinx/Vivado/2017.3/common/technology/generic/autopilot/interface.gen 
Command     ap_source returned 0; 0 sec.
Execute     source C:/Users/yoflippo/Documents/PYNQ_lab6/PYNQ/PYNQ/hls/video1/solution1/.autopilot/db/global.setting.tcl 
Command     ap_source returned 0; 0.002 sec.
Execute     source C:/Xilinx/Vivado/2017.3/common/technology/xilinx/zynq/zynq.gen 
Execute       source C:/Xilinx/Vivado/2017.3/common/technology/xilinx/common/virtex.gen 
Execute         source C:/Xilinx/Vivado/2017.3/common/technology/xilinx/common/xilinx.gen 
Execute           source C:/Xilinx/Vivado/2017.3/common/technology/xilinx/interface/plb46.gen 
Command           ap_source returned 0; 0.002 sec.
Execute           source C:/Xilinx/Vivado/2017.3/common/technology/xilinx/interface/fsl.gen 
Command           ap_source returned 0; 0.001 sec.
Execute           source C:/Xilinx/Vivado/2017.3/common/technology/xilinx/interface/axi4.gen 
Command           ap_source returned 0; 0.003 sec.
Execute           source C:/Xilinx/Vivado/2017.3/common/technology/xilinx/interface/nativeAXI4.gen 
Execute             source C:/Xilinx/Vivado/2017.3/common/technology/xilinx/interface/saxilite.gen 
Command             ap_source returned 0; 0.005 sec.
Execute             source C:/Xilinx/Vivado/2017.3/common/technology/xilinx/interface/maxi.gen 
Command             ap_source returned 0; 0.011 sec.
Command           ap_source returned 0; 0.019 sec.
Execute           source C:/Xilinx/Vivado/2017.3/common/technology/xilinx/scripts/xilinxcoregen.gen 
Command           ap_source returned 0; 0.017 sec.
Execute           source C:/Xilinx/Vivado/2017.3/common/technology/xilinx/interface/XilEDKCoreGen.gen 
Command           ap_source returned 0; 0.013 sec.
Execute           source C:/Xilinx/Vivado/2017.3/common/technology/xilinx/ip/dds_compiler.gen 
Command           ap_source returned 0; 0.004 sec.
Execute           source C:/Xilinx/Vivado/2017.3/common/technology/xilinx/ip/util.gen 
Command           ap_source returned 0; 0 sec.
Execute           source C:/Xilinx/Vivado/2017.3/common/technology/xilinx/ip/xfft.gen 
Command           ap_source returned 0; 0.136 sec.
Execute           source C:/Xilinx/Vivado/2017.3/common/technology/xilinx/ip/xfir.gen 
Command           ap_source returned 0; 0.001 sec.
Command         ap_source returned 0; 0.2 sec.
Execute         source C:/Xilinx/Vivado/2017.3/common/technology/xilinx/common/dsp48.gen 
Command         ap_source returned 0; 0 sec.
Command       ap_source returned 0; 0.205 sec.
Command     ap_source returned 0; 0.205 sec.
Execute     source C:/Xilinx/Vivado/2017.3/common/technology/xilinx/zynq/zynq_fpv6.gen 
Execute       source C:/Xilinx/Vivado/2017.3/common/technology/xilinx/common/xilinx_fpv6.gen 
Command       ap_source returned 0; 0.002 sec.
Command     ap_source returned 0; 0.003 sec.
Execute     source C:/Users/yoflippo/Documents/PYNQ_lab6/PYNQ/PYNQ/hls/video1/solution1/.autopilot/db/global.setting.tcl 
Command     ap_source returned 0; 0.001 sec.
Execute     source C:/Xilinx/Vivado/2017.3/common/technology/generic/autopilot/common.gen 
Execute       source C:/Xilinx/Vivado/2017.3/common/technology/generic/autopilot/APCoreGen.gen 
Command       ap_source returned 0; 0.002 sec.
Command     ap_source returned 0; 0.002 sec.
Execute     source C:/Xilinx/Vivado/2017.3/common/technology/generic/autopilot/op.gen 
Command     ap_source returned 0; 0 sec.
Execute     source C:/Xilinx/Vivado/2017.3/common/technology/generic/autopilot/op_simcore.gen 
Command     ap_source returned 0; 0.001 sec.
Execute     source C:/Xilinx/Vivado/2017.3/common/technology/generic/autopilot/interface.gen 
Command     ap_source returned 0; 0 sec.
Execute     source C:/Users/yoflippo/Documents/PYNQ_lab6/PYNQ/PYNQ/hls/video1/solution1/.autopilot/db/global.setting.tcl 
Command     ap_source returned 0; 0.001 sec.
Execute     source C:/Xilinx/Vivado/2017.3/common/technology/xilinx/zynq/zynq.gen 
Execute       source C:/Xilinx/Vivado/2017.3/common/technology/xilinx/common/virtex.gen 
Execute         source C:/Xilinx/Vivado/2017.3/common/technology/xilinx/common/xilinx.gen 
Execute           source C:/Xilinx/Vivado/2017.3/common/technology/xilinx/interface/plb46.gen 
Command           ap_source returned 0; 0.002 sec.
Execute           source C:/Xilinx/Vivado/2017.3/common/technology/xilinx/interface/fsl.gen 
Command           ap_source returned 0; 0.001 sec.
Execute           source C:/Xilinx/Vivado/2017.3/common/technology/xilinx/interface/axi4.gen 
Command           ap_source returned 0; 0.003 sec.
Execute           source C:/Xilinx/Vivado/2017.3/common/technology/xilinx/interface/nativeAXI4.gen 
Execute             source C:/Xilinx/Vivado/2017.3/common/technology/xilinx/interface/saxilite.gen 
Command             ap_source returned 0; 0.005 sec.
Execute             source C:/Xilinx/Vivado/2017.3/common/technology/xilinx/interface/maxi.gen 
Command             ap_source returned 0; 0.009 sec.
Command           ap_source returned 0; 0.015 sec.
Execute           source C:/Xilinx/Vivado/2017.3/common/technology/xilinx/scripts/xilinxcoregen.gen 
Command           ap_source returned 0; 0.014 sec.
Execute           source C:/Xilinx/Vivado/2017.3/common/technology/xilinx/interface/XilEDKCoreGen.gen 
Command           ap_source returned 0; 0.01 sec.
Execute           source C:/Xilinx/Vivado/2017.3/common/technology/xilinx/ip/dds_compiler.gen 
Command           ap_source returned 0; 0.004 sec.
Execute           source C:/Xilinx/Vivado/2017.3/common/technology/xilinx/ip/util.gen 
Command           ap_source returned 0; 0.001 sec.
Execute           source C:/Xilinx/Vivado/2017.3/common/technology/xilinx/ip/xfft.gen 
Command           ap_source returned 0; 0.15 sec.
Execute           source C:/Xilinx/Vivado/2017.3/common/technology/xilinx/ip/xfir.gen 
Command           ap_source returned 0; 0.001 sec.
Command         ap_source returned 0; 0.204 sec.
Execute         source C:/Xilinx/Vivado/2017.3/common/technology/xilinx/common/dsp48.gen 
Command         ap_source returned 0; 0 sec.
Command       ap_source returned 0; 0.208 sec.
Command     ap_source returned 0; 0.208 sec.
Execute     source C:/Xilinx/Vivado/2017.3/common/technology/xilinx/zynq/zynq_fpv6.gen 
Execute       source C:/Xilinx/Vivado/2017.3/common/technology/xilinx/common/xilinx_fpv6.gen 
Command       ap_source returned 0; 0.002 sec.
Command     ap_source returned 0; 0.003 sec.
Execute     source C:/Users/yoflippo/Documents/PYNQ_lab6/PYNQ/PYNQ/hls/video1/solution1/.autopilot/db/global.setting.tcl 
Command     ap_source returned 0; 0.001 sec.
Execute     source C:/Users/yoflippo/Documents/PYNQ_lab6/PYNQ/PYNQ/hls/video1/solution1/.autopilot/db/global.setting.tcl 
Command     ap_source returned 0; 0.001 sec.
Execute     source C:/Users/yoflippo/Documents/PYNQ_lab6/PYNQ/PYNQ/hls/video1/solution1/.autopilot/db/global.setting.tcl 
Command     ap_source returned 0; 0.001 sec.
Execute     source C:/Xilinx/Vivado/2017.3/common/technology/generic/autopilot/common.gen 
Execute       source C:/Xilinx/Vivado/2017.3/common/technology/generic/autopilot/APCoreGen.gen 
Command       ap_source returned 0; 0.001 sec.
Command     ap_source returned 0; 0.001 sec.
Execute     source C:/Xilinx/Vivado/2017.3/common/technology/generic/autopilot/op.gen 
Command     ap_source returned 0; 0.001 sec.
Execute     source C:/Xilinx/Vivado/2017.3/common/technology/generic/autopilot/op_simcore.gen 
Command     ap_source returned 0; 0.001 sec.
Execute     source C:/Xilinx/Vivado/2017.3/common/technology/generic/autopilot/interface.gen 
Command     ap_source returned 0; 0 sec.
Execute     source C:/Users/yoflippo/Documents/PYNQ_lab6/PYNQ/PYNQ/hls/video1/solution1/.autopilot/db/global.setting.tcl 
Command     ap_source returned 0; 0.001 sec.
Execute     source C:/Xilinx/Vivado/2017.3/common/technology/xilinx/zynq/zynq.gen 
Execute       source C:/Xilinx/Vivado/2017.3/common/technology/xilinx/common/virtex.gen 
Execute         source C:/Xilinx/Vivado/2017.3/common/technology/xilinx/common/xilinx.gen 
Execute           source C:/Xilinx/Vivado/2017.3/common/technology/xilinx/interface/plb46.gen 
Command           ap_source returned 0; 0.002 sec.
Execute           source C:/Xilinx/Vivado/2017.3/common/technology/xilinx/interface/fsl.gen 
Command           ap_source returned 0; 0.001 sec.
Execute           source C:/Xilinx/Vivado/2017.3/common/technology/xilinx/interface/axi4.gen 
Command           ap_source returned 0; 0.003 sec.
Execute           source C:/Xilinx/Vivado/2017.3/common/technology/xilinx/interface/nativeAXI4.gen 
Execute             source C:/Xilinx/Vivado/2017.3/common/technology/xilinx/interface/saxilite.gen 
Command             ap_source returned 0; 0.005 sec.
Execute             source C:/Xilinx/Vivado/2017.3/common/technology/xilinx/interface/maxi.gen 
Command             ap_source returned 0; 0.009 sec.
Command           ap_source returned 0; 0.014 sec.
Execute           source C:/Xilinx/Vivado/2017.3/common/technology/xilinx/scripts/xilinxcoregen.gen 
Command           ap_source returned 0; 0.015 sec.
Execute           source C:/Xilinx/Vivado/2017.3/common/technology/xilinx/interface/XilEDKCoreGen.gen 
Command           ap_source returned 0; 0.011 sec.
Execute           source C:/Xilinx/Vivado/2017.3/common/technology/xilinx/ip/dds_compiler.gen 
Command           ap_source returned 0; 0.004 sec.
Execute           source C:/Xilinx/Vivado/2017.3/common/technology/xilinx/ip/util.gen 
Command           ap_source returned 0; 0.001 sec.
Execute           source C:/Xilinx/Vivado/2017.3/common/technology/xilinx/ip/xfft.gen 
Command           ap_source returned 0; 0.131 sec.
Execute           source C:/Xilinx/Vivado/2017.3/common/technology/xilinx/ip/xfir.gen 
Command           ap_source returned 0; 0.002 sec.
Command         ap_source returned 0; 0.185 sec.
Execute         source C:/Xilinx/Vivado/2017.3/common/technology/xilinx/common/dsp48.gen 
Command         ap_source returned 0; 0 sec.
Command       ap_source returned 0; 0.191 sec.
Command     ap_source returned 0; 0.191 sec.
Execute     source C:/Xilinx/Vivado/2017.3/common/technology/xilinx/zynq/zynq_fpv6.gen 
Execute       source C:/Xilinx/Vivado/2017.3/common/technology/xilinx/common/xilinx_fpv6.gen 
Command       ap_source returned 0; 0.003 sec.
Command     ap_source returned 0; 0.004 sec.
Execute     source C:/Users/yoflippo/Documents/PYNQ_lab6/PYNQ/PYNQ/hls/video1/solution1/.autopilot/db/global.setting.tcl 
Command     ap_source returned 0; 0.001 sec.
Execute     source C:/Users/yoflippo/Documents/PYNQ_lab6/PYNQ/PYNQ/hls/video1/solution1/.autopilot/db/global.setting.tcl 
Command     ap_source returned 0; 0.001 sec.
Execute     source C:/Users/yoflippo/Documents/PYNQ_lab6/PYNQ/PYNQ/hls/video1/solution1/.autopilot/db/stream.compgen.tcl 
Command     ap_source returned 0; 0.001 sec.
Execute     source C:/Users/yoflippo/Documents/PYNQ_lab6/PYNQ/PYNQ/hls/video1/solution1/.autopilot/db/global.setting.tcl 
Command     ap_source returned 0; 0.001 sec.
Execute     source C:/Users/yoflippo/Documents/PYNQ_lab6/PYNQ/PYNQ/hls/video1/solution1/.autopilot/db/stream.constraint.tcl 
Command     ap_source returned 0; 0.001 sec.
Execute     source C:/Users/yoflippo/Documents/PYNQ_lab6/PYNQ/PYNQ/hls/video1/solution1/.autopilot/db/global.setting.tcl 
Command     ap_source returned 0; 0.002 sec.
Execute     source C:/Xilinx/Vivado/2017.3/common/technology/generic/autopilot/common.gen 
Execute       source C:/Xilinx/Vivado/2017.3/common/technology/generic/autopilot/APCoreGen.gen 
Command       ap_source returned 0; 0.001 sec.
Command     ap_source returned 0; 0.002 sec.
Execute     source C:/Xilinx/Vivado/2017.3/common/technology/generic/autopilot/op.gen 
Command     ap_source returned 0; 0.001 sec.
Execute     source C:/Xilinx/Vivado/2017.3/common/technology/generic/autopilot/op_simcore.gen 
Command     ap_source returned 0; 0.002 sec.
Execute     source C:/Xilinx/Vivado/2017.3/common/technology/generic/autopilot/interface.gen 
Command     ap_source returned 0; 0 sec.
Execute     source C:/Users/yoflippo/Documents/PYNQ_lab6/PYNQ/PYNQ/hls/video1/solution1/.autopilot/db/global.setting.tcl 
Command     ap_source returned 0; 0.001 sec.
Execute     source C:/Xilinx/Vivado/2017.3/common/technology/xilinx/zynq/zynq.gen 
Execute       source C:/Xilinx/Vivado/2017.3/common/technology/xilinx/common/virtex.gen 
Execute         source C:/Xilinx/Vivado/2017.3/common/technology/xilinx/common/xilinx.gen 
Execute           source C:/Xilinx/Vivado/2017.3/common/technology/xilinx/interface/plb46.gen 
Command           ap_source returned 0; 0.001 sec.
Execute           source C:/Xilinx/Vivado/2017.3/common/technology/xilinx/interface/fsl.gen 
Command           ap_source returned 0; 0.001 sec.
Execute           source C:/Xilinx/Vivado/2017.3/common/technology/xilinx/interface/axi4.gen 
Command           ap_source returned 0; 0.005 sec.
Execute           source C:/Xilinx/Vivado/2017.3/common/technology/xilinx/interface/nativeAXI4.gen 
Execute             source C:/Xilinx/Vivado/2017.3/common/technology/xilinx/interface/saxilite.gen 
Command             ap_source returned 0; 0.008 sec.
Execute             source C:/Xilinx/Vivado/2017.3/common/technology/xilinx/interface/maxi.gen 
Command             ap_source returned 0; 0.011 sec.
Command           ap_source returned 0; 0.019 sec.
Execute           source C:/Xilinx/Vivado/2017.3/common/technology/xilinx/scripts/xilinxcoregen.gen 
Command           ap_source returned 0; 0.014 sec.
Execute           source C:/Xilinx/Vivado/2017.3/common/technology/xilinx/interface/XilEDKCoreGen.gen 
Command           ap_source returned 0; 0.01 sec.
Execute           source C:/Xilinx/Vivado/2017.3/common/technology/xilinx/ip/dds_compiler.gen 
Command           ap_source returned 0; 0.004 sec.
Execute           source C:/Xilinx/Vivado/2017.3/common/technology/xilinx/ip/util.gen 
Command           ap_source returned 0; 0.001 sec.
Execute           source C:/Xilinx/Vivado/2017.3/common/technology/xilinx/ip/xfft.gen 
Command           ap_source returned 0; 0.156 sec.
Execute           source C:/Xilinx/Vivado/2017.3/common/technology/xilinx/ip/xfir.gen 
Command           ap_source returned 0; 0.001 sec.
Command         ap_source returned 0; 0.215 sec.
Execute         source C:/Xilinx/Vivado/2017.3/common/technology/xilinx/common/dsp48.gen 
Command         ap_source returned 0; 0 sec.
Command       ap_source returned 0; 0.218 sec.
Command     ap_source returned 0; 0.219 sec.
Execute     source C:/Xilinx/Vivado/2017.3/common/technology/xilinx/zynq/zynq_fpv6.gen 
Execute       source C:/Xilinx/Vivado/2017.3/common/technology/xilinx/common/xilinx_fpv6.gen 
Command       ap_source returned 0; 0.002 sec.
Command     ap_source returned 0; 0.003 sec.
Execute     source C:/Users/yoflippo/Documents/PYNQ_lab6/PYNQ/PYNQ/hls/video1/solution1/.autopilot/db/global.setting.tcl 
Command     ap_source returned 0; 0.001 sec.
Execute     source C:/Users/yoflippo/Documents/PYNQ_lab6/PYNQ/PYNQ/hls/video1/solution1/.autopilot/db/global.setting.tcl 
Command     ap_source returned 0; 0.002 sec.
Execute     source C:/Xilinx/Vivado/2017.3/common/technology/generic/autopilot/common.gen 
Execute       source C:/Xilinx/Vivado/2017.3/common/technology/generic/autopilot/APCoreGen.gen 
Command       ap_source returned 0; 0.002 sec.
Command     ap_source returned 0; 0.003 sec.
Execute     source C:/Xilinx/Vivado/2017.3/common/technology/generic/autopilot/op.gen 
Command     ap_source returned 0; 0 sec.
Execute     source C:/Xilinx/Vivado/2017.3/common/technology/generic/autopilot/op_simcore.gen 
Command     ap_source returned 0; 0.002 sec.
Execute     source C:/Xilinx/Vivado/2017.3/common/technology/generic/autopilot/interface.gen 
Command     ap_source returned 0; 0 sec.
Execute     source C:/Users/yoflippo/Documents/PYNQ_lab6/PYNQ/PYNQ/hls/video1/solution1/.autopilot/db/global.setting.tcl 
Command     ap_source returned 0; 0.002 sec.
Execute     source C:/Xilinx/Vivado/2017.3/common/technology/xilinx/zynq/zynq.gen 
Execute       source C:/Xilinx/Vivado/2017.3/common/technology/xilinx/common/virtex.gen 
Execute         source C:/Xilinx/Vivado/2017.3/common/technology/xilinx/common/xilinx.gen 
Execute           source C:/Xilinx/Vivado/2017.3/common/technology/xilinx/interface/plb46.gen 
Command           ap_source returned 0; 0.003 sec.
Execute           source C:/Xilinx/Vivado/2017.3/common/technology/xilinx/interface/fsl.gen 
Command           ap_source returned 0; 0.001 sec.
Execute           source C:/Xilinx/Vivado/2017.3/common/technology/xilinx/interface/axi4.gen 
Command           ap_source returned 0; 0.003 sec.
Execute           source C:/Xilinx/Vivado/2017.3/common/technology/xilinx/interface/nativeAXI4.gen 
Execute             source C:/Xilinx/Vivado/2017.3/common/technology/xilinx/interface/saxilite.gen 
Command             ap_source returned 0; 0.005 sec.
Execute             source C:/Xilinx/Vivado/2017.3/common/technology/xilinx/interface/maxi.gen 
Command             ap_source returned 0; 0.011 sec.
Command           ap_source returned 0; 0.018 sec.
Execute           source C:/Xilinx/Vivado/2017.3/common/technology/xilinx/scripts/xilinxcoregen.gen 
Command           ap_source returned 0; 0.021 sec.
Execute           source C:/Xilinx/Vivado/2017.3/common/technology/xilinx/interface/XilEDKCoreGen.gen 
Command           ap_source returned 0; 0.013 sec.
Execute           source C:/Xilinx/Vivado/2017.3/common/technology/xilinx/ip/dds_compiler.gen 
Command           ap_source returned 0; 0.006 sec.
Execute           source C:/Xilinx/Vivado/2017.3/common/technology/xilinx/ip/util.gen 
Command           ap_source returned 0; 0.001 sec.
Execute           source C:/Xilinx/Vivado/2017.3/common/technology/xilinx/ip/xfft.gen 
Command           ap_source returned 0; 0.135 sec.
Execute           source C:/Xilinx/Vivado/2017.3/common/technology/xilinx/ip/xfir.gen 
Command           ap_source returned 0; 0.001 sec.
Command         ap_source returned 0; 0.205 sec.
Execute         source C:/Xilinx/Vivado/2017.3/common/technology/xilinx/common/dsp48.gen 
Command         ap_source returned 0; 0 sec.
Command       ap_source returned 0; 0.209 sec.
Command     ap_source returned 0; 0.209 sec.
Execute     source C:/Xilinx/Vivado/2017.3/common/technology/xilinx/zynq/zynq_fpv6.gen 
Execute       source C:/Xilinx/Vivado/2017.3/common/technology/xilinx/common/xilinx_fpv6.gen 
Command       ap_source returned 0; 0.002 sec.
Command     ap_source returned 0; 0.002 sec.
Execute     source C:/Users/yoflippo/Documents/PYNQ_lab6/PYNQ/PYNQ/hls/video1/solution1/.autopilot/db/global.setting.tcl 
Command     ap_source returned 0; 0.002 sec.
Execute     source C:/Users/yoflippo/Documents/PYNQ_lab6/PYNQ/PYNQ/hls/video1/solution1/.autopilot/db/global.setting.tcl 
Command     ap_source returned 0; 0.001 sec.
Execute     source C:/Users/yoflippo/Documents/PYNQ_lab6/PYNQ/PYNQ/hls/video1/solution1/.autopilot/db/global.setting.tcl 
Command     ap_source returned 0; 0.001 sec.
Execute     source C:/Xilinx/Vivado/2017.3/common/technology/generic/autopilot/common.gen 
Execute       source C:/Xilinx/Vivado/2017.3/common/technology/generic/autopilot/APCoreGen.gen 
Command       ap_source returned 0; 0.001 sec.
Command     ap_source returned 0; 0.002 sec.
Execute     source C:/Xilinx/Vivado/2017.3/common/technology/generic/autopilot/op.gen 
Command     ap_source returned 0; 0 sec.
Execute     source C:/Xilinx/Vivado/2017.3/common/technology/generic/autopilot/op_simcore.gen 
Command     ap_source returned 0; 0.001 sec.
Execute     source C:/Xilinx/Vivado/2017.3/common/technology/generic/autopilot/interface.gen 
Command     ap_source returned 0; 0 sec.
Execute     source C:/Users/yoflippo/Documents/PYNQ_lab6/PYNQ/PYNQ/hls/video1/solution1/.autopilot/db/global.setting.tcl 
Command     ap_source returned 0; 0.001 sec.
Execute     source C:/Xilinx/Vivado/2017.3/common/technology/xilinx/zynq/zynq.gen 
Execute       source C:/Xilinx/Vivado/2017.3/common/technology/xilinx/common/virtex.gen 
Execute         source C:/Xilinx/Vivado/2017.3/common/technology/xilinx/common/xilinx.gen 
Execute           source C:/Xilinx/Vivado/2017.3/common/technology/xilinx/interface/plb46.gen 
Command           ap_source returned 0; 0.001 sec.
Execute           source C:/Xilinx/Vivado/2017.3/common/technology/xilinx/interface/fsl.gen 
Command           ap_source returned 0; 0.001 sec.
Execute           source C:/Xilinx/Vivado/2017.3/common/technology/xilinx/interface/axi4.gen 
Command           ap_source returned 0; 0.003 sec.
Execute           source C:/Xilinx/Vivado/2017.3/common/technology/xilinx/interface/nativeAXI4.gen 
Execute             source C:/Xilinx/Vivado/2017.3/common/technology/xilinx/interface/saxilite.gen 
Command             ap_source returned 0; 0.004 sec.
Execute             source C:/Xilinx/Vivado/2017.3/common/technology/xilinx/interface/maxi.gen 
Command             ap_source returned 0; 0.009 sec.
Command           ap_source returned 0; 0.014 sec.
Execute           source C:/Xilinx/Vivado/2017.3/common/technology/xilinx/scripts/xilinxcoregen.gen 
Command           ap_source returned 0; 0.014 sec.
Execute           source C:/Xilinx/Vivado/2017.3/common/technology/xilinx/interface/XilEDKCoreGen.gen 
Command           ap_source returned 0; 0.011 sec.
Execute           source C:/Xilinx/Vivado/2017.3/common/technology/xilinx/ip/dds_compiler.gen 
Command           ap_source returned 0; 0.004 sec.
Execute           source C:/Xilinx/Vivado/2017.3/common/technology/xilinx/ip/util.gen 
Command           ap_source returned 0; 0 sec.
Execute           source C:/Xilinx/Vivado/2017.3/common/technology/xilinx/ip/xfft.gen 
Command           ap_source returned 0; 0.119 sec.
Execute           source C:/Xilinx/Vivado/2017.3/common/technology/xilinx/ip/xfir.gen 
Command           ap_source returned 0; 0.001 sec.
Command         ap_source returned 0; 0.171 sec.
Execute         source C:/Xilinx/Vivado/2017.3/common/technology/xilinx/common/dsp48.gen 
Command         ap_source returned 0; 0.001 sec.
Command       ap_source returned 0; 0.176 sec.
Command     ap_source returned 0; 0.178 sec.
Execute     source C:/Xilinx/Vivado/2017.3/common/technology/xilinx/zynq/zynq_fpv6.gen 
Execute       source C:/Xilinx/Vivado/2017.3/common/technology/xilinx/common/xilinx_fpv6.gen 
Command       ap_source returned 0; 0.002 sec.
Command     ap_source returned 0; 0.003 sec.
Execute     source C:/Users/yoflippo/Documents/PYNQ_lab6/PYNQ/PYNQ/hls/video1/solution1/.autopilot/db/global.setting.tcl 
Command     ap_source returned 0; 0.002 sec.
Execute     source C:/Users/yoflippo/Documents/PYNQ_lab6/PYNQ/PYNQ/hls/video1/solution1/.autopilot/db/global.setting.tcl 
Command     ap_source returned 0; 0.001 sec.
Execute     source C:/Users/yoflippo/Documents/PYNQ_lab6/PYNQ/PYNQ/hls/video1/solution1/.autopilot/db/stream.compgen.tcl 
Command     ap_source returned 0; 0.002 sec.
Execute     source C:/Users/yoflippo/Documents/PYNQ_lab6/PYNQ/PYNQ/hls/video1/solution1/.autopilot/db/global.setting.tcl 
Command     ap_source returned 0; 0.002 sec.
Execute     source C:/Users/yoflippo/Documents/PYNQ_lab6/PYNQ/PYNQ/hls/video1/solution1/.autopilot/db/stream.constraint.tcl 
Command     ap_source returned 0; 0.001 sec.
Execute     source C:/Users/yoflippo/Documents/PYNQ_lab6/PYNQ/PYNQ/hls/video1/solution1/.autopilot/db/global.setting.tcl 
Command     ap_source returned 0; 0.001 sec.
Execute     source C:/Xilinx/Vivado/2017.3/common/technology/generic/autopilot/common.gen 
Execute       source C:/Xilinx/Vivado/2017.3/common/technology/generic/autopilot/APCoreGen.gen 
Command       ap_source returned 0; 0.001 sec.
Command     ap_source returned 0; 0.002 sec.
Execute     source C:/Xilinx/Vivado/2017.3/common/technology/generic/autopilot/op.gen 
Command     ap_source returned 0; 0.001 sec.
Execute     source C:/Xilinx/Vivado/2017.3/common/technology/generic/autopilot/op_simcore.gen 
Command     ap_source returned 0; 0.001 sec.
Execute     source C:/Xilinx/Vivado/2017.3/common/technology/generic/autopilot/interface.gen 
Command     ap_source returned 0; 0 sec.
Execute     source C:/Users/yoflippo/Documents/PYNQ_lab6/PYNQ/PYNQ/hls/video1/solution1/.autopilot/db/global.setting.tcl 
Command     ap_source returned 0; 0.001 sec.
Execute     source C:/Xilinx/Vivado/2017.3/common/technology/xilinx/zynq/zynq.gen 
Execute       source C:/Xilinx/Vivado/2017.3/common/technology/xilinx/common/virtex.gen 
Execute         source C:/Xilinx/Vivado/2017.3/common/technology/xilinx/common/xilinx.gen 
Execute           source C:/Xilinx/Vivado/2017.3/common/technology/xilinx/interface/plb46.gen 
Command           ap_source returned 0; 0.001 sec.
Execute           source C:/Xilinx/Vivado/2017.3/common/technology/xilinx/interface/fsl.gen 
Command           ap_source returned 0; 0.001 sec.
Execute           source C:/Xilinx/Vivado/2017.3/common/technology/xilinx/interface/axi4.gen 
Command           ap_source returned 0; 0.003 sec.
Execute           source C:/Xilinx/Vivado/2017.3/common/technology/xilinx/interface/nativeAXI4.gen 
Execute             source C:/Xilinx/Vivado/2017.3/common/technology/xilinx/interface/saxilite.gen 
Command             ap_source returned 0; 0.005 sec.
Execute             source C:/Xilinx/Vivado/2017.3/common/technology/xilinx/interface/maxi.gen 
Command             ap_source returned 0; 0.009 sec.
Command           ap_source returned 0; 0.015 sec.
Execute           source C:/Xilinx/Vivado/2017.3/common/technology/xilinx/scripts/xilinxcoregen.gen 
Command           ap_source returned 0; 0.015 sec.
Execute           source C:/Xilinx/Vivado/2017.3/common/technology/xilinx/interface/XilEDKCoreGen.gen 
Command           ap_source returned 0; 0.01 sec.
Execute           source C:/Xilinx/Vivado/2017.3/common/technology/xilinx/ip/dds_compiler.gen 
Command           ap_source returned 0; 0.004 sec.
Execute           source C:/Xilinx/Vivado/2017.3/common/technology/xilinx/ip/util.gen 
Command           ap_source returned 0; 0 sec.
Execute           source C:/Xilinx/Vivado/2017.3/common/technology/xilinx/ip/xfft.gen 
Command           ap_source returned 0; 0.12 sec.
Execute           source C:/Xilinx/Vivado/2017.3/common/technology/xilinx/ip/xfir.gen 
Command           ap_source returned 0; 0.001 sec.
Command         ap_source returned 0; 0.174 sec.
Execute         source C:/Xilinx/Vivado/2017.3/common/technology/xilinx/common/dsp48.gen 
Command         ap_source returned 0; 0.001 sec.
Command       ap_source returned 0; 0.178 sec.
Command     ap_source returned 0; 0.179 sec.
Execute     source C:/Xilinx/Vivado/2017.3/common/technology/xilinx/zynq/zynq_fpv6.gen 
Execute       source C:/Xilinx/Vivado/2017.3/common/technology/xilinx/common/xilinx_fpv6.gen 
Command       ap_source returned 0; 0.002 sec.
Command     ap_source returned 0; 0.002 sec.
Execute     source C:/Users/yoflippo/Documents/PYNQ_lab6/PYNQ/PYNQ/hls/video1/solution1/.autopilot/db/global.setting.tcl 
Command     ap_source returned 0; 0.001 sec.
Command   export_design returned 0; 36.992 sec.
Command ap_source returned 0; 37.545 sec.
Execute cleanup_all 
Command cleanup_all returned 0; 0.001 sec.
