

================================================================
== Vivado HLS Report for 'stream'
================================================================
* Date:           Mon Dec 25 11:35:07 2017

* Version:        2017.3 (Build 2018833 on Wed Oct 04 20:30:40 MDT 2017)
* Project:        video1
* Solution:       solution1
* Product family: zynq
* Target device:  xc7z020clg400-1


================================================================
== Performance Estimates
================================================================
+ Timing (ns): 
    * Summary: 
    +--------+-------+----------+------------+
    |  Clock | Target| Estimated| Uncertainty|
    +--------+-------+----------+------------+
    |ap_clk  |   7.00|      5.57|        0.88|
    +--------+-------+----------+------------+

+ Latency (clock cycles): 
    * Summary: 
    +-----+-------+-----+-------+---------+
    |   Latency   |   Interval  | Pipeline|
    | min |  max  | min |  max  |   Type  |
    +-----+-------+-----+-------+---------+
    |    5|  11529|    6|  11530|   none  |
    +-----+-------+-----+-------+---------+

    + Detail: 
        * Instance: 
        N/A

        * Loop: 
        +-------------+-------+-------+----------+-----------+-----------+------+----------+
        |             |    Latency    | Iteration|  Initiation Interval  | Trip |          |
        |  Loop Name  |  min  |  max  |  Latency |  achieved |   target  | Count| Pipelined|
        +-------------+-------+-------+----------+-----------+-----------+------+----------+
        |- Loop 1     |  11526|  11526|      3842|          -|          -|     3|    no    |
        | + Loop 1.1  |   3840|   3840|         3|          -|          -|  1280|    no    |
        +-------------+-------+-------+----------+-----------+-----------+------+----------+

============================================================
+ Verbose Summary: Synthesis Manager
============================================================
InlineROM: 1
ExposeGlobal: 0
============================================================
+ Verbose Summary: CDFG Model
============================================================
IsTopModel: 1
ResetActiveHigh: 1
IsCombinational: 0
IsDatapathOnly: 0
HasWiredReturn: 1
HasMFsm: 0
HasVarLatency: 1
IsPipeline: 0
IsRtlPipelined: 0
IsInstanceOverlapped: 0
IsDontTouch: 0
HasImplIP: 0
IsGatedGlobalClock: 0


============================================================
+ Verbose Summary: Schedule
============================================================
* Number of FSM states : 10
* Pipeline : 0
* Dataflow Pipeline: 0

* FSM state transitions: 
1 --> 
	2  / true
2 --> 
	3  / (!or_cond)
	6  / (or_cond)
3 --> 
	4  / true
4 --> 
	5  / true
5 --> 
	10  / true
6 --> 
	7  / (!tmp)
	10  / (tmp)
7 --> 
	8  / (!exitcond)
	6  / (exitcond)
8 --> 
	9  / true
9 --> 
	7  / true
10 --> 

* FSM state operations: 

 <State 1> : 0.00ns
ST_1 : Operation 11 [2/2] (0.00ns)   --->   "%empty = call { i32, i4, i4, i1, i1, i1, i1 } @_ssdm_op_Read.axis.volatile.i32P.i4P.i4P.i1P.i1P.i1P.i1P(i32* %src_V_data_V, i4* %src_V_keep_V, i4* %src_V_strb_V, i1* %src_V_user_V, i1* %src_V_last_V, i1* %src_V_id_V, i1* %src_V_dest_V)" [video1/main.cpp:26]   --->   Core 5 'AXI4Stream' <Latency = 0> <II = 1> <Delay = 1.00> <Adapter> <Opcode : >

 <State 2> : 4.73ns
ST_2 : Operation 12 [1/1] (0.00ns)   --->   "call void (...)* @_ssdm_op_SpecBitsMap(i32* %src_V_data_V), !map !73"
ST_2 : Operation 13 [1/1] (0.00ns)   --->   "call void (...)* @_ssdm_op_SpecBitsMap(i4* %src_V_keep_V), !map !77"
ST_2 : Operation 14 [1/1] (0.00ns)   --->   "call void (...)* @_ssdm_op_SpecBitsMap(i4* %src_V_strb_V), !map !81"
ST_2 : Operation 15 [1/1] (0.00ns)   --->   "call void (...)* @_ssdm_op_SpecBitsMap(i1* %src_V_user_V), !map !85"
ST_2 : Operation 16 [1/1] (0.00ns)   --->   "call void (...)* @_ssdm_op_SpecBitsMap(i1* %src_V_last_V), !map !89"
ST_2 : Operation 17 [1/1] (0.00ns)   --->   "call void (...)* @_ssdm_op_SpecBitsMap(i1* %src_V_id_V), !map !93"
ST_2 : Operation 18 [1/1] (0.00ns)   --->   "call void (...)* @_ssdm_op_SpecBitsMap(i1* %src_V_dest_V), !map !97"
ST_2 : Operation 19 [1/1] (0.00ns)   --->   "call void (...)* @_ssdm_op_SpecBitsMap(i32* %dst_V_data_V), !map !101"
ST_2 : Operation 20 [1/1] (0.00ns)   --->   "call void (...)* @_ssdm_op_SpecBitsMap(i4* %dst_V_keep_V), !map !105"
ST_2 : Operation 21 [1/1] (0.00ns)   --->   "call void (...)* @_ssdm_op_SpecBitsMap(i4* %dst_V_strb_V), !map !109"
ST_2 : Operation 22 [1/1] (0.00ns)   --->   "call void (...)* @_ssdm_op_SpecBitsMap(i1* %dst_V_user_V), !map !113"
ST_2 : Operation 23 [1/1] (0.00ns)   --->   "call void (...)* @_ssdm_op_SpecBitsMap(i1* %dst_V_last_V), !map !117"
ST_2 : Operation 24 [1/1] (0.00ns)   --->   "call void (...)* @_ssdm_op_SpecBitsMap(i1* %dst_V_id_V), !map !121"
ST_2 : Operation 25 [1/1] (0.00ns)   --->   "call void (...)* @_ssdm_op_SpecBitsMap(i1* %dst_V_dest_V), !map !125"
ST_2 : Operation 26 [1/1] (0.00ns)   --->   "call void (...)* @_ssdm_op_SpecBitsMap(i8 %l), !map !129"
ST_2 : Operation 27 [1/1] (0.00ns)   --->   "call void (...)* @_ssdm_op_SpecBitsMap(i8 %c), !map !135"
ST_2 : Operation 28 [1/1] (0.00ns)   --->   "call void (...)* @_ssdm_op_SpecBitsMap(i8 %r), !map !139"
ST_2 : Operation 29 [1/1] (0.00ns)   --->   "call void (...)* @_ssdm_op_SpecTopModule([7 x i8]* @stream_str) nounwind"
ST_2 : Operation 30 [1/1] (0.00ns)   --->   "call void (...)* @_ssdm_op_SpecInterface(i32 0, [13 x i8]* @p_str, i32 0, i32 0, [1 x i8]* @p_str2, i32 0, i32 0, [1 x i8]* @p_str2, [1 x i8]* @p_str2, [1 x i8]* @p_str2, i32 0, i32 0, i32 0, i32 0, [1 x i8]* @p_str2, [1 x i8]* @p_str2) nounwind" [video1/main.cpp:17]
ST_2 : Operation 31 [1/1] (0.00ns)   --->   "call void (...)* @_ssdm_op_SpecInterface(i32* %src_V_data_V, i4* %src_V_keep_V, i4* %src_V_strb_V, i1* %src_V_user_V, i1* %src_V_last_V, i1* %src_V_id_V, i1* %src_V_dest_V, [5 x i8]* @p_str3, i32 1, i32 1, [5 x i8]* @p_str4, i32 0, i32 0, [1 x i8]* @p_str2, [1 x i8]* @p_str2, [1 x i8]* @p_str2, i32 0, i32 0, i32 0, i32 0, [1 x i8]* @p_str2, [1 x i8]* @p_str2) nounwind" [video1/main.cpp:18]
ST_2 : Operation 32 [1/1] (0.00ns)   --->   "call void (...)* @_ssdm_op_SpecInterface(i32* %dst_V_data_V, i4* %dst_V_keep_V, i4* %dst_V_strb_V, i1* %dst_V_user_V, i1* %dst_V_last_V, i1* %dst_V_id_V, i1* %dst_V_dest_V, [5 x i8]* @p_str3, i32 1, i32 1, [5 x i8]* @p_str4, i32 0, i32 0, [1 x i8]* @p_str2, [1 x i8]* @p_str2, [1 x i8]* @p_str2, i32 0, i32 0, i32 0, i32 0, [1 x i8]* @p_str2, [1 x i8]* @p_str2) nounwind" [video1/main.cpp:19]
ST_2 : Operation 33 [1/1] (0.00ns)   --->   "call void (...)* @_ssdm_op_SpecInterface(i8 %l, [10 x i8]* @p_str5, i32 0, i32 0, [1 x i8]* @p_str2, i32 0, i32 0, [1 x i8]* @p_str2, [1 x i8]* @p_str2, [1 x i8]* @p_str2, i32 0, i32 0, i32 0, i32 0, [1 x i8]* @p_str2, [1 x i8]* @p_str2) nounwind" [video1/main.cpp:20]
ST_2 : Operation 34 [1/1] (0.00ns)   --->   "call void (...)* @_ssdm_op_SpecInterface(i8 %c, [10 x i8]* @p_str5, i32 0, i32 0, [1 x i8]* @p_str2, i32 0, i32 0, [1 x i8]* @p_str2, [1 x i8]* @p_str2, [1 x i8]* @p_str2, i32 0, i32 0, i32 0, i32 0, [1 x i8]* @p_str2, [1 x i8]* @p_str2) nounwind" [video1/main.cpp:21]
ST_2 : Operation 35 [1/1] (0.00ns)   --->   "call void (...)* @_ssdm_op_SpecInterface(i8 %r, [10 x i8]* @p_str5, i32 0, i32 0, [1 x i8]* @p_str2, i32 0, i32 0, [1 x i8]* @p_str2, [1 x i8]* @p_str2, [1 x i8]* @p_str2, i32 0, i32 0, i32 0, i32 0, [1 x i8]* @p_str2, [1 x i8]* @p_str2) nounwind" [video1/main.cpp:22]
ST_2 : Operation 36 [1/2] (0.00ns)   --->   "%empty = call { i32, i4, i4, i1, i1, i1, i1 } @_ssdm_op_Read.axis.volatile.i32P.i4P.i4P.i1P.i1P.i1P.i1P(i32* %src_V_data_V, i4* %src_V_keep_V, i4* %src_V_strb_V, i1* %src_V_user_V, i1* %src_V_last_V, i1* %src_V_id_V, i1* %src_V_dest_V)" [video1/main.cpp:26]   --->   Core 5 'AXI4Stream' <Latency = 0> <II = 1> <Delay = 1.00> <Adapter> <Opcode : >
ST_2 : Operation 37 [1/1] (0.00ns)   --->   "%tmp_data_V = extractvalue { i32, i4, i4, i1, i1, i1, i1 } %empty, 0" [video1/main.cpp:26]
ST_2 : Operation 38 [1/1] (0.00ns)   --->   "%tmp_keep_V = extractvalue { i32, i4, i4, i1, i1, i1, i1 } %empty, 1" [video1/main.cpp:26]
ST_2 : Operation 39 [1/1] (0.00ns)   --->   "%tmp_strb_V = extractvalue { i32, i4, i4, i1, i1, i1, i1 } %empty, 2" [video1/main.cpp:26]
ST_2 : Operation 40 [1/1] (0.00ns)   --->   "%tmp_user_V = extractvalue { i32, i4, i4, i1, i1, i1, i1 } %empty, 3" [video1/main.cpp:26]
ST_2 : Operation 41 [1/1] (0.00ns)   --->   "%tmp_last_V = extractvalue { i32, i4, i4, i1, i1, i1, i1 } %empty, 4" [video1/main.cpp:26]
ST_2 : Operation 42 [1/1] (0.00ns)   --->   "%tmp_id_V = extractvalue { i32, i4, i4, i1, i1, i1, i1 } %empty, 5" [video1/main.cpp:26]
ST_2 : Operation 43 [1/1] (0.00ns)   --->   "%tmp_dest_V = extractvalue { i32, i4, i4, i1, i1, i1, i1 } %empty, 6" [video1/main.cpp:26]
ST_2 : Operation 44 [1/1] (0.00ns)   --->   "%y_load = load i16* @y, align 2" [video1/main.cpp:36]
ST_2 : Operation 45 [1/1] (0.00ns)   --->   "%x_load = load i16* @x, align 2" [video1/main.cpp:36]
ST_2 : Operation 46 [1/1] (1.37ns)   --->   "%p_y_load = select i1 %tmp_user_V, i16 0, i16 %y_load" [video1/main.cpp:32]   --->   Core 26 'Sel' <Latency = 0> <II = 1> <Delay = 1.37> <FuncUnit> <Opcode : 'select'> <InPorts = 3> <OutPorts = 1>
ST_2 : Operation 47 [1/1] (1.37ns)   --->   "%p_x_load = select i1 %tmp_user_V, i16 0, i16 %x_load" [video1/main.cpp:32]   --->   Core 26 'Sel' <Latency = 0> <II = 1> <Delay = 1.37> <FuncUnit> <Opcode : 'select'> <InPorts = 3> <OutPorts = 1>
ST_2 : Operation 48 [1/1] (2.42ns)   --->   "%tmp_4 = icmp eq i16 %p_x_load, 1279" [video1/main.cpp:36]   --->   Core 25 'Cmp' <Latency = 0> <II = 1> <Delay = 1.88> <FuncUnit> <Opcode : 'icmp'> <InPorts = 2> <OutPorts = 1>
ST_2 : Operation 49 [1/1] (2.42ns)   --->   "%tmp_5 = icmp eq i16 %p_y_load, 719" [video1/main.cpp:36]   --->   Core 25 'Cmp' <Latency = 0> <II = 1> <Delay = 1.88> <FuncUnit> <Opcode : 'icmp'> <InPorts = 2> <OutPorts = 1>
ST_2 : Operation 50 [1/1] (0.93ns)   --->   "%or_cond = and i1 %tmp_4, %tmp_5" [video1/main.cpp:36]   --->   Core 27 'LogicGate' <Latency = 0> <II = 1> <Delay = 0.93> <FuncUnit> <Opcode : 'and' 'or' 'xor'> <InPorts = 2> <OutPorts = 1>
ST_2 : Operation 51 [1/1] (0.00ns)   --->   "br i1 %or_cond, label %.preheader7.preheader, label %._crit_edge.i.i" [video1/main.cpp:36]
ST_2 : Operation 52 [1/1] (0.00ns)   --->   "%tmp_8 = zext i16 %p_x_load to i64" [C:/Xilinx/Vivado/2017.3/common/technology/autopilot/hls/hls_video_mem.h:689->C:/Xilinx/Vivado/2017.3/common/technology/autopilot/hls/hls_video_mem.h:853->video1/main.cpp:45]
ST_2 : Operation 53 [1/1] (0.00ns)   --->   "%linebuf_val_data_V_1_2 = getelementptr [1280 x i32]* @linebuf_val_data_V_1, i64 0, i64 %tmp_8" [C:/Xilinx/Vivado/2017.3/common/technology/autopilot/hls/hls_video_mem.h:689->C:/Xilinx/Vivado/2017.3/common/technology/autopilot/hls/hls_video_mem.h:853->video1/main.cpp:45]
ST_2 : Operation 54 [2/2] (3.25ns)   --->   "%tmp_data_V_1 = load i32* %linebuf_val_data_V_1_2, align 4" [C:/Xilinx/Vivado/2017.3/common/technology/autopilot/hls/hls_video_mem.h:689->C:/Xilinx/Vivado/2017.3/common/technology/autopilot/hls/hls_video_mem.h:853->video1/main.cpp:45]   --->   Core 37 'RAM' <Latency = 1> <II = 1> <Delay = 3.25> <Storage> <Opcode : 'load' 'store'> <Ports = 2> <Width = 1> <Depth = 1280> <RAM>
ST_2 : Operation 55 [1/1] (0.00ns)   --->   "%linebuf_val_keep_V_1_2 = getelementptr [1280 x i4]* @linebuf_val_keep_V_1, i64 0, i64 %tmp_8" [C:/Xilinx/Vivado/2017.3/common/technology/autopilot/hls/hls_video_mem.h:689->C:/Xilinx/Vivado/2017.3/common/technology/autopilot/hls/hls_video_mem.h:853->video1/main.cpp:45]
ST_2 : Operation 56 [2/2] (3.25ns)   --->   "%tmp_keep_V_1 = load i4* %linebuf_val_keep_V_1_2, align 4" [C:/Xilinx/Vivado/2017.3/common/technology/autopilot/hls/hls_video_mem.h:689->C:/Xilinx/Vivado/2017.3/common/technology/autopilot/hls/hls_video_mem.h:853->video1/main.cpp:45]   --->   Core 37 'RAM' <Latency = 1> <II = 1> <Delay = 3.25> <Storage> <Opcode : 'load' 'store'> <Ports = 2> <Width = 1> <Depth = 1280> <RAM>
ST_2 : Operation 57 [1/1] (0.00ns)   --->   "%linebuf_val_strb_V_1_2 = getelementptr [1280 x i4]* @linebuf_val_strb_V_1, i64 0, i64 %tmp_8" [C:/Xilinx/Vivado/2017.3/common/technology/autopilot/hls/hls_video_mem.h:689->C:/Xilinx/Vivado/2017.3/common/technology/autopilot/hls/hls_video_mem.h:853->video1/main.cpp:45]
ST_2 : Operation 58 [2/2] (3.25ns)   --->   "%tmp_strb_V_1 = load i4* %linebuf_val_strb_V_1_2, align 1" [C:/Xilinx/Vivado/2017.3/common/technology/autopilot/hls/hls_video_mem.h:689->C:/Xilinx/Vivado/2017.3/common/technology/autopilot/hls/hls_video_mem.h:853->video1/main.cpp:45]   --->   Core 37 'RAM' <Latency = 1> <II = 1> <Delay = 3.25> <Storage> <Opcode : 'load' 'store'> <Ports = 2> <Width = 1> <Depth = 1280> <RAM>
ST_2 : Operation 59 [1/1] (0.00ns)   --->   "%linebuf_val_user_V_1_2 = getelementptr [1280 x i1]* @linebuf_val_user_V_1, i64 0, i64 %tmp_8" [C:/Xilinx/Vivado/2017.3/common/technology/autopilot/hls/hls_video_mem.h:689->C:/Xilinx/Vivado/2017.3/common/technology/autopilot/hls/hls_video_mem.h:853->video1/main.cpp:45]
ST_2 : Operation 60 [2/2] (3.25ns)   --->   "%tmp_user_V_1 = load i1* %linebuf_val_user_V_1_2, align 2" [C:/Xilinx/Vivado/2017.3/common/technology/autopilot/hls/hls_video_mem.h:689->C:/Xilinx/Vivado/2017.3/common/technology/autopilot/hls/hls_video_mem.h:853->video1/main.cpp:45]   --->   Core 37 'RAM' <Latency = 1> <II = 1> <Delay = 3.25> <Storage> <Opcode : 'load' 'store'> <Ports = 2> <Width = 1> <Depth = 1280> <RAM>
ST_2 : Operation 61 [1/1] (0.00ns)   --->   "%linebuf_val_last_V_1_2 = getelementptr [1280 x i1]* @linebuf_val_last_V_1, i64 0, i64 %tmp_8" [C:/Xilinx/Vivado/2017.3/common/technology/autopilot/hls/hls_video_mem.h:689->C:/Xilinx/Vivado/2017.3/common/technology/autopilot/hls/hls_video_mem.h:853->video1/main.cpp:45]
ST_2 : Operation 62 [2/2] (3.25ns)   --->   "%tmp_last_V_1 = load i1* %linebuf_val_last_V_1_2, align 1" [C:/Xilinx/Vivado/2017.3/common/technology/autopilot/hls/hls_video_mem.h:689->C:/Xilinx/Vivado/2017.3/common/technology/autopilot/hls/hls_video_mem.h:853->video1/main.cpp:45]   --->   Core 37 'RAM' <Latency = 1> <II = 1> <Delay = 3.25> <Storage> <Opcode : 'load' 'store'> <Ports = 2> <Width = 1> <Depth = 1280> <RAM>
ST_2 : Operation 63 [1/1] (0.00ns)   --->   "%linebuf_val_id_V_1_a_1 = getelementptr [1280 x i1]* @linebuf_val_id_V_1, i64 0, i64 %tmp_8" [C:/Xilinx/Vivado/2017.3/common/technology/autopilot/hls/hls_video_mem.h:689->C:/Xilinx/Vivado/2017.3/common/technology/autopilot/hls/hls_video_mem.h:853->video1/main.cpp:45]
ST_2 : Operation 64 [2/2] (3.25ns)   --->   "%tmp_id_V_1 = load i1* %linebuf_val_id_V_1_a_1, align 4" [C:/Xilinx/Vivado/2017.3/common/technology/autopilot/hls/hls_video_mem.h:689->C:/Xilinx/Vivado/2017.3/common/technology/autopilot/hls/hls_video_mem.h:853->video1/main.cpp:45]   --->   Core 37 'RAM' <Latency = 1> <II = 1> <Delay = 3.25> <Storage> <Opcode : 'load' 'store'> <Ports = 2> <Width = 1> <Depth = 1280> <RAM>
ST_2 : Operation 65 [1/1] (0.00ns)   --->   "%linebuf_val_dest_V_1_2 = getelementptr [1280 x i1]* @linebuf_val_dest_V_1, i64 0, i64 %tmp_8" [C:/Xilinx/Vivado/2017.3/common/technology/autopilot/hls/hls_video_mem.h:689->C:/Xilinx/Vivado/2017.3/common/technology/autopilot/hls/hls_video_mem.h:853->video1/main.cpp:45]
ST_2 : Operation 66 [2/2] (3.25ns)   --->   "%tmp_dest_V_1 = load i1* %linebuf_val_dest_V_1_2, align 1" [C:/Xilinx/Vivado/2017.3/common/technology/autopilot/hls/hls_video_mem.h:689->C:/Xilinx/Vivado/2017.3/common/technology/autopilot/hls/hls_video_mem.h:853->video1/main.cpp:45]   --->   Core 37 'RAM' <Latency = 1> <II = 1> <Delay = 3.25> <Storage> <Opcode : 'load' 'store'> <Ports = 2> <Width = 1> <Depth = 1280> <RAM>
ST_2 : Operation 67 [1/1] (0.00ns)   --->   "%linebuf_val_data_V_0_2 = getelementptr [1280 x i32]* @linebuf_val_data_V_0, i64 0, i64 %tmp_8" [C:/Xilinx/Vivado/2017.3/common/technology/autopilot/hls/hls_video_mem.h:689->C:/Xilinx/Vivado/2017.3/common/technology/autopilot/hls/hls_video_mem.h:853->video1/main.cpp:45]
ST_2 : Operation 68 [2/2] (3.25ns)   --->   "%linebuf_val_data_V_0_3 = load i32* %linebuf_val_data_V_0_2, align 4" [C:/Xilinx/Vivado/2017.3/common/technology/autopilot/hls/hls_video_mem.h:689->C:/Xilinx/Vivado/2017.3/common/technology/autopilot/hls/hls_video_mem.h:853->video1/main.cpp:45]   --->   Core 37 'RAM' <Latency = 1> <II = 1> <Delay = 3.25> <Storage> <Opcode : 'load' 'store'> <Ports = 2> <Width = 1> <Depth = 1280> <RAM>
ST_2 : Operation 69 [1/1] (0.00ns)   --->   "%linebuf_val_keep_V_0_2 = getelementptr [1280 x i4]* @linebuf_val_keep_V_0, i64 0, i64 %tmp_8" [C:/Xilinx/Vivado/2017.3/common/technology/autopilot/hls/hls_video_mem.h:689->C:/Xilinx/Vivado/2017.3/common/technology/autopilot/hls/hls_video_mem.h:853->video1/main.cpp:45]
ST_2 : Operation 70 [2/2] (3.25ns)   --->   "%linebuf_val_keep_V_0_3 = load i4* %linebuf_val_keep_V_0_2, align 4" [C:/Xilinx/Vivado/2017.3/common/technology/autopilot/hls/hls_video_mem.h:689->C:/Xilinx/Vivado/2017.3/common/technology/autopilot/hls/hls_video_mem.h:853->video1/main.cpp:45]   --->   Core 37 'RAM' <Latency = 1> <II = 1> <Delay = 3.25> <Storage> <Opcode : 'load' 'store'> <Ports = 2> <Width = 1> <Depth = 1280> <RAM>
ST_2 : Operation 71 [1/1] (0.00ns)   --->   "%linebuf_val_strb_V_0_2 = getelementptr [1280 x i4]* @linebuf_val_strb_V_0, i64 0, i64 %tmp_8" [C:/Xilinx/Vivado/2017.3/common/technology/autopilot/hls/hls_video_mem.h:689->C:/Xilinx/Vivado/2017.3/common/technology/autopilot/hls/hls_video_mem.h:853->video1/main.cpp:45]
ST_2 : Operation 72 [2/2] (3.25ns)   --->   "%linebuf_val_strb_V_0_3 = load i4* %linebuf_val_strb_V_0_2, align 1" [C:/Xilinx/Vivado/2017.3/common/technology/autopilot/hls/hls_video_mem.h:689->C:/Xilinx/Vivado/2017.3/common/technology/autopilot/hls/hls_video_mem.h:853->video1/main.cpp:45]   --->   Core 37 'RAM' <Latency = 1> <II = 1> <Delay = 3.25> <Storage> <Opcode : 'load' 'store'> <Ports = 2> <Width = 1> <Depth = 1280> <RAM>
ST_2 : Operation 73 [1/1] (0.00ns)   --->   "%linebuf_val_user_V_0_2 = getelementptr [1280 x i1]* @linebuf_val_user_V_0, i64 0, i64 %tmp_8" [C:/Xilinx/Vivado/2017.3/common/technology/autopilot/hls/hls_video_mem.h:689->C:/Xilinx/Vivado/2017.3/common/technology/autopilot/hls/hls_video_mem.h:853->video1/main.cpp:45]
ST_2 : Operation 74 [2/2] (3.25ns)   --->   "%linebuf_val_user_V_0_3 = load i1* %linebuf_val_user_V_0_2, align 2" [C:/Xilinx/Vivado/2017.3/common/technology/autopilot/hls/hls_video_mem.h:689->C:/Xilinx/Vivado/2017.3/common/technology/autopilot/hls/hls_video_mem.h:853->video1/main.cpp:45]   --->   Core 37 'RAM' <Latency = 1> <II = 1> <Delay = 3.25> <Storage> <Opcode : 'load' 'store'> <Ports = 2> <Width = 1> <Depth = 1280> <RAM>
ST_2 : Operation 75 [1/1] (0.00ns)   --->   "%linebuf_val_last_V_0_2 = getelementptr [1280 x i1]* @linebuf_val_last_V_0, i64 0, i64 %tmp_8" [C:/Xilinx/Vivado/2017.3/common/technology/autopilot/hls/hls_video_mem.h:689->C:/Xilinx/Vivado/2017.3/common/technology/autopilot/hls/hls_video_mem.h:853->video1/main.cpp:45]
ST_2 : Operation 76 [2/2] (3.25ns)   --->   "%linebuf_val_last_V_0_3 = load i1* %linebuf_val_last_V_0_2, align 1" [C:/Xilinx/Vivado/2017.3/common/technology/autopilot/hls/hls_video_mem.h:689->C:/Xilinx/Vivado/2017.3/common/technology/autopilot/hls/hls_video_mem.h:853->video1/main.cpp:45]   --->   Core 37 'RAM' <Latency = 1> <II = 1> <Delay = 3.25> <Storage> <Opcode : 'load' 'store'> <Ports = 2> <Width = 1> <Depth = 1280> <RAM>
ST_2 : Operation 77 [1/1] (0.00ns)   --->   "%linebuf_val_id_V_0_a_1 = getelementptr [1280 x i1]* @linebuf_val_id_V_0, i64 0, i64 %tmp_8" [C:/Xilinx/Vivado/2017.3/common/technology/autopilot/hls/hls_video_mem.h:689->C:/Xilinx/Vivado/2017.3/common/technology/autopilot/hls/hls_video_mem.h:853->video1/main.cpp:45]
ST_2 : Operation 78 [2/2] (3.25ns)   --->   "%linebuf_val_id_V_0_l_1 = load i1* %linebuf_val_id_V_0_a_1, align 4" [C:/Xilinx/Vivado/2017.3/common/technology/autopilot/hls/hls_video_mem.h:689->C:/Xilinx/Vivado/2017.3/common/technology/autopilot/hls/hls_video_mem.h:853->video1/main.cpp:45]   --->   Core 37 'RAM' <Latency = 1> <II = 1> <Delay = 3.25> <Storage> <Opcode : 'load' 'store'> <Ports = 2> <Width = 1> <Depth = 1280> <RAM>
ST_2 : Operation 79 [1/1] (0.00ns)   --->   "%linebuf_val_dest_V_0_2 = getelementptr [1280 x i1]* @linebuf_val_dest_V_0, i64 0, i64 %tmp_8" [C:/Xilinx/Vivado/2017.3/common/technology/autopilot/hls/hls_video_mem.h:689->C:/Xilinx/Vivado/2017.3/common/technology/autopilot/hls/hls_video_mem.h:853->video1/main.cpp:45]
ST_2 : Operation 80 [2/2] (3.25ns)   --->   "%linebuf_val_dest_V_0_3 = load i1* %linebuf_val_dest_V_0_2, align 1" [C:/Xilinx/Vivado/2017.3/common/technology/autopilot/hls/hls_video_mem.h:689->C:/Xilinx/Vivado/2017.3/common/technology/autopilot/hls/hls_video_mem.h:853->video1/main.cpp:45]   --->   Core 37 'RAM' <Latency = 1> <II = 1> <Delay = 3.25> <Storage> <Opcode : 'load' 'store'> <Ports = 2> <Width = 1> <Depth = 1280> <RAM>
ST_2 : Operation 81 [1/1] (1.76ns)   --->   "br label %.preheader7" [video1/main.cpp:37]

 <State 3> : 3.25ns
ST_3 : Operation 82 [1/2] (3.25ns)   --->   "%tmp_data_V_1 = load i32* %linebuf_val_data_V_1_2, align 4" [C:/Xilinx/Vivado/2017.3/common/technology/autopilot/hls/hls_video_mem.h:689->C:/Xilinx/Vivado/2017.3/common/technology/autopilot/hls/hls_video_mem.h:853->video1/main.cpp:45]   --->   Core 37 'RAM' <Latency = 1> <II = 1> <Delay = 3.25> <Storage> <Opcode : 'load' 'store'> <Ports = 2> <Width = 1> <Depth = 1280> <RAM>
ST_3 : Operation 83 [1/2] (3.25ns)   --->   "%tmp_keep_V_1 = load i4* %linebuf_val_keep_V_1_2, align 4" [C:/Xilinx/Vivado/2017.3/common/technology/autopilot/hls/hls_video_mem.h:689->C:/Xilinx/Vivado/2017.3/common/technology/autopilot/hls/hls_video_mem.h:853->video1/main.cpp:45]   --->   Core 37 'RAM' <Latency = 1> <II = 1> <Delay = 3.25> <Storage> <Opcode : 'load' 'store'> <Ports = 2> <Width = 1> <Depth = 1280> <RAM>
ST_3 : Operation 84 [1/2] (3.25ns)   --->   "%tmp_strb_V_1 = load i4* %linebuf_val_strb_V_1_2, align 1" [C:/Xilinx/Vivado/2017.3/common/technology/autopilot/hls/hls_video_mem.h:689->C:/Xilinx/Vivado/2017.3/common/technology/autopilot/hls/hls_video_mem.h:853->video1/main.cpp:45]   --->   Core 37 'RAM' <Latency = 1> <II = 1> <Delay = 3.25> <Storage> <Opcode : 'load' 'store'> <Ports = 2> <Width = 1> <Depth = 1280> <RAM>
ST_3 : Operation 85 [1/2] (3.25ns)   --->   "%tmp_user_V_1 = load i1* %linebuf_val_user_V_1_2, align 2" [C:/Xilinx/Vivado/2017.3/common/technology/autopilot/hls/hls_video_mem.h:689->C:/Xilinx/Vivado/2017.3/common/technology/autopilot/hls/hls_video_mem.h:853->video1/main.cpp:45]   --->   Core 37 'RAM' <Latency = 1> <II = 1> <Delay = 3.25> <Storage> <Opcode : 'load' 'store'> <Ports = 2> <Width = 1> <Depth = 1280> <RAM>
ST_3 : Operation 86 [1/2] (3.25ns)   --->   "%tmp_last_V_1 = load i1* %linebuf_val_last_V_1_2, align 1" [C:/Xilinx/Vivado/2017.3/common/technology/autopilot/hls/hls_video_mem.h:689->C:/Xilinx/Vivado/2017.3/common/technology/autopilot/hls/hls_video_mem.h:853->video1/main.cpp:45]   --->   Core 37 'RAM' <Latency = 1> <II = 1> <Delay = 3.25> <Storage> <Opcode : 'load' 'store'> <Ports = 2> <Width = 1> <Depth = 1280> <RAM>
ST_3 : Operation 87 [1/2] (3.25ns)   --->   "%tmp_id_V_1 = load i1* %linebuf_val_id_V_1_a_1, align 4" [C:/Xilinx/Vivado/2017.3/common/technology/autopilot/hls/hls_video_mem.h:689->C:/Xilinx/Vivado/2017.3/common/technology/autopilot/hls/hls_video_mem.h:853->video1/main.cpp:45]   --->   Core 37 'RAM' <Latency = 1> <II = 1> <Delay = 3.25> <Storage> <Opcode : 'load' 'store'> <Ports = 2> <Width = 1> <Depth = 1280> <RAM>
ST_3 : Operation 88 [1/2] (3.25ns)   --->   "%tmp_dest_V_1 = load i1* %linebuf_val_dest_V_1_2, align 1" [C:/Xilinx/Vivado/2017.3/common/technology/autopilot/hls/hls_video_mem.h:689->C:/Xilinx/Vivado/2017.3/common/technology/autopilot/hls/hls_video_mem.h:853->video1/main.cpp:45]   --->   Core 37 'RAM' <Latency = 1> <II = 1> <Delay = 3.25> <Storage> <Opcode : 'load' 'store'> <Ports = 2> <Width = 1> <Depth = 1280> <RAM>
ST_3 : Operation 89 [1/2] (3.25ns)   --->   "%linebuf_val_data_V_0_3 = load i32* %linebuf_val_data_V_0_2, align 4" [C:/Xilinx/Vivado/2017.3/common/technology/autopilot/hls/hls_video_mem.h:689->C:/Xilinx/Vivado/2017.3/common/technology/autopilot/hls/hls_video_mem.h:853->video1/main.cpp:45]   --->   Core 37 'RAM' <Latency = 1> <II = 1> <Delay = 3.25> <Storage> <Opcode : 'load' 'store'> <Ports = 2> <Width = 1> <Depth = 1280> <RAM>
ST_3 : Operation 90 [1/2] (3.25ns)   --->   "%linebuf_val_keep_V_0_3 = load i4* %linebuf_val_keep_V_0_2, align 4" [C:/Xilinx/Vivado/2017.3/common/technology/autopilot/hls/hls_video_mem.h:689->C:/Xilinx/Vivado/2017.3/common/technology/autopilot/hls/hls_video_mem.h:853->video1/main.cpp:45]   --->   Core 37 'RAM' <Latency = 1> <II = 1> <Delay = 3.25> <Storage> <Opcode : 'load' 'store'> <Ports = 2> <Width = 1> <Depth = 1280> <RAM>
ST_3 : Operation 91 [1/2] (3.25ns)   --->   "%linebuf_val_strb_V_0_3 = load i4* %linebuf_val_strb_V_0_2, align 1" [C:/Xilinx/Vivado/2017.3/common/technology/autopilot/hls/hls_video_mem.h:689->C:/Xilinx/Vivado/2017.3/common/technology/autopilot/hls/hls_video_mem.h:853->video1/main.cpp:45]   --->   Core 37 'RAM' <Latency = 1> <II = 1> <Delay = 3.25> <Storage> <Opcode : 'load' 'store'> <Ports = 2> <Width = 1> <Depth = 1280> <RAM>
ST_3 : Operation 92 [1/2] (3.25ns)   --->   "%linebuf_val_user_V_0_3 = load i1* %linebuf_val_user_V_0_2, align 2" [C:/Xilinx/Vivado/2017.3/common/technology/autopilot/hls/hls_video_mem.h:689->C:/Xilinx/Vivado/2017.3/common/technology/autopilot/hls/hls_video_mem.h:853->video1/main.cpp:45]   --->   Core 37 'RAM' <Latency = 1> <II = 1> <Delay = 3.25> <Storage> <Opcode : 'load' 'store'> <Ports = 2> <Width = 1> <Depth = 1280> <RAM>
ST_3 : Operation 93 [1/2] (3.25ns)   --->   "%linebuf_val_last_V_0_3 = load i1* %linebuf_val_last_V_0_2, align 1" [C:/Xilinx/Vivado/2017.3/common/technology/autopilot/hls/hls_video_mem.h:689->C:/Xilinx/Vivado/2017.3/common/technology/autopilot/hls/hls_video_mem.h:853->video1/main.cpp:45]   --->   Core 37 'RAM' <Latency = 1> <II = 1> <Delay = 3.25> <Storage> <Opcode : 'load' 'store'> <Ports = 2> <Width = 1> <Depth = 1280> <RAM>
ST_3 : Operation 94 [1/2] (3.25ns)   --->   "%linebuf_val_id_V_0_l_1 = load i1* %linebuf_val_id_V_0_a_1, align 4" [C:/Xilinx/Vivado/2017.3/common/technology/autopilot/hls/hls_video_mem.h:689->C:/Xilinx/Vivado/2017.3/common/technology/autopilot/hls/hls_video_mem.h:853->video1/main.cpp:45]   --->   Core 37 'RAM' <Latency = 1> <II = 1> <Delay = 3.25> <Storage> <Opcode : 'load' 'store'> <Ports = 2> <Width = 1> <Depth = 1280> <RAM>
ST_3 : Operation 95 [1/2] (3.25ns)   --->   "%linebuf_val_dest_V_0_3 = load i1* %linebuf_val_dest_V_0_2, align 1" [C:/Xilinx/Vivado/2017.3/common/technology/autopilot/hls/hls_video_mem.h:689->C:/Xilinx/Vivado/2017.3/common/technology/autopilot/hls/hls_video_mem.h:853->video1/main.cpp:45]   --->   Core 37 'RAM' <Latency = 1> <II = 1> <Delay = 3.25> <Storage> <Opcode : 'load' 'store'> <Ports = 2> <Width = 1> <Depth = 1280> <RAM>
ST_3 : Operation 96 [1/1] (3.25ns)   --->   "store i32 %tmp_data_V, i32* %linebuf_val_data_V_0_2, align 4" [C:/Xilinx/Vivado/2017.3/common/technology/autopilot/hls/hls_video_mem.h:797->C:/Xilinx/Vivado/2017.3/common/technology/autopilot/hls/hls_video_mem.h:873->video1/main.cpp:46]   --->   Core 37 'RAM' <Latency = 1> <II = 1> <Delay = 3.25> <Storage> <Opcode : 'load' 'store'> <Ports = 2> <Width = 1> <Depth = 1280> <RAM>
ST_3 : Operation 97 [1/1] (3.25ns)   --->   "store i4 %tmp_keep_V, i4* %linebuf_val_keep_V_0_2, align 4" [C:/Xilinx/Vivado/2017.3/common/technology/autopilot/hls/hls_video_mem.h:797->C:/Xilinx/Vivado/2017.3/common/technology/autopilot/hls/hls_video_mem.h:873->video1/main.cpp:46]   --->   Core 37 'RAM' <Latency = 1> <II = 1> <Delay = 3.25> <Storage> <Opcode : 'load' 'store'> <Ports = 2> <Width = 1> <Depth = 1280> <RAM>
ST_3 : Operation 98 [1/1] (3.25ns)   --->   "store i4 %tmp_strb_V, i4* %linebuf_val_strb_V_0_2, align 1" [C:/Xilinx/Vivado/2017.3/common/technology/autopilot/hls/hls_video_mem.h:797->C:/Xilinx/Vivado/2017.3/common/technology/autopilot/hls/hls_video_mem.h:873->video1/main.cpp:46]   --->   Core 37 'RAM' <Latency = 1> <II = 1> <Delay = 3.25> <Storage> <Opcode : 'load' 'store'> <Ports = 2> <Width = 1> <Depth = 1280> <RAM>
ST_3 : Operation 99 [1/1] (3.25ns)   --->   "store i1 %tmp_user_V, i1* %linebuf_val_user_V_0_2, align 2" [C:/Xilinx/Vivado/2017.3/common/technology/autopilot/hls/hls_video_mem.h:797->C:/Xilinx/Vivado/2017.3/common/technology/autopilot/hls/hls_video_mem.h:873->video1/main.cpp:46]   --->   Core 37 'RAM' <Latency = 1> <II = 1> <Delay = 3.25> <Storage> <Opcode : 'load' 'store'> <Ports = 2> <Width = 1> <Depth = 1280> <RAM>
ST_3 : Operation 100 [1/1] (3.25ns)   --->   "store i1 %tmp_last_V, i1* %linebuf_val_last_V_0_2, align 1" [C:/Xilinx/Vivado/2017.3/common/technology/autopilot/hls/hls_video_mem.h:797->C:/Xilinx/Vivado/2017.3/common/technology/autopilot/hls/hls_video_mem.h:873->video1/main.cpp:46]   --->   Core 37 'RAM' <Latency = 1> <II = 1> <Delay = 3.25> <Storage> <Opcode : 'load' 'store'> <Ports = 2> <Width = 1> <Depth = 1280> <RAM>
ST_3 : Operation 101 [1/1] (3.25ns)   --->   "store i1 %tmp_id_V, i1* %linebuf_val_id_V_0_a_1, align 4" [C:/Xilinx/Vivado/2017.3/common/technology/autopilot/hls/hls_video_mem.h:797->C:/Xilinx/Vivado/2017.3/common/technology/autopilot/hls/hls_video_mem.h:873->video1/main.cpp:46]   --->   Core 37 'RAM' <Latency = 1> <II = 1> <Delay = 3.25> <Storage> <Opcode : 'load' 'store'> <Ports = 2> <Width = 1> <Depth = 1280> <RAM>
ST_3 : Operation 102 [1/1] (3.25ns)   --->   "store i1 %tmp_dest_V, i1* %linebuf_val_dest_V_0_2, align 1" [C:/Xilinx/Vivado/2017.3/common/technology/autopilot/hls/hls_video_mem.h:797->C:/Xilinx/Vivado/2017.3/common/technology/autopilot/hls/hls_video_mem.h:873->video1/main.cpp:46]   --->   Core 37 'RAM' <Latency = 1> <II = 1> <Delay = 3.25> <Storage> <Opcode : 'load' 'store'> <Ports = 2> <Width = 1> <Depth = 1280> <RAM>

 <State 4> : 3.25ns
ST_4 : Operation 103 [1/1] (0.00ns)   --->   "%linebuf_val_data_V_2_2 = getelementptr [1280 x i32]* @linebuf_val_data_V_2, i64 0, i64 %tmp_8" [C:/Xilinx/Vivado/2017.3/common/technology/autopilot/hls/hls_video_mem.h:689->C:/Xilinx/Vivado/2017.3/common/technology/autopilot/hls/hls_video_mem.h:853->video1/main.cpp:45]
ST_4 : Operation 104 [1/1] (3.25ns)   --->   "store i32 %tmp_data_V_1, i32* %linebuf_val_data_V_2_2, align 4" [C:/Xilinx/Vivado/2017.3/common/technology/autopilot/hls/hls_video_mem.h:689->C:/Xilinx/Vivado/2017.3/common/technology/autopilot/hls/hls_video_mem.h:853->video1/main.cpp:45]   --->   Core 37 'RAM' <Latency = 1> <II = 1> <Delay = 3.25> <Storage> <Opcode : 'load' 'store'> <Ports = 2> <Width = 1> <Depth = 1280> <RAM>
ST_4 : Operation 105 [1/1] (0.00ns)   --->   "%linebuf_val_keep_V_2_2 = getelementptr [1280 x i4]* @linebuf_val_keep_V_2, i64 0, i64 %tmp_8" [C:/Xilinx/Vivado/2017.3/common/technology/autopilot/hls/hls_video_mem.h:689->C:/Xilinx/Vivado/2017.3/common/technology/autopilot/hls/hls_video_mem.h:853->video1/main.cpp:45]
ST_4 : Operation 106 [1/1] (3.25ns)   --->   "store i4 %tmp_keep_V_1, i4* %linebuf_val_keep_V_2_2, align 4" [C:/Xilinx/Vivado/2017.3/common/technology/autopilot/hls/hls_video_mem.h:689->C:/Xilinx/Vivado/2017.3/common/technology/autopilot/hls/hls_video_mem.h:853->video1/main.cpp:45]   --->   Core 37 'RAM' <Latency = 1> <II = 1> <Delay = 3.25> <Storage> <Opcode : 'load' 'store'> <Ports = 2> <Width = 1> <Depth = 1280> <RAM>
ST_4 : Operation 107 [1/1] (0.00ns)   --->   "%linebuf_val_strb_V_2_2 = getelementptr [1280 x i4]* @linebuf_val_strb_V_2, i64 0, i64 %tmp_8" [C:/Xilinx/Vivado/2017.3/common/technology/autopilot/hls/hls_video_mem.h:689->C:/Xilinx/Vivado/2017.3/common/technology/autopilot/hls/hls_video_mem.h:853->video1/main.cpp:45]
ST_4 : Operation 108 [1/1] (3.25ns)   --->   "store i4 %tmp_strb_V_1, i4* %linebuf_val_strb_V_2_2, align 1" [C:/Xilinx/Vivado/2017.3/common/technology/autopilot/hls/hls_video_mem.h:689->C:/Xilinx/Vivado/2017.3/common/technology/autopilot/hls/hls_video_mem.h:853->video1/main.cpp:45]   --->   Core 37 'RAM' <Latency = 1> <II = 1> <Delay = 3.25> <Storage> <Opcode : 'load' 'store'> <Ports = 2> <Width = 1> <Depth = 1280> <RAM>
ST_4 : Operation 109 [1/1] (0.00ns)   --->   "%linebuf_val_user_V_2_2 = getelementptr [1280 x i1]* @linebuf_val_user_V_2, i64 0, i64 %tmp_8" [C:/Xilinx/Vivado/2017.3/common/technology/autopilot/hls/hls_video_mem.h:689->C:/Xilinx/Vivado/2017.3/common/technology/autopilot/hls/hls_video_mem.h:853->video1/main.cpp:45]
ST_4 : Operation 110 [1/1] (3.25ns)   --->   "store i1 %tmp_user_V_1, i1* %linebuf_val_user_V_2_2, align 2" [C:/Xilinx/Vivado/2017.3/common/technology/autopilot/hls/hls_video_mem.h:689->C:/Xilinx/Vivado/2017.3/common/technology/autopilot/hls/hls_video_mem.h:853->video1/main.cpp:45]   --->   Core 37 'RAM' <Latency = 1> <II = 1> <Delay = 3.25> <Storage> <Opcode : 'load' 'store'> <Ports = 2> <Width = 1> <Depth = 1280> <RAM>
ST_4 : Operation 111 [1/1] (0.00ns)   --->   "%linebuf_val_last_V_2_2 = getelementptr [1280 x i1]* @linebuf_val_last_V_2, i64 0, i64 %tmp_8" [C:/Xilinx/Vivado/2017.3/common/technology/autopilot/hls/hls_video_mem.h:689->C:/Xilinx/Vivado/2017.3/common/technology/autopilot/hls/hls_video_mem.h:853->video1/main.cpp:45]
ST_4 : Operation 112 [1/1] (3.25ns)   --->   "store i1 %tmp_last_V_1, i1* %linebuf_val_last_V_2_2, align 1" [C:/Xilinx/Vivado/2017.3/common/technology/autopilot/hls/hls_video_mem.h:689->C:/Xilinx/Vivado/2017.3/common/technology/autopilot/hls/hls_video_mem.h:853->video1/main.cpp:45]   --->   Core 37 'RAM' <Latency = 1> <II = 1> <Delay = 3.25> <Storage> <Opcode : 'load' 'store'> <Ports = 2> <Width = 1> <Depth = 1280> <RAM>
ST_4 : Operation 113 [1/1] (0.00ns)   --->   "%linebuf_val_id_V_2_a_1 = getelementptr [1280 x i1]* @linebuf_val_id_V_2, i64 0, i64 %tmp_8" [C:/Xilinx/Vivado/2017.3/common/technology/autopilot/hls/hls_video_mem.h:689->C:/Xilinx/Vivado/2017.3/common/technology/autopilot/hls/hls_video_mem.h:853->video1/main.cpp:45]
ST_4 : Operation 114 [1/1] (3.25ns)   --->   "store i1 %tmp_id_V_1, i1* %linebuf_val_id_V_2_a_1, align 4" [C:/Xilinx/Vivado/2017.3/common/technology/autopilot/hls/hls_video_mem.h:689->C:/Xilinx/Vivado/2017.3/common/technology/autopilot/hls/hls_video_mem.h:853->video1/main.cpp:45]   --->   Core 37 'RAM' <Latency = 1> <II = 1> <Delay = 3.25> <Storage> <Opcode : 'load' 'store'> <Ports = 2> <Width = 1> <Depth = 1280> <RAM>
ST_4 : Operation 115 [1/1] (0.00ns)   --->   "%linebuf_val_dest_V_2_2 = getelementptr [1280 x i1]* @linebuf_val_dest_V_2, i64 0, i64 %tmp_8" [C:/Xilinx/Vivado/2017.3/common/technology/autopilot/hls/hls_video_mem.h:689->C:/Xilinx/Vivado/2017.3/common/technology/autopilot/hls/hls_video_mem.h:853->video1/main.cpp:45]
ST_4 : Operation 116 [1/1] (3.25ns)   --->   "store i1 %tmp_dest_V_1, i1* %linebuf_val_dest_V_2_2, align 1" [C:/Xilinx/Vivado/2017.3/common/technology/autopilot/hls/hls_video_mem.h:689->C:/Xilinx/Vivado/2017.3/common/technology/autopilot/hls/hls_video_mem.h:853->video1/main.cpp:45]   --->   Core 37 'RAM' <Latency = 1> <II = 1> <Delay = 3.25> <Storage> <Opcode : 'load' 'store'> <Ports = 2> <Width = 1> <Depth = 1280> <RAM>
ST_4 : Operation 117 [1/1] (3.25ns)   --->   "store i32 %linebuf_val_data_V_0_3, i32* %linebuf_val_data_V_1_2, align 4" [C:/Xilinx/Vivado/2017.3/common/technology/autopilot/hls/hls_video_mem.h:689->C:/Xilinx/Vivado/2017.3/common/technology/autopilot/hls/hls_video_mem.h:853->video1/main.cpp:45]   --->   Core 37 'RAM' <Latency = 1> <II = 1> <Delay = 3.25> <Storage> <Opcode : 'load' 'store'> <Ports = 2> <Width = 1> <Depth = 1280> <RAM>
ST_4 : Operation 118 [1/1] (3.25ns)   --->   "store i4 %linebuf_val_keep_V_0_3, i4* %linebuf_val_keep_V_1_2, align 4" [C:/Xilinx/Vivado/2017.3/common/technology/autopilot/hls/hls_video_mem.h:689->C:/Xilinx/Vivado/2017.3/common/technology/autopilot/hls/hls_video_mem.h:853->video1/main.cpp:45]   --->   Core 37 'RAM' <Latency = 1> <II = 1> <Delay = 3.25> <Storage> <Opcode : 'load' 'store'> <Ports = 2> <Width = 1> <Depth = 1280> <RAM>
ST_4 : Operation 119 [1/1] (3.25ns)   --->   "store i4 %linebuf_val_strb_V_0_3, i4* %linebuf_val_strb_V_1_2, align 1" [C:/Xilinx/Vivado/2017.3/common/technology/autopilot/hls/hls_video_mem.h:689->C:/Xilinx/Vivado/2017.3/common/technology/autopilot/hls/hls_video_mem.h:853->video1/main.cpp:45]   --->   Core 37 'RAM' <Latency = 1> <II = 1> <Delay = 3.25> <Storage> <Opcode : 'load' 'store'> <Ports = 2> <Width = 1> <Depth = 1280> <RAM>
ST_4 : Operation 120 [1/1] (3.25ns)   --->   "store i1 %linebuf_val_user_V_0_3, i1* %linebuf_val_user_V_1_2, align 2" [C:/Xilinx/Vivado/2017.3/common/technology/autopilot/hls/hls_video_mem.h:689->C:/Xilinx/Vivado/2017.3/common/technology/autopilot/hls/hls_video_mem.h:853->video1/main.cpp:45]   --->   Core 37 'RAM' <Latency = 1> <II = 1> <Delay = 3.25> <Storage> <Opcode : 'load' 'store'> <Ports = 2> <Width = 1> <Depth = 1280> <RAM>
ST_4 : Operation 121 [1/1] (3.25ns)   --->   "store i1 %linebuf_val_last_V_0_3, i1* %linebuf_val_last_V_1_2, align 1" [C:/Xilinx/Vivado/2017.3/common/technology/autopilot/hls/hls_video_mem.h:689->C:/Xilinx/Vivado/2017.3/common/technology/autopilot/hls/hls_video_mem.h:853->video1/main.cpp:45]   --->   Core 37 'RAM' <Latency = 1> <II = 1> <Delay = 3.25> <Storage> <Opcode : 'load' 'store'> <Ports = 2> <Width = 1> <Depth = 1280> <RAM>
ST_4 : Operation 122 [1/1] (3.25ns)   --->   "store i1 %linebuf_val_id_V_0_l_1, i1* %linebuf_val_id_V_1_a_1, align 4" [C:/Xilinx/Vivado/2017.3/common/technology/autopilot/hls/hls_video_mem.h:689->C:/Xilinx/Vivado/2017.3/common/technology/autopilot/hls/hls_video_mem.h:853->video1/main.cpp:45]   --->   Core 37 'RAM' <Latency = 1> <II = 1> <Delay = 3.25> <Storage> <Opcode : 'load' 'store'> <Ports = 2> <Width = 1> <Depth = 1280> <RAM>
ST_4 : Operation 123 [1/1] (3.25ns)   --->   "store i1 %linebuf_val_dest_V_0_3, i1* %linebuf_val_dest_V_1_2, align 1" [C:/Xilinx/Vivado/2017.3/common/technology/autopilot/hls/hls_video_mem.h:689->C:/Xilinx/Vivado/2017.3/common/technology/autopilot/hls/hls_video_mem.h:853->video1/main.cpp:45]   --->   Core 37 'RAM' <Latency = 1> <II = 1> <Delay = 3.25> <Storage> <Opcode : 'load' 'store'> <Ports = 2> <Width = 1> <Depth = 1280> <RAM>
ST_4 : Operation 124 [1/1] (2.42ns)   --->   "%tmp_s = icmp ugt i16 %p_y_load, 2" [video1/main.cpp:48]   --->   Core 25 'Cmp' <Latency = 0> <II = 1> <Delay = 1.88> <FuncUnit> <Opcode : 'icmp'> <InPorts = 2> <OutPorts = 1>
ST_4 : Operation 125 [1/1] (0.00ns)   --->   "br i1 %tmp_s, label %getval.exit, label %._crit_edge9" [video1/main.cpp:48]
ST_4 : Operation 126 [2/2] (0.00ns)   --->   "call void @_ssdm_op_Write.axis.volatile.i32P.i4P.i4P.i1P.i1P.i1P.i1P(i32* %dst_V_data_V, i4* %dst_V_keep_V, i4* %dst_V_strb_V, i1* %dst_V_user_V, i1* %dst_V_last_V, i1* %dst_V_id_V, i1* %dst_V_dest_V, i32 %tmp_data_V_1, i4 %tmp_keep_V_1, i4 %tmp_strb_V_1, i1 %tmp_user_V_1, i1 %tmp_last_V_1, i1 %tmp_id_V_1, i1 %tmp_dest_V_1)" [video1/main.cpp:50]   --->   Core 5 'AXI4Stream' <Latency = 0> <II = 1> <Delay = 1.00> <Adapter> <Opcode : >

 <State 5> : 5.57ns
ST_5 : Operation 127 [1/2] (0.00ns)   --->   "call void @_ssdm_op_Write.axis.volatile.i32P.i4P.i4P.i1P.i1P.i1P.i1P(i32* %dst_V_data_V, i4* %dst_V_keep_V, i4* %dst_V_strb_V, i1* %dst_V_user_V, i1* %dst_V_last_V, i1* %dst_V_id_V, i1* %dst_V_dest_V, i32 %tmp_data_V_1, i4 %tmp_keep_V_1, i4 %tmp_strb_V_1, i1 %tmp_user_V_1, i1 %tmp_last_V_1, i1 %tmp_id_V_1, i1 %tmp_dest_V_1)" [video1/main.cpp:50]   --->   Core 5 'AXI4Stream' <Latency = 0> <II = 1> <Delay = 1.00> <Adapter> <Opcode : >
ST_5 : Operation 128 [1/1] (0.00ns)   --->   "br label %._crit_edge9" [video1/main.cpp:51]
ST_5 : Operation 129 [1/1] (2.42ns)   --->   "%tmp_1 = icmp eq i16 %p_x_load, 1280" [video1/main.cpp:53]   --->   Core 25 'Cmp' <Latency = 0> <II = 1> <Delay = 1.88> <FuncUnit> <Opcode : 'icmp'> <InPorts = 2> <OutPorts = 1>
ST_5 : Operation 130 [1/1] (2.07ns)   --->   "%tmp_3 = add i16 %p_y_load, 1" [video1/main.cpp:55]   --->   Core 14 'AddSub' <Latency = 0> <II = 1> <Delay = 1.65> <FuncUnit> <Opcode : 'add' 'sub'> <InPorts = 2> <OutPorts = 1>
ST_5 : Operation 131 [1/1] (2.07ns)   --->   "%tmp_6 = add i16 %p_x_load, 1" [video1/main.cpp:58]   --->   Core 14 'AddSub' <Latency = 0> <II = 1> <Delay = 1.65> <FuncUnit> <Opcode : 'add' 'sub'> <InPorts = 2> <OutPorts = 1>
ST_5 : Operation 132 [1/1] (0.93ns)   --->   "%y_flag_1 = or i1 %tmp_user_V, %tmp_1" [video1/main.cpp:53]   --->   Core 27 'LogicGate' <Latency = 0> <II = 1> <Delay = 0.93> <FuncUnit> <Opcode : 'and' 'or' 'xor'> <InPorts = 2> <OutPorts = 1>
ST_5 : Operation 133 [1/1] (1.37ns)   --->   "%y_new_1 = select i1 %tmp_1, i16 %tmp_3, i16 0" [video1/main.cpp:53]   --->   Core 26 'Sel' <Latency = 0> <II = 1> <Delay = 1.37> <FuncUnit> <Opcode : 'select'> <InPorts = 3> <OutPorts = 1>
ST_5 : Operation 134 [1/1] (1.37ns)   --->   "%x_new_1 = select i1 %tmp_1, i16 0, i16 %tmp_6" [video1/main.cpp:53]   --->   Core 26 'Sel' <Latency = 0> <II = 1> <Delay = 1.37> <FuncUnit> <Opcode : 'select'> <InPorts = 3> <OutPorts = 1>
ST_5 : Operation 135 [1/1] (1.76ns)   --->   "br label %.loopexit"

 <State 6> : 1.77ns
ST_6 : Operation 136 [1/1] (0.00ns)   --->   "%row_assign = phi i3 [ %row, %0 ], [ 2, %.preheader7.preheader ]"
ST_6 : Operation 137 [1/1] (0.00ns)   --->   "%tmp = call i1 @_ssdm_op_BitSelect.i1.i3.i32(i3 %row_assign, i32 2)" [video1/main.cpp:37]
ST_6 : Operation 138 [1/1] (0.00ns)   --->   "%empty_2 = call i32 (...)* @_ssdm_op_SpecLoopTripCount(i64 3, i64 3, i64 3)"
ST_6 : Operation 139 [1/1] (0.00ns)   --->   "br i1 %tmp, label %.loopexit.loopexit, label %.preheader.preheader" [video1/main.cpp:37]
ST_6 : Operation 140 [1/1] (0.00ns)   --->   "%tmp_7 = trunc i3 %row_assign to i2" [video1/main.cpp:37]
ST_6 : Operation 141 [1/1] (1.76ns)   --->   "br label %.preheader" [video1/main.cpp:38]
ST_6 : Operation 142 [1/1] (1.76ns)   --->   "br label %.loopexit"

 <State 7> : 3.25ns
ST_7 : Operation 143 [1/1] (0.00ns)   --->   "%col_assign = phi i11 [ %col, %getval.exit10 ], [ 0, %.preheader.preheader ]"
ST_7 : Operation 144 [1/1] (1.88ns)   --->   "%exitcond = icmp eq i11 %col_assign, -768" [video1/main.cpp:38]   --->   Core 25 'Cmp' <Latency = 0> <II = 1> <Delay = 1.88> <FuncUnit> <Opcode : 'icmp'> <InPorts = 2> <OutPorts = 1>
ST_7 : Operation 145 [1/1] (0.00ns)   --->   "%empty_3 = call i32 (...)* @_ssdm_op_SpecLoopTripCount(i64 1280, i64 1280, i64 1280)"
ST_7 : Operation 146 [1/1] (1.97ns)   --->   "%col = add i11 %col_assign, 1" [video1/main.cpp:38]   --->   Core 14 'AddSub' <Latency = 0> <II = 1> <Delay = 1.65> <FuncUnit> <Opcode : 'add' 'sub'> <InPorts = 2> <OutPorts = 1>
ST_7 : Operation 147 [1/1] (0.00ns)   --->   "br i1 %exitcond, label %0, label %getval.exit10" [video1/main.cpp:38]
ST_7 : Operation 148 [1/1] (0.00ns)   --->   "%tmp_2 = zext i11 %col_assign to i64" [C:/Xilinx/Vivado/2017.3/common/technology/autopilot/hls/hls_video_mem.h:835->video1/main.cpp:39]
ST_7 : Operation 149 [1/1] (0.00ns)   --->   "%linebuf_val_data_V_0 = getelementptr [1280 x i32]* @linebuf_val_data_V_0, i64 0, i64 %tmp_2" [C:/Xilinx/Vivado/2017.3/common/technology/autopilot/hls/hls_video_mem.h:835->video1/main.cpp:39]
ST_7 : Operation 150 [2/2] (3.25ns)   --->   "%linebuf_val_data_V_0_1 = load i32* %linebuf_val_data_V_0, align 4" [C:/Xilinx/Vivado/2017.3/common/technology/autopilot/hls/hls_video_mem.h:835->video1/main.cpp:39]   --->   Core 37 'RAM' <Latency = 1> <II = 1> <Delay = 3.25> <Storage> <Opcode : 'load' 'store'> <Ports = 2> <Width = 1> <Depth = 1280> <RAM>
ST_7 : Operation 151 [1/1] (0.00ns)   --->   "%linebuf_val_data_V_1 = getelementptr [1280 x i32]* @linebuf_val_data_V_1, i64 0, i64 %tmp_2" [C:/Xilinx/Vivado/2017.3/common/technology/autopilot/hls/hls_video_mem.h:835->video1/main.cpp:39]
ST_7 : Operation 152 [2/2] (3.25ns)   --->   "%linebuf_val_data_V_1_1 = load i32* %linebuf_val_data_V_1, align 4" [C:/Xilinx/Vivado/2017.3/common/technology/autopilot/hls/hls_video_mem.h:835->video1/main.cpp:39]   --->   Core 37 'RAM' <Latency = 1> <II = 1> <Delay = 3.25> <Storage> <Opcode : 'load' 'store'> <Ports = 2> <Width = 1> <Depth = 1280> <RAM>
ST_7 : Operation 153 [1/1] (0.00ns)   --->   "%linebuf_val_data_V_2 = getelementptr [1280 x i32]* @linebuf_val_data_V_2, i64 0, i64 %tmp_2" [C:/Xilinx/Vivado/2017.3/common/technology/autopilot/hls/hls_video_mem.h:835->video1/main.cpp:39]
ST_7 : Operation 154 [2/2] (3.25ns)   --->   "%linebuf_val_data_V_2_1 = load i32* %linebuf_val_data_V_2, align 4" [C:/Xilinx/Vivado/2017.3/common/technology/autopilot/hls/hls_video_mem.h:835->video1/main.cpp:39]   --->   Core 37 'RAM' <Latency = 1> <II = 1> <Delay = 3.25> <Storage> <Opcode : 'load' 'store'> <Ports = 2> <Width = 1> <Depth = 1280> <RAM>
ST_7 : Operation 155 [1/1] (0.00ns)   --->   "%linebuf_val_keep_V_0 = getelementptr [1280 x i4]* @linebuf_val_keep_V_0, i64 0, i64 %tmp_2" [C:/Xilinx/Vivado/2017.3/common/technology/autopilot/hls/hls_video_mem.h:835->video1/main.cpp:39]
ST_7 : Operation 156 [2/2] (3.25ns)   --->   "%linebuf_val_keep_V_0_1 = load i4* %linebuf_val_keep_V_0, align 1" [C:/Xilinx/Vivado/2017.3/common/technology/autopilot/hls/hls_video_mem.h:835->video1/main.cpp:39]   --->   Core 37 'RAM' <Latency = 1> <II = 1> <Delay = 3.25> <Storage> <Opcode : 'load' 'store'> <Ports = 2> <Width = 1> <Depth = 1280> <RAM>
ST_7 : Operation 157 [1/1] (0.00ns)   --->   "%linebuf_val_keep_V_1 = getelementptr [1280 x i4]* @linebuf_val_keep_V_1, i64 0, i64 %tmp_2" [C:/Xilinx/Vivado/2017.3/common/technology/autopilot/hls/hls_video_mem.h:835->video1/main.cpp:39]
ST_7 : Operation 158 [2/2] (3.25ns)   --->   "%linebuf_val_keep_V_1_1 = load i4* %linebuf_val_keep_V_1, align 1" [C:/Xilinx/Vivado/2017.3/common/technology/autopilot/hls/hls_video_mem.h:835->video1/main.cpp:39]   --->   Core 37 'RAM' <Latency = 1> <II = 1> <Delay = 3.25> <Storage> <Opcode : 'load' 'store'> <Ports = 2> <Width = 1> <Depth = 1280> <RAM>
ST_7 : Operation 159 [1/1] (0.00ns)   --->   "%linebuf_val_keep_V_2 = getelementptr [1280 x i4]* @linebuf_val_keep_V_2, i64 0, i64 %tmp_2" [C:/Xilinx/Vivado/2017.3/common/technology/autopilot/hls/hls_video_mem.h:835->video1/main.cpp:39]
ST_7 : Operation 160 [2/2] (3.25ns)   --->   "%linebuf_val_keep_V_2_1 = load i4* %linebuf_val_keep_V_2, align 1" [C:/Xilinx/Vivado/2017.3/common/technology/autopilot/hls/hls_video_mem.h:835->video1/main.cpp:39]   --->   Core 37 'RAM' <Latency = 1> <II = 1> <Delay = 3.25> <Storage> <Opcode : 'load' 'store'> <Ports = 2> <Width = 1> <Depth = 1280> <RAM>
ST_7 : Operation 161 [1/1] (0.00ns)   --->   "%linebuf_val_strb_V_0 = getelementptr [1280 x i4]* @linebuf_val_strb_V_0, i64 0, i64 %tmp_2" [C:/Xilinx/Vivado/2017.3/common/technology/autopilot/hls/hls_video_mem.h:835->video1/main.cpp:39]
ST_7 : Operation 162 [2/2] (3.25ns)   --->   "%linebuf_val_strb_V_0_1 = load i4* %linebuf_val_strb_V_0, align 1" [C:/Xilinx/Vivado/2017.3/common/technology/autopilot/hls/hls_video_mem.h:835->video1/main.cpp:39]   --->   Core 37 'RAM' <Latency = 1> <II = 1> <Delay = 3.25> <Storage> <Opcode : 'load' 'store'> <Ports = 2> <Width = 1> <Depth = 1280> <RAM>
ST_7 : Operation 163 [1/1] (0.00ns)   --->   "%linebuf_val_strb_V_1 = getelementptr [1280 x i4]* @linebuf_val_strb_V_1, i64 0, i64 %tmp_2" [C:/Xilinx/Vivado/2017.3/common/technology/autopilot/hls/hls_video_mem.h:835->video1/main.cpp:39]
ST_7 : Operation 164 [2/2] (3.25ns)   --->   "%linebuf_val_strb_V_1_1 = load i4* %linebuf_val_strb_V_1, align 1" [C:/Xilinx/Vivado/2017.3/common/technology/autopilot/hls/hls_video_mem.h:835->video1/main.cpp:39]   --->   Core 37 'RAM' <Latency = 1> <II = 1> <Delay = 3.25> <Storage> <Opcode : 'load' 'store'> <Ports = 2> <Width = 1> <Depth = 1280> <RAM>
ST_7 : Operation 165 [1/1] (0.00ns)   --->   "%linebuf_val_strb_V_2 = getelementptr [1280 x i4]* @linebuf_val_strb_V_2, i64 0, i64 %tmp_2" [C:/Xilinx/Vivado/2017.3/common/technology/autopilot/hls/hls_video_mem.h:835->video1/main.cpp:39]
ST_7 : Operation 166 [2/2] (3.25ns)   --->   "%linebuf_val_strb_V_2_1 = load i4* %linebuf_val_strb_V_2, align 1" [C:/Xilinx/Vivado/2017.3/common/technology/autopilot/hls/hls_video_mem.h:835->video1/main.cpp:39]   --->   Core 37 'RAM' <Latency = 1> <II = 1> <Delay = 3.25> <Storage> <Opcode : 'load' 'store'> <Ports = 2> <Width = 1> <Depth = 1280> <RAM>
ST_7 : Operation 167 [1/1] (0.00ns)   --->   "%linebuf_val_user_V_0 = getelementptr [1280 x i1]* @linebuf_val_user_V_0, i64 0, i64 %tmp_2" [C:/Xilinx/Vivado/2017.3/common/technology/autopilot/hls/hls_video_mem.h:835->video1/main.cpp:39]
ST_7 : Operation 168 [2/2] (3.25ns)   --->   "%linebuf_val_user_V_0_1 = load i1* %linebuf_val_user_V_0, align 1" [C:/Xilinx/Vivado/2017.3/common/technology/autopilot/hls/hls_video_mem.h:835->video1/main.cpp:39]   --->   Core 37 'RAM' <Latency = 1> <II = 1> <Delay = 3.25> <Storage> <Opcode : 'load' 'store'> <Ports = 2> <Width = 1> <Depth = 1280> <RAM>
ST_7 : Operation 169 [1/1] (0.00ns)   --->   "%linebuf_val_user_V_1 = getelementptr [1280 x i1]* @linebuf_val_user_V_1, i64 0, i64 %tmp_2" [C:/Xilinx/Vivado/2017.3/common/technology/autopilot/hls/hls_video_mem.h:835->video1/main.cpp:39]
ST_7 : Operation 170 [2/2] (3.25ns)   --->   "%linebuf_val_user_V_1_1 = load i1* %linebuf_val_user_V_1, align 1" [C:/Xilinx/Vivado/2017.3/common/technology/autopilot/hls/hls_video_mem.h:835->video1/main.cpp:39]   --->   Core 37 'RAM' <Latency = 1> <II = 1> <Delay = 3.25> <Storage> <Opcode : 'load' 'store'> <Ports = 2> <Width = 1> <Depth = 1280> <RAM>
ST_7 : Operation 171 [1/1] (0.00ns)   --->   "%linebuf_val_user_V_2 = getelementptr [1280 x i1]* @linebuf_val_user_V_2, i64 0, i64 %tmp_2" [C:/Xilinx/Vivado/2017.3/common/technology/autopilot/hls/hls_video_mem.h:835->video1/main.cpp:39]
ST_7 : Operation 172 [2/2] (3.25ns)   --->   "%linebuf_val_user_V_2_1 = load i1* %linebuf_val_user_V_2, align 1" [C:/Xilinx/Vivado/2017.3/common/technology/autopilot/hls/hls_video_mem.h:835->video1/main.cpp:39]   --->   Core 37 'RAM' <Latency = 1> <II = 1> <Delay = 3.25> <Storage> <Opcode : 'load' 'store'> <Ports = 2> <Width = 1> <Depth = 1280> <RAM>
ST_7 : Operation 173 [1/1] (0.00ns)   --->   "%linebuf_val_last_V_0 = getelementptr [1280 x i1]* @linebuf_val_last_V_0, i64 0, i64 %tmp_2" [C:/Xilinx/Vivado/2017.3/common/technology/autopilot/hls/hls_video_mem.h:835->video1/main.cpp:39]
ST_7 : Operation 174 [2/2] (3.25ns)   --->   "%linebuf_val_last_V_0_1 = load i1* %linebuf_val_last_V_0, align 1" [C:/Xilinx/Vivado/2017.3/common/technology/autopilot/hls/hls_video_mem.h:835->video1/main.cpp:39]   --->   Core 37 'RAM' <Latency = 1> <II = 1> <Delay = 3.25> <Storage> <Opcode : 'load' 'store'> <Ports = 2> <Width = 1> <Depth = 1280> <RAM>
ST_7 : Operation 175 [1/1] (0.00ns)   --->   "%linebuf_val_last_V_1 = getelementptr [1280 x i1]* @linebuf_val_last_V_1, i64 0, i64 %tmp_2" [C:/Xilinx/Vivado/2017.3/common/technology/autopilot/hls/hls_video_mem.h:835->video1/main.cpp:39]
ST_7 : Operation 176 [2/2] (3.25ns)   --->   "%linebuf_val_last_V_1_1 = load i1* %linebuf_val_last_V_1, align 1" [C:/Xilinx/Vivado/2017.3/common/technology/autopilot/hls/hls_video_mem.h:835->video1/main.cpp:39]   --->   Core 37 'RAM' <Latency = 1> <II = 1> <Delay = 3.25> <Storage> <Opcode : 'load' 'store'> <Ports = 2> <Width = 1> <Depth = 1280> <RAM>
ST_7 : Operation 177 [1/1] (0.00ns)   --->   "%linebuf_val_last_V_2 = getelementptr [1280 x i1]* @linebuf_val_last_V_2, i64 0, i64 %tmp_2" [C:/Xilinx/Vivado/2017.3/common/technology/autopilot/hls/hls_video_mem.h:835->video1/main.cpp:39]
ST_7 : Operation 178 [2/2] (3.25ns)   --->   "%linebuf_val_last_V_2_1 = load i1* %linebuf_val_last_V_2, align 1" [C:/Xilinx/Vivado/2017.3/common/technology/autopilot/hls/hls_video_mem.h:835->video1/main.cpp:39]   --->   Core 37 'RAM' <Latency = 1> <II = 1> <Delay = 3.25> <Storage> <Opcode : 'load' 'store'> <Ports = 2> <Width = 1> <Depth = 1280> <RAM>
ST_7 : Operation 179 [1/1] (0.00ns)   --->   "%linebuf_val_id_V_0_a = getelementptr [1280 x i1]* @linebuf_val_id_V_0, i64 0, i64 %tmp_2" [C:/Xilinx/Vivado/2017.3/common/technology/autopilot/hls/hls_video_mem.h:835->video1/main.cpp:39]
ST_7 : Operation 180 [2/2] (3.25ns)   --->   "%linebuf_val_id_V_0_l = load i1* %linebuf_val_id_V_0_a, align 1" [C:/Xilinx/Vivado/2017.3/common/technology/autopilot/hls/hls_video_mem.h:835->video1/main.cpp:39]   --->   Core 37 'RAM' <Latency = 1> <II = 1> <Delay = 3.25> <Storage> <Opcode : 'load' 'store'> <Ports = 2> <Width = 1> <Depth = 1280> <RAM>
ST_7 : Operation 181 [1/1] (0.00ns)   --->   "%linebuf_val_id_V_1_a = getelementptr [1280 x i1]* @linebuf_val_id_V_1, i64 0, i64 %tmp_2" [C:/Xilinx/Vivado/2017.3/common/technology/autopilot/hls/hls_video_mem.h:835->video1/main.cpp:39]
ST_7 : Operation 182 [2/2] (3.25ns)   --->   "%linebuf_val_id_V_1_l = load i1* %linebuf_val_id_V_1_a, align 1" [C:/Xilinx/Vivado/2017.3/common/technology/autopilot/hls/hls_video_mem.h:835->video1/main.cpp:39]   --->   Core 37 'RAM' <Latency = 1> <II = 1> <Delay = 3.25> <Storage> <Opcode : 'load' 'store'> <Ports = 2> <Width = 1> <Depth = 1280> <RAM>
ST_7 : Operation 183 [1/1] (0.00ns)   --->   "%linebuf_val_id_V_2_a = getelementptr [1280 x i1]* @linebuf_val_id_V_2, i64 0, i64 %tmp_2" [C:/Xilinx/Vivado/2017.3/common/technology/autopilot/hls/hls_video_mem.h:835->video1/main.cpp:39]
ST_7 : Operation 184 [2/2] (3.25ns)   --->   "%linebuf_val_id_V_2_l = load i1* %linebuf_val_id_V_2_a, align 1" [C:/Xilinx/Vivado/2017.3/common/technology/autopilot/hls/hls_video_mem.h:835->video1/main.cpp:39]   --->   Core 37 'RAM' <Latency = 1> <II = 1> <Delay = 3.25> <Storage> <Opcode : 'load' 'store'> <Ports = 2> <Width = 1> <Depth = 1280> <RAM>
ST_7 : Operation 185 [1/1] (0.00ns)   --->   "%linebuf_val_dest_V_0 = getelementptr [1280 x i1]* @linebuf_val_dest_V_0, i64 0, i64 %tmp_2" [C:/Xilinx/Vivado/2017.3/common/technology/autopilot/hls/hls_video_mem.h:835->video1/main.cpp:39]
ST_7 : Operation 186 [2/2] (3.25ns)   --->   "%linebuf_val_dest_V_0_1 = load i1* %linebuf_val_dest_V_0, align 1" [C:/Xilinx/Vivado/2017.3/common/technology/autopilot/hls/hls_video_mem.h:835->video1/main.cpp:39]   --->   Core 37 'RAM' <Latency = 1> <II = 1> <Delay = 3.25> <Storage> <Opcode : 'load' 'store'> <Ports = 2> <Width = 1> <Depth = 1280> <RAM>
ST_7 : Operation 187 [1/1] (0.00ns)   --->   "%linebuf_val_dest_V_1 = getelementptr [1280 x i1]* @linebuf_val_dest_V_1, i64 0, i64 %tmp_2" [C:/Xilinx/Vivado/2017.3/common/technology/autopilot/hls/hls_video_mem.h:835->video1/main.cpp:39]
ST_7 : Operation 188 [2/2] (3.25ns)   --->   "%linebuf_val_dest_V_1_1 = load i1* %linebuf_val_dest_V_1, align 1" [C:/Xilinx/Vivado/2017.3/common/technology/autopilot/hls/hls_video_mem.h:835->video1/main.cpp:39]   --->   Core 37 'RAM' <Latency = 1> <II = 1> <Delay = 3.25> <Storage> <Opcode : 'load' 'store'> <Ports = 2> <Width = 1> <Depth = 1280> <RAM>
ST_7 : Operation 189 [1/1] (0.00ns)   --->   "%linebuf_val_dest_V_2 = getelementptr [1280 x i1]* @linebuf_val_dest_V_2, i64 0, i64 %tmp_2" [C:/Xilinx/Vivado/2017.3/common/technology/autopilot/hls/hls_video_mem.h:835->video1/main.cpp:39]
ST_7 : Operation 190 [2/2] (3.25ns)   --->   "%linebuf_val_dest_V_2_1 = load i1* %linebuf_val_dest_V_2, align 1" [C:/Xilinx/Vivado/2017.3/common/technology/autopilot/hls/hls_video_mem.h:835->video1/main.cpp:39]   --->   Core 37 'RAM' <Latency = 1> <II = 1> <Delay = 3.25> <Storage> <Opcode : 'load' 'store'> <Ports = 2> <Width = 1> <Depth = 1280> <RAM>
ST_7 : Operation 191 [1/1] (1.65ns)   --->   "%row = add i3 %row_assign, -1" [video1/main.cpp:37]   --->   Core 14 'AddSub' <Latency = 0> <II = 1> <Delay = 1.65> <FuncUnit> <Opcode : 'add' 'sub'> <InPorts = 2> <OutPorts = 1>
ST_7 : Operation 192 [1/1] (0.00ns)   --->   "br label %.preheader7" [video1/main.cpp:37]

 <State 8> : 5.03ns
ST_8 : Operation 193 [1/2] (3.25ns)   --->   "%linebuf_val_data_V_0_1 = load i32* %linebuf_val_data_V_0, align 4" [C:/Xilinx/Vivado/2017.3/common/technology/autopilot/hls/hls_video_mem.h:835->video1/main.cpp:39]   --->   Core 37 'RAM' <Latency = 1> <II = 1> <Delay = 3.25> <Storage> <Opcode : 'load' 'store'> <Ports = 2> <Width = 1> <Depth = 1280> <RAM>
ST_8 : Operation 194 [1/2] (3.25ns)   --->   "%linebuf_val_data_V_1_1 = load i32* %linebuf_val_data_V_1, align 4" [C:/Xilinx/Vivado/2017.3/common/technology/autopilot/hls/hls_video_mem.h:835->video1/main.cpp:39]   --->   Core 37 'RAM' <Latency = 1> <II = 1> <Delay = 3.25> <Storage> <Opcode : 'load' 'store'> <Ports = 2> <Width = 1> <Depth = 1280> <RAM>
ST_8 : Operation 195 [1/2] (3.25ns)   --->   "%linebuf_val_data_V_2_1 = load i32* %linebuf_val_data_V_2, align 4" [C:/Xilinx/Vivado/2017.3/common/technology/autopilot/hls/hls_video_mem.h:835->video1/main.cpp:39]   --->   Core 37 'RAM' <Latency = 1> <II = 1> <Delay = 3.25> <Storage> <Opcode : 'load' 'store'> <Ports = 2> <Width = 1> <Depth = 1280> <RAM>
ST_8 : Operation 196 [1/1] (1.77ns)   --->   "%tmp_data_V_2 = call i32 @_ssdm_op_Mux.ap_auto.3i32.i2(i32 %linebuf_val_data_V_0_1, i32 %linebuf_val_data_V_1_1, i32 %linebuf_val_data_V_2_1, i2 %tmp_7)" [C:/Xilinx/Vivado/2017.3/common/technology/autopilot/hls/hls_video_mem.h:835->video1/main.cpp:39]   --->   Core 31 'MuxnS' <Latency = 0> <II = 1> <Delay = 1.77> <FuncUnit> <Opcode : 'mux'> <InPorts = 2> <OutPorts = 1>
ST_8 : Operation 197 [1/2] (3.25ns)   --->   "%linebuf_val_keep_V_0_1 = load i4* %linebuf_val_keep_V_0, align 1" [C:/Xilinx/Vivado/2017.3/common/technology/autopilot/hls/hls_video_mem.h:835->video1/main.cpp:39]   --->   Core 37 'RAM' <Latency = 1> <II = 1> <Delay = 3.25> <Storage> <Opcode : 'load' 'store'> <Ports = 2> <Width = 1> <Depth = 1280> <RAM>
ST_8 : Operation 198 [1/2] (3.25ns)   --->   "%linebuf_val_keep_V_1_1 = load i4* %linebuf_val_keep_V_1, align 1" [C:/Xilinx/Vivado/2017.3/common/technology/autopilot/hls/hls_video_mem.h:835->video1/main.cpp:39]   --->   Core 37 'RAM' <Latency = 1> <II = 1> <Delay = 3.25> <Storage> <Opcode : 'load' 'store'> <Ports = 2> <Width = 1> <Depth = 1280> <RAM>
ST_8 : Operation 199 [1/2] (3.25ns)   --->   "%linebuf_val_keep_V_2_1 = load i4* %linebuf_val_keep_V_2, align 1" [C:/Xilinx/Vivado/2017.3/common/technology/autopilot/hls/hls_video_mem.h:835->video1/main.cpp:39]   --->   Core 37 'RAM' <Latency = 1> <II = 1> <Delay = 3.25> <Storage> <Opcode : 'load' 'store'> <Ports = 2> <Width = 1> <Depth = 1280> <RAM>
ST_8 : Operation 200 [1/1] (1.77ns)   --->   "%tmp_keep_V_2 = call i4 @_ssdm_op_Mux.ap_auto.3i4.i2(i4 %linebuf_val_keep_V_0_1, i4 %linebuf_val_keep_V_1_1, i4 %linebuf_val_keep_V_2_1, i2 %tmp_7)" [C:/Xilinx/Vivado/2017.3/common/technology/autopilot/hls/hls_video_mem.h:835->video1/main.cpp:39]   --->   Core 31 'MuxnS' <Latency = 0> <II = 1> <Delay = 1.77> <FuncUnit> <Opcode : 'mux'> <InPorts = 2> <OutPorts = 1>
ST_8 : Operation 201 [1/2] (3.25ns)   --->   "%linebuf_val_strb_V_0_1 = load i4* %linebuf_val_strb_V_0, align 1" [C:/Xilinx/Vivado/2017.3/common/technology/autopilot/hls/hls_video_mem.h:835->video1/main.cpp:39]   --->   Core 37 'RAM' <Latency = 1> <II = 1> <Delay = 3.25> <Storage> <Opcode : 'load' 'store'> <Ports = 2> <Width = 1> <Depth = 1280> <RAM>
ST_8 : Operation 202 [1/2] (3.25ns)   --->   "%linebuf_val_strb_V_1_1 = load i4* %linebuf_val_strb_V_1, align 1" [C:/Xilinx/Vivado/2017.3/common/technology/autopilot/hls/hls_video_mem.h:835->video1/main.cpp:39]   --->   Core 37 'RAM' <Latency = 1> <II = 1> <Delay = 3.25> <Storage> <Opcode : 'load' 'store'> <Ports = 2> <Width = 1> <Depth = 1280> <RAM>
ST_8 : Operation 203 [1/2] (3.25ns)   --->   "%linebuf_val_strb_V_2_1 = load i4* %linebuf_val_strb_V_2, align 1" [C:/Xilinx/Vivado/2017.3/common/technology/autopilot/hls/hls_video_mem.h:835->video1/main.cpp:39]   --->   Core 37 'RAM' <Latency = 1> <II = 1> <Delay = 3.25> <Storage> <Opcode : 'load' 'store'> <Ports = 2> <Width = 1> <Depth = 1280> <RAM>
ST_8 : Operation 204 [1/1] (1.77ns)   --->   "%tmp_strb_V_2 = call i4 @_ssdm_op_Mux.ap_auto.3i4.i2(i4 %linebuf_val_strb_V_0_1, i4 %linebuf_val_strb_V_1_1, i4 %linebuf_val_strb_V_2_1, i2 %tmp_7)" [C:/Xilinx/Vivado/2017.3/common/technology/autopilot/hls/hls_video_mem.h:835->video1/main.cpp:39]   --->   Core 31 'MuxnS' <Latency = 0> <II = 1> <Delay = 1.77> <FuncUnit> <Opcode : 'mux'> <InPorts = 2> <OutPorts = 1>
ST_8 : Operation 205 [1/2] (3.25ns)   --->   "%linebuf_val_user_V_0_1 = load i1* %linebuf_val_user_V_0, align 1" [C:/Xilinx/Vivado/2017.3/common/technology/autopilot/hls/hls_video_mem.h:835->video1/main.cpp:39]   --->   Core 37 'RAM' <Latency = 1> <II = 1> <Delay = 3.25> <Storage> <Opcode : 'load' 'store'> <Ports = 2> <Width = 1> <Depth = 1280> <RAM>
ST_8 : Operation 206 [1/2] (3.25ns)   --->   "%linebuf_val_user_V_1_1 = load i1* %linebuf_val_user_V_1, align 1" [C:/Xilinx/Vivado/2017.3/common/technology/autopilot/hls/hls_video_mem.h:835->video1/main.cpp:39]   --->   Core 37 'RAM' <Latency = 1> <II = 1> <Delay = 3.25> <Storage> <Opcode : 'load' 'store'> <Ports = 2> <Width = 1> <Depth = 1280> <RAM>
ST_8 : Operation 207 [1/2] (3.25ns)   --->   "%linebuf_val_user_V_2_1 = load i1* %linebuf_val_user_V_2, align 1" [C:/Xilinx/Vivado/2017.3/common/technology/autopilot/hls/hls_video_mem.h:835->video1/main.cpp:39]   --->   Core 37 'RAM' <Latency = 1> <II = 1> <Delay = 3.25> <Storage> <Opcode : 'load' 'store'> <Ports = 2> <Width = 1> <Depth = 1280> <RAM>
ST_8 : Operation 208 [1/1] (1.77ns)   --->   "%tmp_user_V_2 = call i1 @_ssdm_op_Mux.ap_auto.3i1.i2(i1 %linebuf_val_user_V_0_1, i1 %linebuf_val_user_V_1_1, i1 %linebuf_val_user_V_2_1, i2 %tmp_7)" [C:/Xilinx/Vivado/2017.3/common/technology/autopilot/hls/hls_video_mem.h:835->video1/main.cpp:39]   --->   Core 31 'MuxnS' <Latency = 0> <II = 1> <Delay = 1.77> <FuncUnit> <Opcode : 'mux'> <InPorts = 2> <OutPorts = 1>
ST_8 : Operation 209 [1/2] (3.25ns)   --->   "%linebuf_val_last_V_0_1 = load i1* %linebuf_val_last_V_0, align 1" [C:/Xilinx/Vivado/2017.3/common/technology/autopilot/hls/hls_video_mem.h:835->video1/main.cpp:39]   --->   Core 37 'RAM' <Latency = 1> <II = 1> <Delay = 3.25> <Storage> <Opcode : 'load' 'store'> <Ports = 2> <Width = 1> <Depth = 1280> <RAM>
ST_8 : Operation 210 [1/2] (3.25ns)   --->   "%linebuf_val_last_V_1_1 = load i1* %linebuf_val_last_V_1, align 1" [C:/Xilinx/Vivado/2017.3/common/technology/autopilot/hls/hls_video_mem.h:835->video1/main.cpp:39]   --->   Core 37 'RAM' <Latency = 1> <II = 1> <Delay = 3.25> <Storage> <Opcode : 'load' 'store'> <Ports = 2> <Width = 1> <Depth = 1280> <RAM>
ST_8 : Operation 211 [1/2] (3.25ns)   --->   "%linebuf_val_last_V_2_1 = load i1* %linebuf_val_last_V_2, align 1" [C:/Xilinx/Vivado/2017.3/common/technology/autopilot/hls/hls_video_mem.h:835->video1/main.cpp:39]   --->   Core 37 'RAM' <Latency = 1> <II = 1> <Delay = 3.25> <Storage> <Opcode : 'load' 'store'> <Ports = 2> <Width = 1> <Depth = 1280> <RAM>
ST_8 : Operation 212 [1/1] (1.77ns)   --->   "%tmp_last_V_2 = call i1 @_ssdm_op_Mux.ap_auto.3i1.i2(i1 %linebuf_val_last_V_0_1, i1 %linebuf_val_last_V_1_1, i1 %linebuf_val_last_V_2_1, i2 %tmp_7)" [C:/Xilinx/Vivado/2017.3/common/technology/autopilot/hls/hls_video_mem.h:835->video1/main.cpp:39]   --->   Core 31 'MuxnS' <Latency = 0> <II = 1> <Delay = 1.77> <FuncUnit> <Opcode : 'mux'> <InPorts = 2> <OutPorts = 1>
ST_8 : Operation 213 [1/2] (3.25ns)   --->   "%linebuf_val_id_V_0_l = load i1* %linebuf_val_id_V_0_a, align 1" [C:/Xilinx/Vivado/2017.3/common/technology/autopilot/hls/hls_video_mem.h:835->video1/main.cpp:39]   --->   Core 37 'RAM' <Latency = 1> <II = 1> <Delay = 3.25> <Storage> <Opcode : 'load' 'store'> <Ports = 2> <Width = 1> <Depth = 1280> <RAM>
ST_8 : Operation 214 [1/2] (3.25ns)   --->   "%linebuf_val_id_V_1_l = load i1* %linebuf_val_id_V_1_a, align 1" [C:/Xilinx/Vivado/2017.3/common/technology/autopilot/hls/hls_video_mem.h:835->video1/main.cpp:39]   --->   Core 37 'RAM' <Latency = 1> <II = 1> <Delay = 3.25> <Storage> <Opcode : 'load' 'store'> <Ports = 2> <Width = 1> <Depth = 1280> <RAM>
ST_8 : Operation 215 [1/2] (3.25ns)   --->   "%linebuf_val_id_V_2_l = load i1* %linebuf_val_id_V_2_a, align 1" [C:/Xilinx/Vivado/2017.3/common/technology/autopilot/hls/hls_video_mem.h:835->video1/main.cpp:39]   --->   Core 37 'RAM' <Latency = 1> <II = 1> <Delay = 3.25> <Storage> <Opcode : 'load' 'store'> <Ports = 2> <Width = 1> <Depth = 1280> <RAM>
ST_8 : Operation 216 [1/1] (1.77ns)   --->   "%tmp_id_V_2 = call i1 @_ssdm_op_Mux.ap_auto.3i1.i2(i1 %linebuf_val_id_V_0_l, i1 %linebuf_val_id_V_1_l, i1 %linebuf_val_id_V_2_l, i2 %tmp_7)" [C:/Xilinx/Vivado/2017.3/common/technology/autopilot/hls/hls_video_mem.h:835->video1/main.cpp:39]   --->   Core 31 'MuxnS' <Latency = 0> <II = 1> <Delay = 1.77> <FuncUnit> <Opcode : 'mux'> <InPorts = 2> <OutPorts = 1>
ST_8 : Operation 217 [1/2] (3.25ns)   --->   "%linebuf_val_dest_V_0_1 = load i1* %linebuf_val_dest_V_0, align 1" [C:/Xilinx/Vivado/2017.3/common/technology/autopilot/hls/hls_video_mem.h:835->video1/main.cpp:39]   --->   Core 37 'RAM' <Latency = 1> <II = 1> <Delay = 3.25> <Storage> <Opcode : 'load' 'store'> <Ports = 2> <Width = 1> <Depth = 1280> <RAM>
ST_8 : Operation 218 [1/2] (3.25ns)   --->   "%linebuf_val_dest_V_1_1 = load i1* %linebuf_val_dest_V_1, align 1" [C:/Xilinx/Vivado/2017.3/common/technology/autopilot/hls/hls_video_mem.h:835->video1/main.cpp:39]   --->   Core 37 'RAM' <Latency = 1> <II = 1> <Delay = 3.25> <Storage> <Opcode : 'load' 'store'> <Ports = 2> <Width = 1> <Depth = 1280> <RAM>
ST_8 : Operation 219 [1/2] (3.25ns)   --->   "%linebuf_val_dest_V_2_1 = load i1* %linebuf_val_dest_V_2, align 1" [C:/Xilinx/Vivado/2017.3/common/technology/autopilot/hls/hls_video_mem.h:835->video1/main.cpp:39]   --->   Core 37 'RAM' <Latency = 1> <II = 1> <Delay = 3.25> <Storage> <Opcode : 'load' 'store'> <Ports = 2> <Width = 1> <Depth = 1280> <RAM>
ST_8 : Operation 220 [1/1] (1.77ns)   --->   "%tmp_dest_V_2 = call i1 @_ssdm_op_Mux.ap_auto.3i1.i2(i1 %linebuf_val_dest_V_0_1, i1 %linebuf_val_dest_V_1_1, i1 %linebuf_val_dest_V_2_1, i2 %tmp_7)" [C:/Xilinx/Vivado/2017.3/common/technology/autopilot/hls/hls_video_mem.h:835->video1/main.cpp:39]   --->   Core 31 'MuxnS' <Latency = 0> <II = 1> <Delay = 1.77> <FuncUnit> <Opcode : 'mux'> <InPorts = 2> <OutPorts = 1>
ST_8 : Operation 221 [2/2] (0.00ns)   --->   "call void @_ssdm_op_Write.axis.volatile.i32P.i4P.i4P.i1P.i1P.i1P.i1P(i32* %dst_V_data_V, i4* %dst_V_keep_V, i4* %dst_V_strb_V, i1* %dst_V_user_V, i1* %dst_V_last_V, i1* %dst_V_id_V, i1* %dst_V_dest_V, i32 %tmp_data_V_2, i4 %tmp_keep_V_2, i4 %tmp_strb_V_2, i1 %tmp_user_V_2, i1 %tmp_last_V_2, i1 %tmp_id_V_2, i1 %tmp_dest_V_2)" [video1/main.cpp:40]   --->   Core 5 'AXI4Stream' <Latency = 0> <II = 1> <Delay = 1.00> <Adapter> <Opcode : >

 <State 9> : 0.00ns
ST_9 : Operation 222 [1/2] (0.00ns)   --->   "call void @_ssdm_op_Write.axis.volatile.i32P.i4P.i4P.i1P.i1P.i1P.i1P(i32* %dst_V_data_V, i4* %dst_V_keep_V, i4* %dst_V_strb_V, i1* %dst_V_user_V, i1* %dst_V_last_V, i1* %dst_V_id_V, i1* %dst_V_dest_V, i32 %tmp_data_V_2, i4 %tmp_keep_V_2, i4 %tmp_strb_V_2, i1 %tmp_user_V_2, i1 %tmp_last_V_2, i1 %tmp_id_V_2, i1 %tmp_dest_V_2)" [video1/main.cpp:40]   --->   Core 5 'AXI4Stream' <Latency = 0> <II = 1> <Delay = 1.00> <Adapter> <Opcode : >
ST_9 : Operation 223 [1/1] (0.00ns)   --->   "br label %.preheader" [video1/main.cpp:38]

 <State 10> : 0.00ns
ST_10 : Operation 224 [1/1] (0.00ns)   --->   "%y_flag_2 = phi i1 [ %y_flag_1, %._crit_edge9 ], [ %tmp_user_V, %.loopexit.loopexit ]"
ST_10 : Operation 225 [1/1] (0.00ns)   --->   "%y_new_2 = phi i16 [ %y_new_1, %._crit_edge9 ], [ 0, %.loopexit.loopexit ]" [video1/main.cpp:53]
ST_10 : Operation 226 [1/1] (0.00ns)   --->   "%x_flag_2 = phi i1 [ true, %._crit_edge9 ], [ %tmp_user_V, %.loopexit.loopexit ]"
ST_10 : Operation 227 [1/1] (0.00ns)   --->   "%x_new_2 = phi i16 [ %x_new_1, %._crit_edge9 ], [ 0, %.loopexit.loopexit ]" [video1/main.cpp:53]
ST_10 : Operation 228 [1/1] (0.00ns)   --->   "br i1 %x_flag_2, label %mergeST125, label %.loopexit.new126" [video1/main.cpp:26]
ST_10 : Operation 229 [1/1] (0.00ns)   --->   "store i16 %x_new_2, i16* @x, align 2" [video1/main.cpp:33]
ST_10 : Operation 230 [1/1] (0.00ns)   --->   "br label %.loopexit.new126"
ST_10 : Operation 231 [1/1] (0.00ns)   --->   "br i1 %y_flag_2, label %mergeST, label %.loopexit.new" [video1/main.cpp:53]
ST_10 : Operation 232 [1/1] (0.00ns)   --->   "store i16 %y_new_2, i16* @y, align 2" [video1/main.cpp:33]
ST_10 : Operation 233 [1/1] (0.00ns)   --->   "br label %.loopexit.new"
ST_10 : Operation 234 [1/1] (0.00ns)   --->   "ret void" [video1/main.cpp:63]


============================================================
+ Verbose Summary: Timing violations
============================================================
Target clock period: 7ns, clock uncertainty: 0.875ns.

 <State 1>: 0ns
The critical path consists of the following:

 <State 2>: 4.73ns
The critical path consists of the following:
	axis read on port 'src_V_data_V' (video1/main.cpp:26) [65]  (0 ns)
	'select' operation ('p_y_load', video1/main.cpp:32) [75]  (1.37 ns)
	'icmp' operation ('tmp_5', video1/main.cpp:36) [78]  (2.43 ns)
	'and' operation ('or_cond', video1/main.cpp:36) [79]  (0.931 ns)

 <State 3>: 3.25ns
The critical path consists of the following:
	'load' operation ('tmp.data.V', C:/Xilinx/Vivado/2017.3/common/technology/autopilot/hls/hls_video_mem.h:689->C:/Xilinx/Vivado/2017.3/common/technology/autopilot/hls/hls_video_mem.h:853->video1/main.cpp:45) on array 'linebuf_val_data_V_1' [84]  (3.25 ns)

 <State 4>: 3.25ns
The critical path consists of the following:
	'getelementptr' operation ('linebuf_val_data_V_2_2', C:/Xilinx/Vivado/2017.3/common/technology/autopilot/hls/hls_video_mem.h:689->C:/Xilinx/Vivado/2017.3/common/technology/autopilot/hls/hls_video_mem.h:853->video1/main.cpp:45) [85]  (0 ns)
	'store' operation (C:/Xilinx/Vivado/2017.3/common/technology/autopilot/hls/hls_video_mem.h:689->C:/Xilinx/Vivado/2017.3/common/technology/autopilot/hls/hls_video_mem.h:853->video1/main.cpp:45) of variable 'tmp.data.V', C:/Xilinx/Vivado/2017.3/common/technology/autopilot/hls/hls_video_mem.h:689->C:/Xilinx/Vivado/2017.3/common/technology/autopilot/hls/hls_video_mem.h:853->video1/main.cpp:45 on array 'linebuf_val_data_V_2' [86]  (3.25 ns)

 <State 5>: 5.57ns
The critical path consists of the following:
	'icmp' operation ('tmp_1', video1/main.cpp:53) [145]  (2.43 ns)
	'select' operation ('y_new_1', video1/main.cpp:53) [149]  (1.37 ns)
	multiplexor before 'phi' operation ('tmp.user.V') with incoming values : ('tmp.user.V', video1/main.cpp:26) ('y_flag_1', video1/main.cpp:53) [227]  (1.77 ns)

 <State 6>: 1.77ns
The critical path consists of the following:
	multiplexor before 'phi' operation ('col') with incoming values : ('col', video1/main.cpp:38) [163]  (1.77 ns)

 <State 7>: 3.25ns
The critical path consists of the following:
	'phi' operation ('col') with incoming values : ('col', video1/main.cpp:38) [163]  (0 ns)
	'getelementptr' operation ('linebuf_val_data_V_0', C:/Xilinx/Vivado/2017.3/common/technology/autopilot/hls/hls_video_mem.h:835->video1/main.cpp:39) [170]  (0 ns)
	'load' operation ('linebuf_val_data_V_0_1', C:/Xilinx/Vivado/2017.3/common/technology/autopilot/hls/hls_video_mem.h:835->video1/main.cpp:39) on array 'linebuf_val_data_V_0' [171]  (3.25 ns)

 <State 8>: 5.03ns
The critical path consists of the following:
	'load' operation ('linebuf_val_data_V_0_1', C:/Xilinx/Vivado/2017.3/common/technology/autopilot/hls/hls_video_mem.h:835->video1/main.cpp:39) on array 'linebuf_val_data_V_0' [171]  (3.25 ns)
	'mux' operation ('tmp.data.V', C:/Xilinx/Vivado/2017.3/common/technology/autopilot/hls/hls_video_mem.h:835->video1/main.cpp:39) [176]  (1.77 ns)

 <State 9>: 0ns
The critical path consists of the following:

 <State 10>: 0ns
The critical path consists of the following:


============================================================
+ Verbose Summary: Binding
============================================================
N/A
* FSMD analyzer results:
  - Output states:
 - Input state : 
  - Chain level:
	State 1
	State 2
	State 3
	State 4
	State 5
	State 6
	State 7
	State 8
	State 9
	State 10


============================================================
+ Verbose Summary: Datapath Resource usage 
============================================================
N/A
