

================================================================
== Vivado HLS Report for 'trace_cntrl'
================================================================
* Date:           Sun Oct 15 10:19:37 2017

* Version:        2016.1 (Build 1538259 on Fri Apr 08 16:12:49 MDT 2016)
* Project:        trace_cntrl
* Solution:       solution1
* Product family: zynq
* Target device:  xc7z020clg484-1


================================================================
== Performance Estimates
================================================================
+ Timing (ns): 
    * Summary: 
    +--------+-------+----------+------------+
    |  Clock | Target| Estimated| Uncertainty|
    +--------+-------+----------+------------+
    |ap_clk  |  10.00|      6.63|        1.25|
    +--------+-------+----------+------------+

+ Latency (clock cycles): 
    * Summary: 
    +-----+-----+-----+-----+---------+
    |  Latency  |  Interval | Pipeline|
    | min | max | min | max |   Type  |
    +-----+-----+-----+-----+---------+
    |    ?|    ?|    ?|    ?|   none  |
    +-----+-----+-----+-----+---------+

    + Detail: 
        * Instance: 
        N/A

        * Loop: 
        +----------+-----+-----+----------+-----------+-----------+------+----------+
        |          |  Latency  | Iteration|  Initiation Interval  | Trip |          |
        | Loop Name| min | max |  Latency |  achieved |   target  | Count| Pipelined|
        +----------+-----+-----+----------+-----------+-----------+------+----------+
        |- Loop 1  |    ?|    ?|         2|          1|          1|     ?|    yes   |
        +----------+-----+-----+----------+-----------+-----------+------+----------+



================================================================
== Utilization Estimates
================================================================
* Summary: 
+-----------------+---------+-------+--------+-------+
|       Name      | BRAM_18K| DSP48E|   FF   |  LUT  |
+-----------------+---------+-------+--------+-------+
|DSP              |        -|      -|       -|      -|
|Expression       |        -|      -|       0|    175|
|FIFO             |        -|      -|       -|      -|
|Instance         |        0|      -|     144|    232|
|Memory           |        -|      -|       -|      -|
|Multiplexer      |        -|      -|       -|     70|
|Register         |        -|      -|     258|      -|
+-----------------+---------+-------+--------+-------+
|Total            |        0|      0|     402|    477|
+-----------------+---------+-------+--------+-------+
|Available        |      280|    220|  106400|  53200|
+-----------------+---------+-------+--------+-------+
|Utilization (%)  |        0|      0|   ~0   |   ~0  |
+-----------------+---------+-------+--------+-------+

+ Detail: 
    * Instance: 
    +---------------------------------+-------------------------------+---------+-------+-----+-----+
    |             Instance            |             Module            | BRAM_18K| DSP48E|  FF | LUT |
    +---------------------------------+-------------------------------+---------+-------+-----+-----+
    |trace_cntrl_trace_cntrl_s_axi_U  |trace_cntrl_trace_cntrl_s_axi  |        0|      0|  144|  232|
    +---------------------------------+-------------------------------+---------+-------+-----+-----+
    |Total                            |                               |        0|      0|  144|  232|
    +---------------------------------+-------------------------------+---------+-------+-----+-----+

    * DSP48: 
    N/A

    * Memory: 
    N/A

    * FIFO: 
    N/A

    * Expression: 
    +-------------------------+----------+-------+---+----+------------+------------+
    |      Variable Name      | Operation| DSP48E| FF| LUT| Bitwidth P0| Bitwidth P1|
    +-------------------------+----------+-------+---+----+------------+------------+
    |i_1_fu_234_p2            |     +    |      0|  0|  32|          32|           1|
    |samples_1_fu_228_p2      |     +    |      0|  0|  32|          32|           1|
    |tmp_fu_148_p2            |     +    |      0|  0|  32|           2|          32|
    |ap_sig_121               |    and   |      0|  0|   1|           1|           1|
    |tmp_5_fu_204_p2          |    and   |      0|  0|  44|          32|          32|
    |A_temp_last_V_fu_223_p2  |   icmp   |      0|  0|  11|          32|          32|
    |tmp_1_fu_171_p2          |   icmp   |      0|  0|  11|          32|          32|
    |tmp_6_fu_209_p2          |   icmp   |      0|  0|  11|          32|          32|
    |tmp_7_fu_214_p2          |    or    |      0|  0|   1|           1|           1|
    +-------------------------+----------+-------+---+----+------------+------------+
    |Total                    |          |      0|  0| 175|         196|         164|
    +-------------------------+----------+-------+---+----+------------+------------+

    * Multiplexer: 
    +-------------------------+----+-----------+-----+-----------+
    |           Name          | LUT| Input Size| Bits| Total Bits|
    +-------------------------+----+-----------+-----+-----------+
    |A_TDATA_blk_n            |   1|          2|    1|          2|
    |B_TDATA_blk_n            |   1|          2|    1|          2|
    |ap_NS_fsm                |   1|          4|    1|          4|
    |ap_sig_ioackin_B_TREADY  |   1|          2|    1|          2|
    |i_fu_78                  |  32|          2|   32|         64|
    |match_phi_fu_141_p4      |   1|          2|    1|          2|
    |match_reg_137            |   1|          2|    1|          2|
    |samples_fu_74            |  32|          2|   32|         64|
    +-------------------------+----+-----------+-----+-----------+
    |Total                    |  70|         18|   70|        142|
    +-------------------------+----+-----------+-----+-----------+

    * Register: 
    +-------------------------+----+----+-----+-----------+
    |           Name          | FF | LUT| Bits| Const Bits|
    +-------------------------+----+----+-----+-----------+
    |A_temp_data_V_reg_284    |  64|   0|   64|          0|
    |A_temp_dest_V_reg_309    |   1|   0|    1|          0|
    |A_temp_id_V_reg_304      |   5|   0|    5|          0|
    |A_temp_keep_V_reg_289    |   8|   0|    8|          0|
    |A_temp_last_V_reg_319    |   1|   0|    1|          0|
    |A_temp_strb_V_reg_294    |   8|   0|    8|          0|
    |A_temp_user_V_reg_299    |   2|   0|    2|          0|
    |ap_CS_fsm                |   3|   0|    3|          0|
    |ap_reg_ioackin_B_TREADY  |   1|   0|    1|          0|
    |ap_reg_ppiten_pp0_it0    |   1|   0|    1|          0|
    |ap_reg_ppiten_pp0_it1    |   1|   0|    1|          0|
    |i_fu_78                  |  32|   0|   32|          0|
    |length_read_reg_264      |  32|   0|   32|          0|
    |match_reg_137            |   1|   0|    1|          0|
    |samples_fu_74            |  32|   0|   32|          0|
    |tmp_1_reg_280            |   1|   0|    1|          0|
    |tmp_2_reg_274            |  32|   0|   32|          0|
    |tmp_7_reg_314            |   1|   0|    1|          0|
    |tmp_reg_269              |  32|   0|   32|          0|
    +-------------------------+----+----+-----+-----------+
    |Total                    | 258|   0|  258|          0|
    +-------------------------+----+----+-----+-----------+



================================================================
== Interface
================================================================
* Summary: 
+---------------------------+-----+-----+------------+--------------+--------------+
|         RTL Ports         | Dir | Bits|  Protocol  | Source Object|    C Type    |
+---------------------------+-----+-----+------------+--------------+--------------+
|s_axi_trace_cntrl_AWVALID  |  in |    1|    s_axi   |  trace_cntrl |    scalar    |
|s_axi_trace_cntrl_AWREADY  | out |    1|    s_axi   |  trace_cntrl |    scalar    |
|s_axi_trace_cntrl_AWADDR   |  in |    6|    s_axi   |  trace_cntrl |    scalar    |
|s_axi_trace_cntrl_WVALID   |  in |    1|    s_axi   |  trace_cntrl |    scalar    |
|s_axi_trace_cntrl_WREADY   | out |    1|    s_axi   |  trace_cntrl |    scalar    |
|s_axi_trace_cntrl_WDATA    |  in |   32|    s_axi   |  trace_cntrl |    scalar    |
|s_axi_trace_cntrl_WSTRB    |  in |    4|    s_axi   |  trace_cntrl |    scalar    |
|s_axi_trace_cntrl_ARVALID  |  in |    1|    s_axi   |  trace_cntrl |    scalar    |
|s_axi_trace_cntrl_ARREADY  | out |    1|    s_axi   |  trace_cntrl |    scalar    |
|s_axi_trace_cntrl_ARADDR   |  in |    6|    s_axi   |  trace_cntrl |    scalar    |
|s_axi_trace_cntrl_RVALID   | out |    1|    s_axi   |  trace_cntrl |    scalar    |
|s_axi_trace_cntrl_RREADY   |  in |    1|    s_axi   |  trace_cntrl |    scalar    |
|s_axi_trace_cntrl_RDATA    | out |   32|    s_axi   |  trace_cntrl |    scalar    |
|s_axi_trace_cntrl_RRESP    | out |    2|    s_axi   |  trace_cntrl |    scalar    |
|s_axi_trace_cntrl_BVALID   | out |    1|    s_axi   |  trace_cntrl |    scalar    |
|s_axi_trace_cntrl_BREADY   |  in |    1|    s_axi   |  trace_cntrl |    scalar    |
|s_axi_trace_cntrl_BRESP    | out |    2|    s_axi   |  trace_cntrl |    scalar    |
|ap_clk                     |  in |    1| ap_ctrl_hs |  trace_cntrl | return value |
|ap_rst_n                   |  in |    1| ap_ctrl_hs |  trace_cntrl | return value |
|interrupt                  | out |    1| ap_ctrl_hs |  trace_cntrl | return value |
|A_TDATA                    |  in |   64|    axis    |   A_data_V   |    pointer   |
|A_TVALID                   |  in |    1|    axis    |   A_data_V   |    pointer   |
|A_TREADY                   | out |    1|    axis    |   A_dest_V   |    pointer   |
|A_TDEST                    |  in |    1|    axis    |   A_dest_V   |    pointer   |
|A_TKEEP                    |  in |    8|    axis    |   A_keep_V   |    pointer   |
|A_TSTRB                    |  in |    8|    axis    |   A_strb_V   |    pointer   |
|A_TUSER                    |  in |    2|    axis    |   A_user_V   |    pointer   |
|A_TLAST                    |  in |    1|    axis    |   A_last_V   |    pointer   |
|A_TID                      |  in |    5|    axis    |    A_id_V    |    pointer   |
|B_TDATA                    | out |   64|    axis    |   B_data_V   |    pointer   |
|B_TVALID                   | out |    1|    axis    |   B_dest_V   |    pointer   |
|B_TREADY                   |  in |    1|    axis    |   B_dest_V   |    pointer   |
|B_TDEST                    | out |    1|    axis    |   B_dest_V   |    pointer   |
|B_TKEEP                    | out |    8|    axis    |   B_keep_V   |    pointer   |
|B_TSTRB                    | out |    8|    axis    |   B_strb_V   |    pointer   |
|B_TUSER                    | out |    2|    axis    |   B_user_V   |    pointer   |
|B_TLAST                    | out |    1|    axis    |   B_last_V   |    pointer   |
|B_TID                      | out |    5|    axis    |    B_id_V    |    pointer   |
+---------------------------+-----+-----+------------+--------------+--------------+

