Copyright 1986-2017 Xilinx, Inc. All Rights Reserved.
------------------------------------------------------------------------------------
| Tool Version : Vivado v.2017.3 (win64) Build 2018833 Wed Oct  4 19:58:22 MDT 2017
| Date         : Fri Dec 22 02:35:38 2017
| Host         : Chill running 64-bit major release  (build 9200)
| Command      : report_control_sets -file system_wrapper_control_sets_placed.rpt
| Design       : system_wrapper
| Device       : xc7z020
------------------------------------------------------------------------------------

Control Set Information

Table of Contents
-----------------
1. Summary
2. Flip-Flop Distribution

1. Summary
----------

+-------------------------------+-------+
|             Status            | Count |
+-------------------------------+-------+
| Number of unique control sets |   705 |
+-------------------------------+-------+


2. Flip-Flop Distribution
-------------------------

+--------------+-----------------------+------------------------+-----------------+--------------+
| Clock Enable | Synchronous Set/Reset | Asynchronous Set/Reset | Total Registers | Total Slices |
+--------------+-----------------------+------------------------+-----------------+--------------+
| No           | No                    | No                     |            4261 |         1223 |
| No           | No                    | Yes                    |              74 |           31 |
| No           | Yes                   | No                     |            2028 |          722 |
| Yes          | No                    | No                     |            4403 |         1315 |
| Yes          | No                    | Yes                    |              60 |           13 |
| Yes          | Yes                   | No                     |            6503 |         1860 |
+--------------+-----------------------+------------------------+-----------------+--------------+


