Copyright 1986-2017 Xilinx, Inc. All Rights Reserved.
--------------------------------------------------------------------------------------------------------------------------------------------------------------------------------
| Tool Version : Vivado v.2017.3 (win64) Build 2018833 Wed Oct  4 19:58:22 MDT 2017
| Date         : Fri Dec 22 02:37:12 2017
| Host         : Chill running 64-bit major release  (build 9200)
| Command      : report_methodology -file system_wrapper_methodology_drc_routed.rpt -pb system_wrapper_methodology_drc_routed.pb -rpx system_wrapper_methodology_drc_routed.rpx
| Design       : system_wrapper
| Device       : xc7z020clg400-1
| Speed File   : -1
| Design State : Routed
--------------------------------------------------------------------------------------------------------------------------------------------------------------------------------

Report Methodology

Table of Contents
-----------------
1. REPORT SUMMARY
2. REPORT DETAILS

1. REPORT SUMMARY
-----------------
            Netlist: netlist
          Floorplan: design_1
      Design limits: <entire design considered>
             Max violations: <unlimited>
             Violations found: 13
+-----------+----------+-------------------------------------------------------------+------------+
| Rule      | Severity | Description                                                 | Violations |
+-----------+----------+-------------------------------------------------------------+------------+
| PDRC-190  | Warning  | Suboptimally placed synchronized register chain             | 2          |
| TIMING-9  | Warning  | Unknown CDC Logic                                           | 1          |
| TIMING-18 | Warning  | Missing input or output delay                               | 4          |
| TIMING-30 | Warning  | Sub-optimal master source pin selection for generated clock | 1          |
| TIMING-36 | Warning  | Invalid Generated Clock due to missing edge propagation     | 1          |
| XDCB-5    | Warning  | Runtime inefficient way to find pin objects                 | 2          |
| XDCC-1    | Warning  | Scoped Clock constraint overwritten with the same name      | 1          |
| XDCC-7    | Warning  | Scoped Clock constraint overwritten on the same source      | 1          |
+-----------+----------+-------------------------------------------------------------+------------+

2. REPORT DETAILS
-----------------
PDRC-190#1 Warning
Suboptimally placed synchronized register chain  
The FDRE cell system_i/video/axi_vdma/U0/AXI_LITE_REG_INTERFACE_I/GEN_MM2S_LITE_CROSSINGS.GEN_MM2S_CROSSINGS_ASYNC.MM2S_INTRPT_CROSSING_I/GENERATE_LEVEL_P_S_CDC.SINGLE_BIT.CROSS_PLEVEL_IN2SCNDRY_s_level_out_d3 in site SLICE_X44Y74 is part of a synchronized register chain that is suboptimally placed as the load FDRE cell system_i/system_interrupts/U0/INTC_CORE_I/INTR_DETECT_GEN[1].ASYNC_GEN.intr_ff_reg[0] is not placed in the same (SLICE) site.
Related violations: <none>

PDRC-190#2 Warning
Suboptimally placed synchronized register chain  
The FDRE cell system_i/video/axi_vdma/U0/AXI_LITE_REG_INTERFACE_I/GEN_S2MM_LITE_CROSSINGS.GEN_S2MM_CROSSINGS_ASYNC.S2MM_INTRPT_CROSSING_I/GENERATE_LEVEL_P_S_CDC.SINGLE_BIT.CROSS_PLEVEL_IN2SCNDRY_s_level_out_d3 in site SLICE_X45Y75 is part of a synchronized register chain that is suboptimally placed as the load FDRE cell system_i/system_interrupts/U0/INTC_CORE_I/INTR_DETECT_GEN[0].ASYNC_GEN.intr_ff_reg[0] is not placed in the same (SLICE) site.
Related violations: <none>

TIMING-9#1 Warning
Unknown CDC Logic  
One or more asynchronous Clock Domain Crossing has been detected between 2 clock domains through a set_false_path or a set_clock_groups or set_max_delay -datapath_only constraint but no double-registers logic synchronizer has been found on the side of the capture clock. It is recommended to run report_cdc for a complete and detailed CDC coverage. Please consider using XPM_CDC to avoid Critical severities
Related violations: <none>

TIMING-18#1 Warning
Missing input or output delay  
An input delay is missing on hdmi_in_ddc_scl_io relative to clock(s) clk_fpga_2
Related violations: <none>

TIMING-18#2 Warning
Missing input or output delay  
An input delay is missing on hdmi_in_ddc_sda_io relative to clock(s) clk_fpga_2
Related violations: <none>

TIMING-18#3 Warning
Missing input or output delay  
An output delay is missing on hdmi_in_hpd[0] relative to clock(s) clk_fpga_0
Related violations: <none>

TIMING-18#4 Warning
Missing input or output delay  
An output delay is missing on hdmi_out_hpd[0] relative to clock(s) clk_fpga_0
Related violations: <none>

TIMING-30#1 Warning
Sub-optimal master source pin selection for generated clock  
The generated clock system_i/video/hdmi_out/frontend/rgb2dvi_0/U0/SerialClk has a sub-optimal master source pin selection, timing can be pessimistic
Related violations: <none>

TIMING-36#1 Warning
Invalid Generated Clock due to missing edge propagation  
There is no rising/falling edge propagation between master clock axi_dynclk_0_PXL_CLK_O to generated clock system_i/video/hdmi_out/frontend/rgb2dvi_0/U0/SerialClk
Related violations: <none>

XDCB-5#1 Warning
Runtime inefficient way to find pin objects  
The option '-through : [get_pins -filter {NAME =~ */SyncAsync*/oSyncStages_reg[0]/D} -hier]' of constraint 'set_false_path' uses inefficient query to find pin objects (see constraint position '17' in the Timing Constraint window in Vivado IDE). To reduce runtime, it is recommended to get the pins through the cell objects. Please refer to Using Constraints Guide (Constraints Efficiency). An example of optimal query is: get_pins -filter {REF_PIN_NAME=~yy*} -of_objects [get_cells -hierarchical xx*].
Current XDC: d:/Studie/RCD/PYNQ/PYNQ/Pynq-0_17-Z1/base/base/base.srcs/sources_1/bd/system/ip/system_dvi2rgb_0_0/src/dvi2rgb.xdc (Line: 12)
Related violations: <none>

XDCB-5#2 Warning
Runtime inefficient way to find pin objects  
The option '-through : [get_pins -filter {NAME =~ *SyncAsync*/oSyncStages_reg[0]/D} -hier]' of constraint 'set_false_path' uses inefficient query to find pin objects (see constraint position '21' in the Timing Constraint window in Vivado IDE). To reduce runtime, it is recommended to get the pins through the cell objects. Please refer to Using Constraints Guide (Constraints Efficiency). An example of optimal query is: get_pins -filter {REF_PIN_NAME=~yy*} -of_objects [get_cells -hierarchical xx*].
Current XDC: d:/Studie/RCD/PYNQ/PYNQ/Pynq-0_17-Z1/base/base/base.srcs/sources_1/bd/system/ip/system_rgb2dvi_0_0/src/rgb2dvi.xdc (Line: 5)
Related violations: <none>

XDCC-1#1 Warning
Scoped Clock constraint overwritten with the same name  
A new clock constraint create_clock overrides a previous scoped clock constraint with the same name. It is not recommended to override a scoped (typically an IP) clock constraint and could result in unexpected behaviors.
New: create_clock -period 8.334 -waveform {0.000 4.167} [get_ports hdmi_in_clk_p] (Source: D:/Studie/RCD/PYNQ/PYNQ/Pynq-0_17-Z1/base/top.xdc (Line: 34))
Previous: create_clock -period 6.060 [get_ports hdmi_in_clk_p] (Source: d:/Studie/RCD/PYNQ/PYNQ/Pynq-0_17-Z1/base/base/base.srcs/sources_1/bd/system/ip/system_dvi2rgb_0_0/src/dvi2rgb.xdc (Line: 3))
Related violations: <none>

XDCC-7#1 Warning
Scoped Clock constraint overwritten on the same source  
A new clock constraint create_clock overrides a previous scoped clock constraint defined on the same source. It is not recommended to override a scoped (typically an IP) clock constraint and could result in unexpected behaviors.
New: create_clock -period 8.334 -waveform {0.000 4.167} [get_ports hdmi_in_clk_p] (Source: D:/Studie/RCD/PYNQ/PYNQ/Pynq-0_17-Z1/base/top.xdc (Line: 34))
Previous: create_clock -period 6.060 [get_ports hdmi_in_clk_p] (Source: d:/Studie/RCD/PYNQ/PYNQ/Pynq-0_17-Z1/base/base/base.srcs/sources_1/bd/system/ip/system_dvi2rgb_0_0/src/dvi2rgb.xdc (Line: 3))
Related violations: <none>


